2025-08-28 23:17:17,382 | INFO | Starting Correlation Scanner Bot
2025-08-28 23:17:23,741 | INFO | Cycle 2025-08-28T20:17:23.741190+00:00 | timeframe=1h | lookback=500 | symbols=10 | pairs=45
2025-08-28 23:18:29,456 | INFO | Cycle 2025-08-28T20:18:29.456350+00:00 | timeframe=1h | lookback=500 | symbols=10 | pairs=45
2025-08-28 23:19:35,264 | INFO | Cycle 2025-08-28T20:19:35.264051+00:00 | timeframe=1h | lookback=500 | symbols=10 | pairs=45
2025-08-28 23:20:40,932 | INFO | Cycle 2025-08-28T20:20:40.932365+00:00 | timeframe=1h | lookback=500 | symbols=10 | pairs=45
2025-08-28 23:21:46,691 | INFO | Cycle 2025-08-28T20:21:46.691870+00:00 | timeframe=1h | lookback=500 | symbols=10 | pairs=45
2025-08-28 23:22:53,015 | INFO | Shutting down by user request.
2025-08-28 23:24:57,979 | INFO | Starting Correlation Scanner Bot
2025-08-28 23:25:03,873 | INFO | Cycle 2025-08-28T20:25:03.873316+00:00 | timeframe=1h | lookback=500 | symbols=10 | pairs=36
2025-08-28 23:25:03,921 | INFO | Scheduled every 1 minute(s)
2025-08-28 23:26:10,373 | INFO | Cycle 2025-08-28T20:26:10.373636+00:00 | timeframe=1h | lookback=500 | symbols=10 | pairs=36
2025-08-28 23:27:15,962 | INFO | Cycle 2025-08-28T20:27:15.962846+00:00 | timeframe=1h | lookback=500 | symbols=10 | pairs=36
2025-08-28 23:28:21,644 | INFO | Cycle 2025-08-28T20:28:21.644701+00:00 | timeframe=1h | lookback=500 | symbols=10 | pairs=36
2025-08-28 23:29:27,325 | INFO | Cycle 2025-08-28T20:29:27.325685+00:00 | timeframe=1h | lookback=500 | symbols=10 | pairs=36
2025-08-28 23:30:33,654 | INFO | Cycle 2025-08-28T20:30:33.654815+00:00 | timeframe=1h | lookback=500 | symbols=10 | pairs=36
2025-08-28 23:31:39,564 | INFO | Cycle 2025-08-28T20:31:39.564070+00:00 | timeframe=1h | lookback=500 | symbols=10 | pairs=36
2025-08-28 23:32:45,281 | INFO | Cycle 2025-08-28T20:32:45.281934+00:00 | timeframe=1h | lookback=500 | symbols=10 | pairs=36
2025-08-28 23:33:50,924 | INFO | Cycle 2025-08-28T20:33:50.924454+00:00 | timeframe=1h | lookback=500 | symbols=10 | pairs=36
2025-08-28 23:34:56,585 | INFO | Cycle 2025-08-28T20:34:56.585381+00:00 | timeframe=1h | lookback=500 | symbols=10 | pairs=36
2025-08-28 23:36:02,162 | INFO | Cycle 2025-08-28T20:36:02.162846+00:00 | timeframe=1h | lookback=500 | symbols=10 | pairs=36
2025-08-28 23:37:08,416 | INFO | Cycle 2025-08-28T20:37:08.416211+00:00 | timeframe=1h | lookback=500 | symbols=10 | pairs=36
2025-08-28 23:38:13,955 | INFO | Cycle 2025-08-28T20:38:13.955526+00:00 | timeframe=1h | lookback=500 | symbols=10 | pairs=36
2025-08-28 23:39:23,969 | INFO | Cycle 2025-08-28T20:39:23.969567+00:00 | timeframe=1h | lookback=500 | symbols=10 | pairs=36
2025-08-28 23:40:29,633 | INFO | Cycle 2025-08-28T20:40:29.633698+00:00 | timeframe=1h | lookback=500 | symbols=10 | pairs=36
2025-08-28 23:41:35,231 | INFO | Cycle 2025-08-28T20:41:35.231243+00:00 | timeframe=1h | lookback=500 | symbols=10 | pairs=36
2025-08-28 23:42:41,010 | INFO | Cycle 2025-08-28T20:42:41.009329+00:00 | timeframe=1h | lookback=500 | symbols=10 | pairs=36
2025-08-28 23:43:46,678 | INFO | Cycle 2025-08-28T20:43:46.678118+00:00 | timeframe=1h | lookback=500 | symbols=10 | pairs=36
2025-08-28 23:44:52,308 | INFO | Cycle 2025-08-28T20:44:52.308311+00:00 | timeframe=1h | lookback=500 | symbols=10 | pairs=36
2025-08-28 23:45:57,841 | INFO | Cycle 2025-08-28T20:45:57.841770+00:00 | timeframe=1h | lookback=500 | symbols=10 | pairs=36
2025-08-28 23:47:03,463 | INFO | Cycle 2025-08-28T20:47:03.463123+00:00 | timeframe=1h | lookback=500 | symbols=10 | pairs=36
2025-08-28 23:48:09,272 | INFO | Cycle 2025-08-28T20:48:09.272252+00:00 | timeframe=1h | lookback=500 | symbols=10 | pairs=36
2025-08-28 23:49:14,895 | INFO | Cycle 2025-08-28T20:49:14.895278+00:00 | timeframe=1h | lookback=500 | symbols=10 | pairs=36
2025-08-28 23:50:21,145 | INFO | Cycle 2025-08-28T20:50:21.144639+00:00 | timeframe=1h | lookback=500 | symbols=10 | pairs=36
2025-08-28 23:51:27,425 | INFO | Cycle 2025-08-28T20:51:27.425565+00:00 | timeframe=1h | lookback=500 | symbols=10 | pairs=36
2025-08-28 23:52:32,954 | INFO | Cycle 2025-08-28T20:52:32.954798+00:00 | timeframe=1h | lookback=500 | symbols=10 | pairs=36
2025-08-28 23:53:38,680 | INFO | Cycle 2025-08-28T20:53:38.680362+00:00 | timeframe=1h | lookback=500 | symbols=10 | pairs=36
2025-08-28 23:54:44,299 | INFO | Cycle 2025-08-28T20:54:44.299423+00:00 | timeframe=1h | lookback=500 | symbols=10 | pairs=36
2025-08-28 23:55:50,630 | INFO | Cycle 2025-08-28T20:55:50.630693+00:00 | timeframe=1h | lookback=500 | symbols=10 | pairs=36
2025-08-28 23:56:56,931 | INFO | Cycle 2025-08-28T20:56:56.931067+00:00 | timeframe=1h | lookback=500 | symbols=10 | pairs=36
2025-08-28 23:58:02,690 | INFO | Cycle 2025-08-28T20:58:02.690544+00:00 | timeframe=1h | lookback=500 | symbols=10 | pairs=36
2025-08-28 23:59:08,288 | INFO | Cycle 2025-08-28T20:59:08.288799+00:00 | timeframe=1h | lookback=500 | symbols=10 | pairs=36
2025-08-29 00:00:14,719 | INFO | Cycle 2025-08-28T21:00:14.719296+00:00 | timeframe=1h | lookback=500 | symbols=10 | pairs=36
2025-08-29 00:01:20,403 | INFO | Cycle 2025-08-28T21:01:20.403492+00:00 | timeframe=1h | lookback=500 | symbols=10 | pairs=36
2025-08-29 00:02:27,506 | INFO | Cycle 2025-08-28T21:02:27.506135+00:00 | timeframe=1h | lookback=500 | symbols=10 | pairs=36
2025-08-29 00:03:33,624 | INFO | Cycle 2025-08-28T21:03:33.624316+00:00 | timeframe=1h | lookback=500 | symbols=10 | pairs=36
2025-08-29 00:04:39,225 | INFO | Cycle 2025-08-28T21:04:39.225943+00:00 | timeframe=1h | lookback=500 | symbols=10 | pairs=36
2025-08-29 00:05:45,421 | INFO | Cycle 2025-08-28T21:05:45.421105+00:00 | timeframe=1h | lookback=500 | symbols=10 | pairs=36
2025-08-29 00:06:52,066 | INFO | Cycle 2025-08-28T21:06:52.066381+00:00 | timeframe=1h | lookback=500 | symbols=10 | pairs=36
2025-08-29 00:07:58,472 | INFO | Cycle 2025-08-28T21:07:58.472670+00:00 | timeframe=1h | lookback=500 | symbols=10 | pairs=36
2025-08-29 00:09:04,187 | INFO | Cycle 2025-08-28T21:09:04.187483+00:00 | timeframe=1h | lookback=500 | symbols=10 | pairs=36
2025-08-29 00:10:09,774 | INFO | Cycle 2025-08-28T21:10:09.774166+00:00 | timeframe=1h | lookback=500 | symbols=10 | pairs=36
2025-08-29 00:11:15,427 | INFO | Cycle 2025-08-28T21:11:15.427691+00:00 | timeframe=1h | lookback=500 | symbols=10 | pairs=36
2025-08-29 00:12:21,047 | INFO | Cycle 2025-08-28T21:12:21.047568+00:00 | timeframe=1h | lookback=500 | symbols=10 | pairs=36
2025-08-29 00:13:26,760 | INFO | Cycle 2025-08-28T21:13:26.760074+00:00 | timeframe=1h | lookback=500 | symbols=10 | pairs=36
2025-08-29 00:14:32,298 | INFO | Cycle 2025-08-28T21:14:32.298468+00:00 | timeframe=1h | lookback=500 | symbols=10 | pairs=36
2025-08-29 00:15:37,844 | INFO | Cycle 2025-08-28T21:15:37.844894+00:00 | timeframe=1h | lookback=500 | symbols=10 | pairs=36
2025-08-29 00:16:44,396 | INFO | Cycle 2025-08-28T21:16:44.396916+00:00 | timeframe=1h | lookback=500 | symbols=10 | pairs=36
2025-08-29 00:17:50,146 | INFO | Cycle 2025-08-28T21:17:50.146717+00:00 | timeframe=1h | lookback=500 | symbols=10 | pairs=36
2025-08-29 00:18:29,694 | INFO | Shutting down by user request.
2025-08-29 00:22:42,909 | INFO | Starting Correlation Scanner Bot
2025-08-29 00:23:02,416 | WARNING | RON/USDT: fetch_ohlcv failed: binance does not have market symbol RON/USDT
2025-08-29 00:23:03,869 | WARNING | SATS/USDT: fetch_ohlcv failed: binance does not have market symbol SATS/USDT
2025-08-29 00:23:05,607 | WARNING | ASI/USDT: fetch_ohlcv failed: binance does not have market symbol ASI/USDT
2025-08-29 00:23:10,802 | WARNING | AIOZ/USDT: fetch_ohlcv failed: binance does not have market symbol AIOZ/USDT
2025-08-29 00:23:11,382 | WARNING | BLAST/USDT: fetch_ohlcv failed: binance does not have market symbol BLAST/USDT
2025-08-29 00:23:23,869 | INFO | Cycle 2025-08-28T21:23:23.869231+00:00 | timeframe=1h | lookback=500 | symbols=95 | pairs=3916
2025-08-29 00:23:23,958 | INFO | Scheduled every 1 minute(s)
2025-08-29 00:24:43,166 | WARNING | RON/USDT: fetch_ohlcv failed: binance does not have market symbol RON/USDT
2025-08-29 00:24:44,609 | WARNING | SATS/USDT: fetch_ohlcv failed: binance does not have market symbol SATS/USDT
2025-08-29 00:24:46,329 | WARNING | ASI/USDT: fetch_ohlcv failed: binance does not have market symbol ASI/USDT
2025-08-29 00:24:51,482 | WARNING | AIOZ/USDT: fetch_ohlcv failed: binance does not have market symbol AIOZ/USDT
2025-08-29 00:24:52,052 | WARNING | BLAST/USDT: fetch_ohlcv failed: binance does not have market symbol BLAST/USDT
2025-08-29 00:25:03,987 | INFO | Cycle 2025-08-28T21:25:03.987333+00:00 | timeframe=1h | lookback=500 | symbols=95 | pairs=3916
2025-08-29 00:26:24,983 | WARNING | RON/USDT: fetch_ohlcv failed: binance does not have market symbol RON/USDT
2025-08-29 00:26:26,425 | WARNING | SATS/USDT: fetch_ohlcv failed: binance does not have market symbol SATS/USDT
2025-08-29 00:26:28,151 | WARNING | ASI/USDT: fetch_ohlcv failed: binance does not have market symbol ASI/USDT
2025-08-29 00:26:34,043 | WARNING | AIOZ/USDT: fetch_ohlcv failed: binance does not have market symbol AIOZ/USDT
2025-08-29 00:26:34,613 | WARNING | BLAST/USDT: fetch_ohlcv failed: binance does not have market symbol BLAST/USDT
2025-08-29 00:26:46,130 | INFO | Cycle 2025-08-28T21:26:46.130313+00:00 | timeframe=1h | lookback=500 | symbols=95 | pairs=3916
2025-08-29 00:28:05,708 | WARNING | RON/USDT: fetch_ohlcv failed: binance does not have market symbol RON/USDT
2025-08-29 00:28:07,140 | WARNING | SATS/USDT: fetch_ohlcv failed: binance does not have market symbol SATS/USDT
2025-08-29 00:28:08,858 | WARNING | ASI/USDT: fetch_ohlcv failed: binance does not have market symbol ASI/USDT
2025-08-29 00:28:14,025 | WARNING | AIOZ/USDT: fetch_ohlcv failed: binance does not have market symbol AIOZ/USDT
2025-08-29 00:28:14,595 | WARNING | BLAST/USDT: fetch_ohlcv failed: binance does not have market symbol BLAST/USDT
2025-08-29 00:28:26,174 | INFO | Cycle 2025-08-28T21:28:26.174269+00:00 | timeframe=1h | lookback=500 | symbols=95 | pairs=3916
2025-08-29 00:29:45,317 | WARNING | RON/USDT: fetch_ohlcv failed: binance does not have market symbol RON/USDT
2025-08-29 00:29:46,755 | WARNING | SATS/USDT: fetch_ohlcv failed: binance does not have market symbol SATS/USDT
2025-08-29 00:29:48,468 | WARNING | ASI/USDT: fetch_ohlcv failed: binance does not have market symbol ASI/USDT
2025-08-29 00:29:54,345 | WARNING | AIOZ/USDT: fetch_ohlcv failed: binance does not have market symbol AIOZ/USDT
2025-08-29 00:29:54,932 | WARNING | BLAST/USDT: fetch_ohlcv failed: binance does not have market symbol BLAST/USDT
2025-08-29 00:30:06,971 | INFO | Cycle 2025-08-28T21:30:06.971409+00:00 | timeframe=1h | lookback=500 | symbols=95 | pairs=3916
2025-08-29 00:31:27,706 | WARNING | RON/USDT: fetch_ohlcv failed: binance does not have market symbol RON/USDT
2025-08-29 00:31:29,145 | WARNING | SATS/USDT: fetch_ohlcv failed: binance does not have market symbol SATS/USDT
2025-08-29 00:31:30,872 | WARNING | ASI/USDT: fetch_ohlcv failed: binance does not have market symbol ASI/USDT
2025-08-29 00:31:37,005 | WARNING | AIOZ/USDT: fetch_ohlcv failed: binance does not have market symbol AIOZ/USDT
2025-08-29 00:31:37,577 | WARNING | BLAST/USDT: fetch_ohlcv failed: binance does not have market symbol BLAST/USDT
2025-08-29 00:31:51,780 | INFO | Cycle 2025-08-28T21:31:51.780560+00:00 | timeframe=1h | lookback=500 | symbols=95 | pairs=3916
2025-08-29 00:33:12,747 | WARNING | RON/USDT: fetch_ohlcv failed: binance does not have market symbol RON/USDT
2025-08-29 00:33:14,197 | WARNING | SATS/USDT: fetch_ohlcv failed: binance does not have market symbol SATS/USDT
2025-08-29 00:33:16,650 | WARNING | ASI/USDT: fetch_ohlcv failed: binance does not have market symbol ASI/USDT
2025-08-29 00:33:22,542 | WARNING | AIOZ/USDT: fetch_ohlcv failed: binance does not have market symbol AIOZ/USDT
2025-08-29 00:33:23,847 | WARNING | BLAST/USDT: fetch_ohlcv failed: binance does not have market symbol BLAST/USDT
2025-08-29 00:33:36,494 | INFO | Cycle 2025-08-28T21:33:36.494371+00:00 | timeframe=1h | lookback=500 | symbols=95 | pairs=3916
2025-08-29 00:34:56,016 | WARNING | RON/USDT: fetch_ohlcv failed: binance does not have market symbol RON/USDT
2025-08-29 00:34:57,456 | WARNING | SATS/USDT: fetch_ohlcv failed: binance does not have market symbol SATS/USDT
2025-08-29 00:34:59,203 | WARNING | ASI/USDT: fetch_ohlcv failed: binance does not have market symbol ASI/USDT
2025-08-29 00:35:06,271 | WARNING | AIOZ/USDT: fetch_ohlcv failed: binance does not have market symbol AIOZ/USDT
2025-08-29 00:35:07,567 | WARNING | BLAST/USDT: fetch_ohlcv failed: binance does not have market symbol BLAST/USDT
2025-08-29 00:35:20,140 | INFO | Cycle 2025-08-28T21:35:20.140909+00:00 | timeframe=1h | lookback=500 | symbols=95 | pairs=3916
2025-08-29 00:36:39,597 | WARNING | RON/USDT: fetch_ohlcv failed: binance does not have market symbol RON/USDT
2025-08-29 00:36:41,771 | WARNING | SATS/USDT: fetch_ohlcv failed: binance does not have market symbol SATS/USDT
2025-08-29 00:36:43,506 | WARNING | ASI/USDT: fetch_ohlcv failed: binance does not have market symbol ASI/USDT
2025-08-29 00:36:50,172 | WARNING | AIOZ/USDT: fetch_ohlcv failed: binance does not have market symbol AIOZ/USDT
2025-08-29 00:36:50,758 | WARNING | BLAST/USDT: fetch_ohlcv failed: binance does not have market symbol BLAST/USDT
2025-08-29 00:37:03,881 | INFO | Cycle 2025-08-28T21:37:03.881748+00:00 | timeframe=1h | lookback=500 | symbols=95 | pairs=3916
2025-08-29 00:38:23,137 | WARNING | RON/USDT: fetch_ohlcv failed: binance does not have market symbol RON/USDT
2025-08-29 00:38:24,563 | WARNING | SATS/USDT: fetch_ohlcv failed: binance does not have market symbol SATS/USDT
2025-08-29 00:38:26,276 | WARNING | ASI/USDT: fetch_ohlcv failed: binance does not have market symbol ASI/USDT
2025-08-29 00:38:32,141 | WARNING | AIOZ/USDT: fetch_ohlcv failed: binance does not have market symbol AIOZ/USDT
2025-08-29 00:38:32,713 | WARNING | BLAST/USDT: fetch_ohlcv failed: binance does not have market symbol BLAST/USDT
2025-08-29 00:38:45,136 | INFO | Cycle 2025-08-28T21:38:45.136211+00:00 | timeframe=1h | lookback=500 | symbols=95 | pairs=3916
2025-08-29 00:40:09,289 | WARNING | RON/USDT: fetch_ohlcv failed: binance does not have market symbol RON/USDT
2025-08-29 00:40:10,704 | WARNING | SATS/USDT: fetch_ohlcv failed: binance does not have market symbol SATS/USDT
2025-08-29 00:40:12,664 | WARNING | ASI/USDT: fetch_ohlcv failed: binance does not have market symbol ASI/USDT
2025-08-29 00:40:17,774 | WARNING | AIOZ/USDT: fetch_ohlcv failed: binance does not have market symbol AIOZ/USDT
2025-08-29 00:40:18,341 | WARNING | BLAST/USDT: fetch_ohlcv failed: binance does not have market symbol BLAST/USDT
2025-08-29 00:40:30,102 | INFO | Cycle 2025-08-28T21:40:30.102925+00:00 | timeframe=1h | lookback=500 | symbols=95 | pairs=3916
2025-08-29 00:41:49,449 | WARNING | RON/USDT: fetch_ohlcv failed: binance does not have market symbol RON/USDT
2025-08-29 00:41:50,883 | WARNING | SATS/USDT: fetch_ohlcv failed: binance does not have market symbol SATS/USDT
2025-08-29 00:41:52,603 | WARNING | ASI/USDT: fetch_ohlcv failed: binance does not have market symbol ASI/USDT
2025-08-29 00:41:58,463 | WARNING | AIOZ/USDT: fetch_ohlcv failed: binance does not have market symbol AIOZ/USDT
2025-08-29 00:41:59,032 | WARNING | BLAST/USDT: fetch_ohlcv failed: binance does not have market symbol BLAST/USDT
2025-08-29 00:42:09,535 | INFO | Cycle 2025-08-28T21:42:09.534084+00:00 | timeframe=1h | lookback=500 | symbols=95 | pairs=3916
2025-08-29 00:43:31,596 | WARNING | RON/USDT: fetch_ohlcv failed: binance does not have market symbol RON/USDT
2025-08-29 00:43:33,747 | WARNING | SATS/USDT: fetch_ohlcv failed: binance does not have market symbol SATS/USDT
2025-08-29 00:43:35,466 | WARNING | ASI/USDT: fetch_ohlcv failed: binance does not have market symbol ASI/USDT
2025-08-29 00:43:41,573 | WARNING | AIOZ/USDT: fetch_ohlcv failed: binance does not have market symbol AIOZ/USDT
2025-08-29 00:43:42,143 | WARNING | BLAST/USDT: fetch_ohlcv failed: binance does not have market symbol BLAST/USDT
2025-08-29 00:43:52,888 | INFO | Cycle 2025-08-28T21:43:52.888861+00:00 | timeframe=1h | lookback=500 | symbols=95 | pairs=3916
2025-08-29 00:45:15,104 | WARNING | RON/USDT: fetch_ohlcv failed: binance does not have market symbol RON/USDT
2025-08-29 00:45:16,555 | WARNING | SATS/USDT: fetch_ohlcv failed: binance does not have market symbol SATS/USDT
2025-08-29 00:45:19,745 | WARNING | ASI/USDT: fetch_ohlcv failed: binance does not have market symbol ASI/USDT
2025-08-29 00:45:26,123 | WARNING | AIOZ/USDT: fetch_ohlcv failed: binance does not have market symbol AIOZ/USDT
2025-08-29 00:45:27,429 | WARNING | BLAST/USDT: fetch_ohlcv failed: binance does not have market symbol BLAST/USDT
2025-08-29 00:45:40,987 | INFO | Cycle 2025-08-28T21:45:40.987232+00:00 | timeframe=1h | lookback=500 | symbols=95 | pairs=3916
2025-08-29 00:47:01,145 | WARNING | RON/USDT: fetch_ohlcv failed: binance does not have market symbol RON/USDT
2025-08-29 00:47:03,307 | WARNING | SATS/USDT: fetch_ohlcv failed: binance does not have market symbol SATS/USDT
2025-08-29 00:47:05,025 | WARNING | ASI/USDT: fetch_ohlcv failed: binance does not have market symbol ASI/USDT
2025-08-29 00:47:10,939 | WARNING | AIOZ/USDT: fetch_ohlcv failed: binance does not have market symbol AIOZ/USDT
2025-08-29 00:47:12,240 | WARNING | BLAST/USDT: fetch_ohlcv failed: binance does not have market symbol BLAST/USDT
2025-08-29 00:47:26,795 | INFO | Cycle 2025-08-28T21:47:26.794542+00:00 | timeframe=1h | lookback=500 | symbols=95 | pairs=3916
2025-08-29 00:48:46,840 | WARNING | RON/USDT: fetch_ohlcv failed: binance does not have market symbol RON/USDT
2025-08-29 00:48:48,995 | WARNING | SATS/USDT: fetch_ohlcv failed: binance does not have market symbol SATS/USDT
2025-08-29 00:48:50,739 | WARNING | ASI/USDT: fetch_ohlcv failed: binance does not have market symbol ASI/USDT
2025-08-29 00:48:56,616 | WARNING | AIOZ/USDT: fetch_ohlcv failed: binance does not have market symbol AIOZ/USDT
2025-08-29 00:48:57,191 | WARNING | BLAST/USDT: fetch_ohlcv failed: binance does not have market symbol BLAST/USDT
2025-08-29 00:49:09,316 | INFO | Cycle 2025-08-28T21:49:09.316876+00:00 | timeframe=1h | lookback=500 | symbols=95 | pairs=3916
2025-08-29 00:50:28,524 | WARNING | RON/USDT: fetch_ohlcv failed: binance does not have market symbol RON/USDT
2025-08-29 00:50:29,957 | WARNING | SATS/USDT: fetch_ohlcv failed: binance does not have market symbol SATS/USDT
2025-08-29 00:50:31,685 | WARNING | ASI/USDT: fetch_ohlcv failed: binance does not have market symbol ASI/USDT
2025-08-29 00:50:36,844 | WARNING | AIOZ/USDT: fetch_ohlcv failed: binance does not have market symbol AIOZ/USDT
2025-08-29 00:50:37,668 | WARNING | BLAST/USDT: fetch_ohlcv failed: binance does not have market symbol BLAST/USDT
2025-08-29 00:50:49,441 | INFO | Cycle 2025-08-28T21:50:49.441172+00:00 | timeframe=1h | lookback=500 | symbols=95 | pairs=3916
2025-08-29 00:52:10,300 | WARNING | RON/USDT: fetch_ohlcv failed: binance does not have market symbol RON/USDT
2025-08-29 00:52:12,470 | WARNING | SATS/USDT: fetch_ohlcv failed: binance does not have market symbol SATS/USDT
2025-08-29 00:52:14,217 | WARNING | ASI/USDT: fetch_ohlcv failed: binance does not have market symbol ASI/USDT
2025-08-29 00:52:19,445 | WARNING | AIOZ/USDT: fetch_ohlcv failed: binance does not have market symbol AIOZ/USDT
2025-08-29 00:52:20,026 | WARNING | BLAST/USDT: fetch_ohlcv failed: binance does not have market symbol BLAST/USDT
2025-08-29 00:52:31,972 | INFO | Cycle 2025-08-28T21:52:31.972650+00:00 | timeframe=1h | lookback=500 | symbols=95 | pairs=3916
2025-08-29 00:53:53,880 | WARNING | RON/USDT: fetch_ohlcv failed: binance does not have market symbol RON/USDT
2025-08-29 00:53:55,565 | WARNING | SATS/USDT: fetch_ohlcv failed: binance does not have market symbol SATS/USDT
2025-08-29 00:53:58,015 | WARNING | ASI/USDT: fetch_ohlcv failed: binance does not have market symbol ASI/USDT
2025-08-29 00:54:04,644 | WARNING | AIOZ/USDT: fetch_ohlcv failed: binance does not have market symbol AIOZ/USDT
2025-08-29 00:54:05,218 | WARNING | BLAST/USDT: fetch_ohlcv failed: binance does not have market symbol BLAST/USDT
2025-08-29 00:54:17,157 | INFO | Cycle 2025-08-28T21:54:17.157031+00:00 | timeframe=1h | lookback=500 | symbols=95 | pairs=3916
2025-08-29 00:55:42,086 | WARNING | RON/USDT: fetch_ohlcv failed: binance does not have market symbol RON/USDT
2025-08-29 00:55:43,753 | WARNING | SATS/USDT: fetch_ohlcv failed: binance does not have market symbol SATS/USDT
2025-08-29 00:55:45,459 | WARNING | ASI/USDT: fetch_ohlcv failed: binance does not have market symbol ASI/USDT
2025-08-29 00:55:50,827 | WARNING | AIOZ/USDT: fetch_ohlcv failed: binance does not have market symbol AIOZ/USDT
2025-08-29 00:55:51,405 | WARNING | BLAST/USDT: fetch_ohlcv failed: binance does not have market symbol BLAST/USDT
2025-08-29 00:56:03,220 | INFO | Cycle 2025-08-28T21:56:03.220652+00:00 | timeframe=1h | lookback=500 | symbols=95 | pairs=3916
2025-08-29 00:57:24,665 | WARNING | RON/USDT: fetch_ohlcv failed: binance does not have market symbol RON/USDT
2025-08-29 00:57:26,105 | WARNING | SATS/USDT: fetch_ohlcv failed: binance does not have market symbol SATS/USDT
2025-08-29 00:57:28,811 | WARNING | ASI/USDT: fetch_ohlcv failed: binance does not have market symbol ASI/USDT
2025-08-29 00:57:34,973 | WARNING | AIOZ/USDT: fetch_ohlcv failed: binance does not have market symbol AIOZ/USDT
2025-08-29 00:57:35,547 | WARNING | BLAST/USDT: fetch_ohlcv failed: binance does not have market symbol BLAST/USDT
2025-08-29 00:57:48,810 | INFO | Cycle 2025-08-28T21:57:48.810991+00:00 | timeframe=1h | lookback=500 | symbols=95 | pairs=3916
2025-08-29 00:59:11,870 | WARNING | RON/USDT: fetch_ohlcv failed: binance does not have market symbol RON/USDT
2025-08-29 00:59:13,772 | WARNING | SATS/USDT: fetch_ohlcv failed: binance does not have market symbol SATS/USDT
2025-08-29 00:59:16,449 | WARNING | ASI/USDT: fetch_ohlcv failed: binance does not have market symbol ASI/USDT
2025-08-29 00:59:23,265 | WARNING | AIOZ/USDT: fetch_ohlcv failed: binance does not have market symbol AIOZ/USDT
2025-08-29 00:59:23,838 | WARNING | BLAST/USDT: fetch_ohlcv failed: binance does not have market symbol BLAST/USDT
2025-08-29 00:59:36,000 | INFO | Cycle 2025-08-28T21:59:36.000981+00:00 | timeframe=1h | lookback=500 | symbols=95 | pairs=3916
2025-08-29 01:00:56,554 | WARNING | RON/USDT: fetch_ohlcv failed: binance does not have market symbol RON/USDT
2025-08-29 01:00:58,004 | WARNING | SATS/USDT: fetch_ohlcv failed: binance does not have market symbol SATS/USDT
2025-08-29 01:00:59,766 | WARNING | ASI/USDT: fetch_ohlcv failed: binance does not have market symbol ASI/USDT
2025-08-29 01:01:05,011 | WARNING | AIOZ/USDT: fetch_ohlcv failed: binance does not have market symbol AIOZ/USDT
2025-08-29 01:01:05,596 | WARNING | BLAST/USDT: fetch_ohlcv failed: binance does not have market symbol BLAST/USDT
2025-08-29 01:01:19,660 | INFO | Cycle 2025-08-28T22:01:19.660131+00:00 | timeframe=1h | lookback=500 | symbols=95 | pairs=3916
2025-08-29 01:02:40,390 | WARNING | RON/USDT: fetch_ohlcv failed: binance does not have market symbol RON/USDT
2025-08-29 01:02:41,844 | WARNING | SATS/USDT: fetch_ohlcv failed: binance does not have market symbol SATS/USDT
2025-08-29 01:02:43,596 | WARNING | ASI/USDT: fetch_ohlcv failed: binance does not have market symbol ASI/USDT
2025-08-29 01:02:48,812 | WARNING | AIOZ/USDT: fetch_ohlcv failed: binance does not have market symbol AIOZ/USDT
2025-08-29 01:02:49,387 | WARNING | BLAST/USDT: fetch_ohlcv failed: binance does not have market symbol BLAST/USDT
2025-08-29 01:03:03,110 | INFO | Cycle 2025-08-28T22:03:03.110766+00:00 | timeframe=1h | lookback=500 | symbols=95 | pairs=3916
2025-08-29 01:41:57,470 | ERROR | Cycle failed: binance GET https://api.binance.com/api/v3/exchangeInfo
Traceback (most recent call last):
  File "C:\Users\User\AppData\Local\Programs\Python\Python312\Lib\site-packages\urllib3\connection.py", line 196, in _new_conn
    sock = connection.create_connection(
           ^^^^^^^^^^^^^^^^^^^^^^^^^^^^^
  File "C:\Users\User\AppData\Local\Programs\Python\Python312\Lib\site-packages\urllib3\util\connection.py", line 60, in create_connection
    for res in socket.getaddrinfo(host, port, family, socket.SOCK_STREAM):
               ^^^^^^^^^^^^^^^^^^^^^^^^^^^^^^^^^^^^^^^^^^^^^^^^^^^^^^^^^^
  File "C:\Users\User\AppData\Local\Programs\Python\Python312\Lib\socket.py", line 976, in getaddrinfo
    for res in _socket.getaddrinfo(host, port, family, type, proto, flags):
               ^^^^^^^^^^^^^^^^^^^^^^^^^^^^^^^^^^^^^^^^^^^^^^^^^^^^^^^^^^^
socket.gaierror: [Errno 11001] getaddrinfo failed

The above exception was the direct cause of the following exception:

Traceback (most recent call last):
  File "C:\Users\User\AppData\Local\Programs\Python\Python312\Lib\site-packages\urllib3\connectionpool.py", line 789, in urlopen
    response = self._make_request(
               ^^^^^^^^^^^^^^^^^^^
  File "C:\Users\User\AppData\Local\Programs\Python\Python312\Lib\site-packages\urllib3\connectionpool.py", line 490, in _make_request
    raise new_e
  File "C:\Users\User\AppData\Local\Programs\Python\Python312\Lib\site-packages\urllib3\connectionpool.py", line 466, in _make_request
    self._validate_conn(conn)
  File "C:\Users\User\AppData\Local\Programs\Python\Python312\Lib\site-packages\urllib3\connectionpool.py", line 1095, in _validate_conn
    conn.connect()
  File "C:\Users\User\AppData\Local\Programs\Python\Python312\Lib\site-packages\urllib3\connection.py", line 615, in connect
    self.sock = sock = self._new_conn()
                       ^^^^^^^^^^^^^^^^
  File "C:\Users\User\AppData\Local\Programs\Python\Python312\Lib\site-packages\urllib3\connection.py", line 203, in _new_conn
    raise NameResolutionError(self.host, self, e) from e
urllib3.exceptions.NameResolutionError: <urllib3.connection.HTTPSConnection object at 0x000002080456DEB0>: Failed to resolve 'api.binance.com' ([Errno 11001] getaddrinfo failed)

The above exception was the direct cause of the following exception:

Traceback (most recent call last):
  File "C:\Users\User\AppData\Local\Programs\Python\Python312\Lib\site-packages\requests\adapters.py", line 667, in send
    resp = conn.urlopen(
           ^^^^^^^^^^^^^
  File "C:\Users\User\AppData\Local\Programs\Python\Python312\Lib\site-packages\urllib3\connectionpool.py", line 843, in urlopen
    retries = retries.increment(
              ^^^^^^^^^^^^^^^^^^
  File "C:\Users\User\AppData\Local\Programs\Python\Python312\Lib\site-packages\urllib3\util\retry.py", line 519, in increment
    raise MaxRetryError(_pool, url, reason) from reason  # type: ignore[arg-type]
    ^^^^^^^^^^^^^^^^^^^^^^^^^^^^^^^^^^^^^^^^^^^^^^^^^^^
urllib3.exceptions.MaxRetryError: HTTPSConnectionPool(host='api.binance.com', port=443): Max retries exceeded with url: /api/v3/exchangeInfo (Caused by NameResolutionError("<urllib3.connection.HTTPSConnection object at 0x000002080456DEB0>: Failed to resolve 'api.binance.com' ([Errno 11001] getaddrinfo failed)"))

During handling of the above exception, another exception occurred:

Traceback (most recent call last):
  File "C:\Users\User\AppData\Local\Programs\Python\Python312\Lib\site-packages\ccxt\base\exchange.py", line 554, in fetch
    response = self.session.request(
               ^^^^^^^^^^^^^^^^^^^^^
  File "C:\Users\User\AppData\Local\Programs\Python\Python312\Lib\site-packages\requests\sessions.py", line 589, in request
    resp = self.send(prep, **send_kwargs)
           ^^^^^^^^^^^^^^^^^^^^^^^^^^^^^^
  File "C:\Users\User\AppData\Local\Programs\Python\Python312\Lib\site-packages\requests\sessions.py", line 703, in send
    r = adapter.send(request, **kwargs)
        ^^^^^^^^^^^^^^^^^^^^^^^^^^^^^^^
  File "C:\Users\User\AppData\Local\Programs\Python\Python312\Lib\site-packages\requests\adapters.py", line 700, in send
    raise ConnectionError(e, request=request)
requests.exceptions.ConnectionError: HTTPSConnectionPool(host='api.binance.com', port=443): Max retries exceeded with url: /api/v3/exchangeInfo (Caused by NameResolutionError("<urllib3.connection.HTTPSConnection object at 0x000002080456DEB0>: Failed to resolve 'api.binance.com' ([Errno 11001] getaddrinfo failed)"))

The above exception was the direct cause of the following exception:

Traceback (most recent call last):
  File "C:\Users\User\Projects\cbbot-corr-volatility\correlation_bot.py", line 208, in run_cycle
    exchange = get_exchange()
               ^^^^^^^^^^^^^^
  File "C:\Users\User\Projects\cbbot-corr-volatility\correlation_bot.py", line 117, in get_exchange
    ex.load_markets()
  File "C:\Users\User\AppData\Local\Programs\Python\Python312\Lib\site-packages\ccxt\base\exchange.py", line 1516, in load_markets
    markets = self.fetch_markets(params)
              ^^^^^^^^^^^^^^^^^^^^^^^^^^
  File "C:\Users\User\AppData\Local\Programs\Python\Python312\Lib\site-packages\ccxt\binance.py", line 3087, in fetch_markets
    promisesRaw.append(self.publicGetExchangeInfo(params))
                       ^^^^^^^^^^^^^^^^^^^^^^^^^^^^^^^^^^
  File "C:\Users\User\AppData\Local\Programs\Python\Python312\Lib\site-packages\ccxt\base\types.py", line 35, in unbound_method
    return _self.request(self.path, self.api, self.method, params, config=self.config)
           ^^^^^^^^^^^^^^^^^^^^^^^^^^^^^^^^^^^^^^^^^^^^^^^^^^^^^^^^^^^^^^^^^^^^^^^^^^^
  File "C:\Users\User\AppData\Local\Programs\Python\Python312\Lib\site-packages\ccxt\binance.py", line 11235, in request
    response = self.fetch2(path, api, method, params, headers, body, config)
               ^^^^^^^^^^^^^^^^^^^^^^^^^^^^^^^^^^^^^^^^^^^^^^^^^^^^^^^^^^^^^
  File "C:\Users\User\AppData\Local\Programs\Python\Python312\Lib\site-packages\ccxt\base\exchange.py", line 4240, in fetch2
    raise e
  File "C:\Users\User\AppData\Local\Programs\Python\Python312\Lib\site-packages\ccxt\base\exchange.py", line 4231, in fetch2
    return self.fetch(request['url'], request['method'], request['headers'], request['body'])
           ^^^^^^^^^^^^^^^^^^^^^^^^^^^^^^^^^^^^^^^^^^^^^^^^^^^^^^^^^^^^^^^^^^^^^^^^^^^^^^^^^^
  File "C:\Users\User\AppData\Local\Programs\Python\Python312\Lib\site-packages\ccxt\base\exchange.py", line 607, in fetch
    raise NetworkError(details) from e
ccxt.base.errors.NetworkError: binance GET https://api.binance.com/api/v3/exchangeInfo
2025-08-29 02:03:51,688 | ERROR | Cycle failed: binance GET https://api.binance.com/api/v3/exchangeInfo
Traceback (most recent call last):
  File "C:\Users\User\AppData\Local\Programs\Python\Python312\Lib\site-packages\urllib3\connection.py", line 196, in _new_conn
    sock = connection.create_connection(
           ^^^^^^^^^^^^^^^^^^^^^^^^^^^^^
  File "C:\Users\User\AppData\Local\Programs\Python\Python312\Lib\site-packages\urllib3\util\connection.py", line 60, in create_connection
    for res in socket.getaddrinfo(host, port, family, socket.SOCK_STREAM):
               ^^^^^^^^^^^^^^^^^^^^^^^^^^^^^^^^^^^^^^^^^^^^^^^^^^^^^^^^^^
  File "C:\Users\User\AppData\Local\Programs\Python\Python312\Lib\socket.py", line 976, in getaddrinfo
    for res in _socket.getaddrinfo(host, port, family, type, proto, flags):
               ^^^^^^^^^^^^^^^^^^^^^^^^^^^^^^^^^^^^^^^^^^^^^^^^^^^^^^^^^^^
socket.gaierror: [Errno 11001] getaddrinfo failed

The above exception was the direct cause of the following exception:

Traceback (most recent call last):
  File "C:\Users\User\AppData\Local\Programs\Python\Python312\Lib\site-packages\urllib3\connectionpool.py", line 789, in urlopen
    response = self._make_request(
               ^^^^^^^^^^^^^^^^^^^
  File "C:\Users\User\AppData\Local\Programs\Python\Python312\Lib\site-packages\urllib3\connectionpool.py", line 490, in _make_request
    raise new_e
  File "C:\Users\User\AppData\Local\Programs\Python\Python312\Lib\site-packages\urllib3\connectionpool.py", line 466, in _make_request
    self._validate_conn(conn)
  File "C:\Users\User\AppData\Local\Programs\Python\Python312\Lib\site-packages\urllib3\connectionpool.py", line 1095, in _validate_conn
    conn.connect()
  File "C:\Users\User\AppData\Local\Programs\Python\Python312\Lib\site-packages\urllib3\connection.py", line 615, in connect
    self.sock = sock = self._new_conn()
                       ^^^^^^^^^^^^^^^^
  File "C:\Users\User\AppData\Local\Programs\Python\Python312\Lib\site-packages\urllib3\connection.py", line 203, in _new_conn
    raise NameResolutionError(self.host, self, e) from e
urllib3.exceptions.NameResolutionError: <urllib3.connection.HTTPSConnection object at 0x000002080456F5F0>: Failed to resolve 'api.binance.com' ([Errno 11001] getaddrinfo failed)

The above exception was the direct cause of the following exception:

Traceback (most recent call last):
  File "C:\Users\User\AppData\Local\Programs\Python\Python312\Lib\site-packages\requests\adapters.py", line 667, in send
    resp = conn.urlopen(
           ^^^^^^^^^^^^^
  File "C:\Users\User\AppData\Local\Programs\Python\Python312\Lib\site-packages\urllib3\connectionpool.py", line 843, in urlopen
    retries = retries.increment(
              ^^^^^^^^^^^^^^^^^^
  File "C:\Users\User\AppData\Local\Programs\Python\Python312\Lib\site-packages\urllib3\util\retry.py", line 519, in increment
    raise MaxRetryError(_pool, url, reason) from reason  # type: ignore[arg-type]
    ^^^^^^^^^^^^^^^^^^^^^^^^^^^^^^^^^^^^^^^^^^^^^^^^^^^
urllib3.exceptions.MaxRetryError: HTTPSConnectionPool(host='api.binance.com', port=443): Max retries exceeded with url: /api/v3/exchangeInfo (Caused by NameResolutionError("<urllib3.connection.HTTPSConnection object at 0x000002080456F5F0>: Failed to resolve 'api.binance.com' ([Errno 11001] getaddrinfo failed)"))

During handling of the above exception, another exception occurred:

Traceback (most recent call last):
  File "C:\Users\User\AppData\Local\Programs\Python\Python312\Lib\site-packages\ccxt\base\exchange.py", line 554, in fetch
    response = self.session.request(
               ^^^^^^^^^^^^^^^^^^^^^
  File "C:\Users\User\AppData\Local\Programs\Python\Python312\Lib\site-packages\requests\sessions.py", line 589, in request
    resp = self.send(prep, **send_kwargs)
           ^^^^^^^^^^^^^^^^^^^^^^^^^^^^^^
  File "C:\Users\User\AppData\Local\Programs\Python\Python312\Lib\site-packages\requests\sessions.py", line 703, in send
    r = adapter.send(request, **kwargs)
        ^^^^^^^^^^^^^^^^^^^^^^^^^^^^^^^
  File "C:\Users\User\AppData\Local\Programs\Python\Python312\Lib\site-packages\requests\adapters.py", line 700, in send
    raise ConnectionError(e, request=request)
requests.exceptions.ConnectionError: HTTPSConnectionPool(host='api.binance.com', port=443): Max retries exceeded with url: /api/v3/exchangeInfo (Caused by NameResolutionError("<urllib3.connection.HTTPSConnection object at 0x000002080456F5F0>: Failed to resolve 'api.binance.com' ([Errno 11001] getaddrinfo failed)"))

The above exception was the direct cause of the following exception:

Traceback (most recent call last):
  File "C:\Users\User\Projects\cbbot-corr-volatility\correlation_bot.py", line 208, in run_cycle
    exchange = get_exchange()
               ^^^^^^^^^^^^^^
  File "C:\Users\User\Projects\cbbot-corr-volatility\correlation_bot.py", line 117, in get_exchange
    ex.load_markets()
  File "C:\Users\User\AppData\Local\Programs\Python\Python312\Lib\site-packages\ccxt\base\exchange.py", line 1516, in load_markets
    markets = self.fetch_markets(params)
              ^^^^^^^^^^^^^^^^^^^^^^^^^^
  File "C:\Users\User\AppData\Local\Programs\Python\Python312\Lib\site-packages\ccxt\binance.py", line 3087, in fetch_markets
    promisesRaw.append(self.publicGetExchangeInfo(params))
                       ^^^^^^^^^^^^^^^^^^^^^^^^^^^^^^^^^^
  File "C:\Users\User\AppData\Local\Programs\Python\Python312\Lib\site-packages\ccxt\base\types.py", line 35, in unbound_method
    return _self.request(self.path, self.api, self.method, params, config=self.config)
           ^^^^^^^^^^^^^^^^^^^^^^^^^^^^^^^^^^^^^^^^^^^^^^^^^^^^^^^^^^^^^^^^^^^^^^^^^^^
  File "C:\Users\User\AppData\Local\Programs\Python\Python312\Lib\site-packages\ccxt\binance.py", line 11235, in request
    response = self.fetch2(path, api, method, params, headers, body, config)
               ^^^^^^^^^^^^^^^^^^^^^^^^^^^^^^^^^^^^^^^^^^^^^^^^^^^^^^^^^^^^^
  File "C:\Users\User\AppData\Local\Programs\Python\Python312\Lib\site-packages\ccxt\base\exchange.py", line 4240, in fetch2
    raise e
  File "C:\Users\User\AppData\Local\Programs\Python\Python312\Lib\site-packages\ccxt\base\exchange.py", line 4231, in fetch2
    return self.fetch(request['url'], request['method'], request['headers'], request['body'])
           ^^^^^^^^^^^^^^^^^^^^^^^^^^^^^^^^^^^^^^^^^^^^^^^^^^^^^^^^^^^^^^^^^^^^^^^^^^^^^^^^^^
  File "C:\Users\User\AppData\Local\Programs\Python\Python312\Lib\site-packages\ccxt\base\exchange.py", line 607, in fetch
    raise NetworkError(details) from e
ccxt.base.errors.NetworkError: binance GET https://api.binance.com/api/v3/exchangeInfo
2025-08-29 13:44:02,150 | ERROR | Cycle failed: binance GET https://api.binance.com/api/v3/exchangeInfo
Traceback (most recent call last):
  File "C:\Users\User\AppData\Local\Programs\Python\Python312\Lib\site-packages\urllib3\connection.py", line 196, in _new_conn
    sock = connection.create_connection(
           ^^^^^^^^^^^^^^^^^^^^^^^^^^^^^
  File "C:\Users\User\AppData\Local\Programs\Python\Python312\Lib\site-packages\urllib3\util\connection.py", line 60, in create_connection
    for res in socket.getaddrinfo(host, port, family, socket.SOCK_STREAM):
               ^^^^^^^^^^^^^^^^^^^^^^^^^^^^^^^^^^^^^^^^^^^^^^^^^^^^^^^^^^
  File "C:\Users\User\AppData\Local\Programs\Python\Python312\Lib\socket.py", line 976, in getaddrinfo
    for res in _socket.getaddrinfo(host, port, family, type, proto, flags):
               ^^^^^^^^^^^^^^^^^^^^^^^^^^^^^^^^^^^^^^^^^^^^^^^^^^^^^^^^^^^
socket.gaierror: [Errno 11001] getaddrinfo failed

The above exception was the direct cause of the following exception:

Traceback (most recent call last):
  File "C:\Users\User\AppData\Local\Programs\Python\Python312\Lib\site-packages\urllib3\connectionpool.py", line 789, in urlopen
    response = self._make_request(
               ^^^^^^^^^^^^^^^^^^^
  File "C:\Users\User\AppData\Local\Programs\Python\Python312\Lib\site-packages\urllib3\connectionpool.py", line 490, in _make_request
    raise new_e
  File "C:\Users\User\AppData\Local\Programs\Python\Python312\Lib\site-packages\urllib3\connectionpool.py", line 466, in _make_request
    self._validate_conn(conn)
  File "C:\Users\User\AppData\Local\Programs\Python\Python312\Lib\site-packages\urllib3\connectionpool.py", line 1095, in _validate_conn
    conn.connect()
  File "C:\Users\User\AppData\Local\Programs\Python\Python312\Lib\site-packages\urllib3\connection.py", line 615, in connect
    self.sock = sock = self._new_conn()
                       ^^^^^^^^^^^^^^^^
  File "C:\Users\User\AppData\Local\Programs\Python\Python312\Lib\site-packages\urllib3\connection.py", line 203, in _new_conn
    raise NameResolutionError(self.host, self, e) from e
urllib3.exceptions.NameResolutionError: <urllib3.connection.HTTPSConnection object at 0x000002080456FDD0>: Failed to resolve 'api.binance.com' ([Errno 11001] getaddrinfo failed)

The above exception was the direct cause of the following exception:

Traceback (most recent call last):
  File "C:\Users\User\AppData\Local\Programs\Python\Python312\Lib\site-packages\requests\adapters.py", line 667, in send
    resp = conn.urlopen(
           ^^^^^^^^^^^^^
  File "C:\Users\User\AppData\Local\Programs\Python\Python312\Lib\site-packages\urllib3\connectionpool.py", line 843, in urlopen
    retries = retries.increment(
              ^^^^^^^^^^^^^^^^^^
  File "C:\Users\User\AppData\Local\Programs\Python\Python312\Lib\site-packages\urllib3\util\retry.py", line 519, in increment
    raise MaxRetryError(_pool, url, reason) from reason  # type: ignore[arg-type]
    ^^^^^^^^^^^^^^^^^^^^^^^^^^^^^^^^^^^^^^^^^^^^^^^^^^^
urllib3.exceptions.MaxRetryError: HTTPSConnectionPool(host='api.binance.com', port=443): Max retries exceeded with url: /api/v3/exchangeInfo (Caused by NameResolutionError("<urllib3.connection.HTTPSConnection object at 0x000002080456FDD0>: Failed to resolve 'api.binance.com' ([Errno 11001] getaddrinfo failed)"))

During handling of the above exception, another exception occurred:

Traceback (most recent call last):
  File "C:\Users\User\AppData\Local\Programs\Python\Python312\Lib\site-packages\ccxt\base\exchange.py", line 554, in fetch
    response = self.session.request(
               ^^^^^^^^^^^^^^^^^^^^^
  File "C:\Users\User\AppData\Local\Programs\Python\Python312\Lib\site-packages\requests\sessions.py", line 589, in request
    resp = self.send(prep, **send_kwargs)
           ^^^^^^^^^^^^^^^^^^^^^^^^^^^^^^
  File "C:\Users\User\AppData\Local\Programs\Python\Python312\Lib\site-packages\requests\sessions.py", line 703, in send
    r = adapter.send(request, **kwargs)
        ^^^^^^^^^^^^^^^^^^^^^^^^^^^^^^^
  File "C:\Users\User\AppData\Local\Programs\Python\Python312\Lib\site-packages\requests\adapters.py", line 700, in send
    raise ConnectionError(e, request=request)
requests.exceptions.ConnectionError: HTTPSConnectionPool(host='api.binance.com', port=443): Max retries exceeded with url: /api/v3/exchangeInfo (Caused by NameResolutionError("<urllib3.connection.HTTPSConnection object at 0x000002080456FDD0>: Failed to resolve 'api.binance.com' ([Errno 11001] getaddrinfo failed)"))

The above exception was the direct cause of the following exception:

Traceback (most recent call last):
  File "C:\Users\User\Projects\cbbot-corr-volatility\correlation_bot.py", line 208, in run_cycle
    exchange = get_exchange()
               ^^^^^^^^^^^^^^
  File "C:\Users\User\Projects\cbbot-corr-volatility\correlation_bot.py", line 117, in get_exchange
    ex.load_markets()
  File "C:\Users\User\AppData\Local\Programs\Python\Python312\Lib\site-packages\ccxt\base\exchange.py", line 1516, in load_markets
    markets = self.fetch_markets(params)
              ^^^^^^^^^^^^^^^^^^^^^^^^^^
  File "C:\Users\User\AppData\Local\Programs\Python\Python312\Lib\site-packages\ccxt\binance.py", line 3087, in fetch_markets
    promisesRaw.append(self.publicGetExchangeInfo(params))
                       ^^^^^^^^^^^^^^^^^^^^^^^^^^^^^^^^^^
  File "C:\Users\User\AppData\Local\Programs\Python\Python312\Lib\site-packages\ccxt\base\types.py", line 35, in unbound_method
    return _self.request(self.path, self.api, self.method, params, config=self.config)
           ^^^^^^^^^^^^^^^^^^^^^^^^^^^^^^^^^^^^^^^^^^^^^^^^^^^^^^^^^^^^^^^^^^^^^^^^^^^
  File "C:\Users\User\AppData\Local\Programs\Python\Python312\Lib\site-packages\ccxt\binance.py", line 11235, in request
    response = self.fetch2(path, api, method, params, headers, body, config)
               ^^^^^^^^^^^^^^^^^^^^^^^^^^^^^^^^^^^^^^^^^^^^^^^^^^^^^^^^^^^^^
  File "C:\Users\User\AppData\Local\Programs\Python\Python312\Lib\site-packages\ccxt\base\exchange.py", line 4240, in fetch2
    raise e
  File "C:\Users\User\AppData\Local\Programs\Python\Python312\Lib\site-packages\ccxt\base\exchange.py", line 4231, in fetch2
    return self.fetch(request['url'], request['method'], request['headers'], request['body'])
           ^^^^^^^^^^^^^^^^^^^^^^^^^^^^^^^^^^^^^^^^^^^^^^^^^^^^^^^^^^^^^^^^^^^^^^^^^^^^^^^^^^
  File "C:\Users\User\AppData\Local\Programs\Python\Python312\Lib\site-packages\ccxt\base\exchange.py", line 607, in fetch
    raise NetworkError(details) from e
ccxt.base.errors.NetworkError: binance GET https://api.binance.com/api/v3/exchangeInfo
2025-08-29 13:45:01,993 | INFO | Shutting down by user request.
2025-08-29 13:45:17,488 | INFO | Starting Correlation Scanner Bot
2025-08-29 13:45:36,908 | WARNING | RON/USDT: fetch_ohlcv failed: binance does not have market symbol RON/USDT
2025-08-29 13:45:38,381 | WARNING | SATS/USDT: fetch_ohlcv failed: binance does not have market symbol SATS/USDT
2025-08-29 13:45:40,147 | WARNING | ASI/USDT: fetch_ohlcv failed: binance does not have market symbol ASI/USDT
2025-08-29 13:45:45,451 | WARNING | AIOZ/USDT: fetch_ohlcv failed: binance does not have market symbol AIOZ/USDT
2025-08-29 13:45:46,038 | WARNING | BLAST/USDT: fetch_ohlcv failed: binance does not have market symbol BLAST/USDT
2025-08-29 13:46:01,478 | INFO | Cycle 2025-08-29T10:46:01.478431+00:00 | timeframe=1h | lookback=500 | symbols=95 | pairs=3916
2025-08-29 13:46:01,530 | INFO | Scheduled every 1 minute(s)
2025-08-29 13:47:22,572 | WARNING | RON/USDT: fetch_ohlcv failed: binance does not have market symbol RON/USDT
2025-08-29 13:47:24,017 | WARNING | SATS/USDT: fetch_ohlcv failed: binance does not have market symbol SATS/USDT
2025-08-29 13:47:25,762 | WARNING | ASI/USDT: fetch_ohlcv failed: binance does not have market symbol ASI/USDT
2025-08-29 13:47:30,991 | WARNING | AIOZ/USDT: fetch_ohlcv failed: binance does not have market symbol AIOZ/USDT
2025-08-29 13:47:31,563 | WARNING | BLAST/USDT: fetch_ohlcv failed: binance does not have market symbol BLAST/USDT
2025-08-29 13:47:47,871 | INFO | Cycle 2025-08-29T10:47:47.871117+00:00 | timeframe=1h | lookback=500 | symbols=95 | pairs=3916
2025-08-29 13:49:13,177 | WARNING | RON/USDT: fetch_ohlcv failed: binance does not have market symbol RON/USDT
2025-08-29 13:49:14,629 | WARNING | SATS/USDT: fetch_ohlcv failed: binance does not have market symbol SATS/USDT
2025-08-29 13:49:16,375 | WARNING | ASI/USDT: fetch_ohlcv failed: binance does not have market symbol ASI/USDT
2025-08-29 13:49:22,090 | WARNING | AIOZ/USDT: fetch_ohlcv failed: binance does not have market symbol AIOZ/USDT
2025-08-29 13:49:22,673 | WARNING | BLAST/USDT: fetch_ohlcv failed: binance does not have market symbol BLAST/USDT
2025-08-29 13:49:39,568 | INFO | Cycle 2025-08-29T10:49:39.568763+00:00 | timeframe=1h | lookback=500 | symbols=95 | pairs=3916
2025-08-29 13:50:59,698 | WARNING | RON/USDT: fetch_ohlcv failed: binance does not have market symbol RON/USDT
2025-08-29 13:51:01,149 | WARNING | SATS/USDT: fetch_ohlcv failed: binance does not have market symbol SATS/USDT
2025-08-29 13:51:03,633 | WARNING | ASI/USDT: fetch_ohlcv failed: binance does not have market symbol ASI/USDT
2025-08-29 13:51:09,660 | WARNING | AIOZ/USDT: fetch_ohlcv failed: binance does not have market symbol AIOZ/USDT
2025-08-29 13:51:10,254 | WARNING | BLAST/USDT: fetch_ohlcv failed: binance does not have market symbol BLAST/USDT
2025-08-29 13:51:25,058 | INFO | Cycle 2025-08-29T10:51:25.058186+00:00 | timeframe=1h | lookback=500 | symbols=95 | pairs=3916
2025-08-29 13:53:01,416 | ERROR | Cycle failed: binance GET https://api.binance.com/api/v3/exchangeInfo
Traceback (most recent call last):
  File "C:\Users\User\AppData\Local\Programs\Python\Python312\Lib\site-packages\urllib3\connection.py", line 196, in _new_conn
    sock = connection.create_connection(
           ^^^^^^^^^^^^^^^^^^^^^^^^^^^^^
  File "C:\Users\User\AppData\Local\Programs\Python\Python312\Lib\site-packages\urllib3\util\connection.py", line 60, in create_connection
    for res in socket.getaddrinfo(host, port, family, socket.SOCK_STREAM):
               ^^^^^^^^^^^^^^^^^^^^^^^^^^^^^^^^^^^^^^^^^^^^^^^^^^^^^^^^^^
  File "C:\Users\User\AppData\Local\Programs\Python\Python312\Lib\socket.py", line 976, in getaddrinfo
    for res in _socket.getaddrinfo(host, port, family, type, proto, flags):
               ^^^^^^^^^^^^^^^^^^^^^^^^^^^^^^^^^^^^^^^^^^^^^^^^^^^^^^^^^^^
socket.gaierror: [Errno 11001] getaddrinfo failed

The above exception was the direct cause of the following exception:

Traceback (most recent call last):
  File "C:\Users\User\AppData\Local\Programs\Python\Python312\Lib\site-packages\urllib3\connectionpool.py", line 789, in urlopen
    response = self._make_request(
               ^^^^^^^^^^^^^^^^^^^
  File "C:\Users\User\AppData\Local\Programs\Python\Python312\Lib\site-packages\urllib3\connectionpool.py", line 490, in _make_request
    raise new_e
  File "C:\Users\User\AppData\Local\Programs\Python\Python312\Lib\site-packages\urllib3\connectionpool.py", line 466, in _make_request
    self._validate_conn(conn)
  File "C:\Users\User\AppData\Local\Programs\Python\Python312\Lib\site-packages\urllib3\connectionpool.py", line 1095, in _validate_conn
    conn.connect()
  File "C:\Users\User\AppData\Local\Programs\Python\Python312\Lib\site-packages\urllib3\connection.py", line 615, in connect
    self.sock = sock = self._new_conn()
                       ^^^^^^^^^^^^^^^^
  File "C:\Users\User\AppData\Local\Programs\Python\Python312\Lib\site-packages\urllib3\connection.py", line 203, in _new_conn
    raise NameResolutionError(self.host, self, e) from e
urllib3.exceptions.NameResolutionError: <urllib3.connection.HTTPSConnection object at 0x000001C2A1A71CD0>: Failed to resolve 'api.binance.com' ([Errno 11001] getaddrinfo failed)

The above exception was the direct cause of the following exception:

Traceback (most recent call last):
  File "C:\Users\User\AppData\Local\Programs\Python\Python312\Lib\site-packages\requests\adapters.py", line 667, in send
    resp = conn.urlopen(
           ^^^^^^^^^^^^^
  File "C:\Users\User\AppData\Local\Programs\Python\Python312\Lib\site-packages\urllib3\connectionpool.py", line 843, in urlopen
    retries = retries.increment(
              ^^^^^^^^^^^^^^^^^^
  File "C:\Users\User\AppData\Local\Programs\Python\Python312\Lib\site-packages\urllib3\util\retry.py", line 519, in increment
    raise MaxRetryError(_pool, url, reason) from reason  # type: ignore[arg-type]
    ^^^^^^^^^^^^^^^^^^^^^^^^^^^^^^^^^^^^^^^^^^^^^^^^^^^
urllib3.exceptions.MaxRetryError: HTTPSConnectionPool(host='api.binance.com', port=443): Max retries exceeded with url: /api/v3/exchangeInfo (Caused by NameResolutionError("<urllib3.connection.HTTPSConnection object at 0x000001C2A1A71CD0>: Failed to resolve 'api.binance.com' ([Errno 11001] getaddrinfo failed)"))

During handling of the above exception, another exception occurred:

Traceback (most recent call last):
  File "C:\Users\User\AppData\Local\Programs\Python\Python312\Lib\site-packages\ccxt\base\exchange.py", line 554, in fetch
    response = self.session.request(
               ^^^^^^^^^^^^^^^^^^^^^
  File "C:\Users\User\AppData\Local\Programs\Python\Python312\Lib\site-packages\requests\sessions.py", line 589, in request
    resp = self.send(prep, **send_kwargs)
           ^^^^^^^^^^^^^^^^^^^^^^^^^^^^^^
  File "C:\Users\User\AppData\Local\Programs\Python\Python312\Lib\site-packages\requests\sessions.py", line 703, in send
    r = adapter.send(request, **kwargs)
        ^^^^^^^^^^^^^^^^^^^^^^^^^^^^^^^
  File "C:\Users\User\AppData\Local\Programs\Python\Python312\Lib\site-packages\requests\adapters.py", line 700, in send
    raise ConnectionError(e, request=request)
requests.exceptions.ConnectionError: HTTPSConnectionPool(host='api.binance.com', port=443): Max retries exceeded with url: /api/v3/exchangeInfo (Caused by NameResolutionError("<urllib3.connection.HTTPSConnection object at 0x000001C2A1A71CD0>: Failed to resolve 'api.binance.com' ([Errno 11001] getaddrinfo failed)"))

The above exception was the direct cause of the following exception:

Traceback (most recent call last):
  File "C:\Users\User\Projects\cbbot-corr-volatility\correlation_bot.py", line 208, in run_cycle
    exchange = get_exchange()
               ^^^^^^^^^^^^^^
  File "C:\Users\User\Projects\cbbot-corr-volatility\correlation_bot.py", line 117, in get_exchange
    ex.load_markets()
  File "C:\Users\User\AppData\Local\Programs\Python\Python312\Lib\site-packages\ccxt\base\exchange.py", line 1516, in load_markets
    markets = self.fetch_markets(params)
              ^^^^^^^^^^^^^^^^^^^^^^^^^^
  File "C:\Users\User\AppData\Local\Programs\Python\Python312\Lib\site-packages\ccxt\binance.py", line 3087, in fetch_markets
    promisesRaw.append(self.publicGetExchangeInfo(params))
                       ^^^^^^^^^^^^^^^^^^^^^^^^^^^^^^^^^^
  File "C:\Users\User\AppData\Local\Programs\Python\Python312\Lib\site-packages\ccxt\base\types.py", line 35, in unbound_method
    return _self.request(self.path, self.api, self.method, params, config=self.config)
           ^^^^^^^^^^^^^^^^^^^^^^^^^^^^^^^^^^^^^^^^^^^^^^^^^^^^^^^^^^^^^^^^^^^^^^^^^^^
  File "C:\Users\User\AppData\Local\Programs\Python\Python312\Lib\site-packages\ccxt\binance.py", line 11235, in request
    response = self.fetch2(path, api, method, params, headers, body, config)
               ^^^^^^^^^^^^^^^^^^^^^^^^^^^^^^^^^^^^^^^^^^^^^^^^^^^^^^^^^^^^^
  File "C:\Users\User\AppData\Local\Programs\Python\Python312\Lib\site-packages\ccxt\base\exchange.py", line 4240, in fetch2
    raise e
  File "C:\Users\User\AppData\Local\Programs\Python\Python312\Lib\site-packages\ccxt\base\exchange.py", line 4231, in fetch2
    return self.fetch(request['url'], request['method'], request['headers'], request['body'])
           ^^^^^^^^^^^^^^^^^^^^^^^^^^^^^^^^^^^^^^^^^^^^^^^^^^^^^^^^^^^^^^^^^^^^^^^^^^^^^^^^^^
  File "C:\Users\User\AppData\Local\Programs\Python\Python312\Lib\site-packages\ccxt\base\exchange.py", line 607, in fetch
    raise NetworkError(details) from e
ccxt.base.errors.NetworkError: binance GET https://api.binance.com/api/v3/exchangeInfo
2025-08-29 14:00:04,571 | ERROR | Cycle failed: binance GET https://api.binance.com/api/v3/exchangeInfo
Traceback (most recent call last):
  File "C:\Users\User\AppData\Local\Programs\Python\Python312\Lib\site-packages\urllib3\connection.py", line 196, in _new_conn
    sock = connection.create_connection(
           ^^^^^^^^^^^^^^^^^^^^^^^^^^^^^
  File "C:\Users\User\AppData\Local\Programs\Python\Python312\Lib\site-packages\urllib3\util\connection.py", line 60, in create_connection
    for res in socket.getaddrinfo(host, port, family, socket.SOCK_STREAM):
               ^^^^^^^^^^^^^^^^^^^^^^^^^^^^^^^^^^^^^^^^^^^^^^^^^^^^^^^^^^
  File "C:\Users\User\AppData\Local\Programs\Python\Python312\Lib\socket.py", line 976, in getaddrinfo
    for res in _socket.getaddrinfo(host, port, family, type, proto, flags):
               ^^^^^^^^^^^^^^^^^^^^^^^^^^^^^^^^^^^^^^^^^^^^^^^^^^^^^^^^^^^
socket.gaierror: [Errno 11001] getaddrinfo failed

The above exception was the direct cause of the following exception:

Traceback (most recent call last):
  File "C:\Users\User\AppData\Local\Programs\Python\Python312\Lib\site-packages\urllib3\connectionpool.py", line 789, in urlopen
    response = self._make_request(
               ^^^^^^^^^^^^^^^^^^^
  File "C:\Users\User\AppData\Local\Programs\Python\Python312\Lib\site-packages\urllib3\connectionpool.py", line 490, in _make_request
    raise new_e
  File "C:\Users\User\AppData\Local\Programs\Python\Python312\Lib\site-packages\urllib3\connectionpool.py", line 466, in _make_request
    self._validate_conn(conn)
  File "C:\Users\User\AppData\Local\Programs\Python\Python312\Lib\site-packages\urllib3\connectionpool.py", line 1095, in _validate_conn
    conn.connect()
  File "C:\Users\User\AppData\Local\Programs\Python\Python312\Lib\site-packages\urllib3\connection.py", line 615, in connect
    self.sock = sock = self._new_conn()
                       ^^^^^^^^^^^^^^^^
  File "C:\Users\User\AppData\Local\Programs\Python\Python312\Lib\site-packages\urllib3\connection.py", line 203, in _new_conn
    raise NameResolutionError(self.host, self, e) from e
urllib3.exceptions.NameResolutionError: <urllib3.connection.HTTPSConnection object at 0x000001C2A1A70CE0>: Failed to resolve 'api.binance.com' ([Errno 11001] getaddrinfo failed)

The above exception was the direct cause of the following exception:

Traceback (most recent call last):
  File "C:\Users\User\AppData\Local\Programs\Python\Python312\Lib\site-packages\requests\adapters.py", line 667, in send
    resp = conn.urlopen(
           ^^^^^^^^^^^^^
  File "C:\Users\User\AppData\Local\Programs\Python\Python312\Lib\site-packages\urllib3\connectionpool.py", line 843, in urlopen
    retries = retries.increment(
              ^^^^^^^^^^^^^^^^^^
  File "C:\Users\User\AppData\Local\Programs\Python\Python312\Lib\site-packages\urllib3\util\retry.py", line 519, in increment
    raise MaxRetryError(_pool, url, reason) from reason  # type: ignore[arg-type]
    ^^^^^^^^^^^^^^^^^^^^^^^^^^^^^^^^^^^^^^^^^^^^^^^^^^^
urllib3.exceptions.MaxRetryError: HTTPSConnectionPool(host='api.binance.com', port=443): Max retries exceeded with url: /api/v3/exchangeInfo (Caused by NameResolutionError("<urllib3.connection.HTTPSConnection object at 0x000001C2A1A70CE0>: Failed to resolve 'api.binance.com' ([Errno 11001] getaddrinfo failed)"))

During handling of the above exception, another exception occurred:

Traceback (most recent call last):
  File "C:\Users\User\AppData\Local\Programs\Python\Python312\Lib\site-packages\ccxt\base\exchange.py", line 554, in fetch
    response = self.session.request(
               ^^^^^^^^^^^^^^^^^^^^^
  File "C:\Users\User\AppData\Local\Programs\Python\Python312\Lib\site-packages\requests\sessions.py", line 589, in request
    resp = self.send(prep, **send_kwargs)
           ^^^^^^^^^^^^^^^^^^^^^^^^^^^^^^
  File "C:\Users\User\AppData\Local\Programs\Python\Python312\Lib\site-packages\requests\sessions.py", line 703, in send
    r = adapter.send(request, **kwargs)
        ^^^^^^^^^^^^^^^^^^^^^^^^^^^^^^^
  File "C:\Users\User\AppData\Local\Programs\Python\Python312\Lib\site-packages\requests\adapters.py", line 700, in send
    raise ConnectionError(e, request=request)
requests.exceptions.ConnectionError: HTTPSConnectionPool(host='api.binance.com', port=443): Max retries exceeded with url: /api/v3/exchangeInfo (Caused by NameResolutionError("<urllib3.connection.HTTPSConnection object at 0x000001C2A1A70CE0>: Failed to resolve 'api.binance.com' ([Errno 11001] getaddrinfo failed)"))

The above exception was the direct cause of the following exception:

Traceback (most recent call last):
  File "C:\Users\User\Projects\cbbot-corr-volatility\correlation_bot.py", line 208, in run_cycle
    exchange = get_exchange()
               ^^^^^^^^^^^^^^
  File "C:\Users\User\Projects\cbbot-corr-volatility\correlation_bot.py", line 117, in get_exchange
    ex.load_markets()
  File "C:\Users\User\AppData\Local\Programs\Python\Python312\Lib\site-packages\ccxt\base\exchange.py", line 1516, in load_markets
    markets = self.fetch_markets(params)
              ^^^^^^^^^^^^^^^^^^^^^^^^^^
  File "C:\Users\User\AppData\Local\Programs\Python\Python312\Lib\site-packages\ccxt\binance.py", line 3087, in fetch_markets
    promisesRaw.append(self.publicGetExchangeInfo(params))
                       ^^^^^^^^^^^^^^^^^^^^^^^^^^^^^^^^^^
  File "C:\Users\User\AppData\Local\Programs\Python\Python312\Lib\site-packages\ccxt\base\types.py", line 35, in unbound_method
    return _self.request(self.path, self.api, self.method, params, config=self.config)
           ^^^^^^^^^^^^^^^^^^^^^^^^^^^^^^^^^^^^^^^^^^^^^^^^^^^^^^^^^^^^^^^^^^^^^^^^^^^
  File "C:\Users\User\AppData\Local\Programs\Python\Python312\Lib\site-packages\ccxt\binance.py", line 11235, in request
    response = self.fetch2(path, api, method, params, headers, body, config)
               ^^^^^^^^^^^^^^^^^^^^^^^^^^^^^^^^^^^^^^^^^^^^^^^^^^^^^^^^^^^^^
  File "C:\Users\User\AppData\Local\Programs\Python\Python312\Lib\site-packages\ccxt\base\exchange.py", line 4240, in fetch2
    raise e
  File "C:\Users\User\AppData\Local\Programs\Python\Python312\Lib\site-packages\ccxt\base\exchange.py", line 4231, in fetch2
    return self.fetch(request['url'], request['method'], request['headers'], request['body'])
           ^^^^^^^^^^^^^^^^^^^^^^^^^^^^^^^^^^^^^^^^^^^^^^^^^^^^^^^^^^^^^^^^^^^^^^^^^^^^^^^^^^
  File "C:\Users\User\AppData\Local\Programs\Python\Python312\Lib\site-packages\ccxt\base\exchange.py", line 607, in fetch
    raise NetworkError(details) from e
ccxt.base.errors.NetworkError: binance GET https://api.binance.com/api/v3/exchangeInfo
2025-08-29 14:01:24,108 | WARNING | RON/USDT: fetch_ohlcv failed: binance does not have market symbol RON/USDT
2025-08-29 14:01:25,579 | WARNING | SATS/USDT: fetch_ohlcv failed: binance does not have market symbol SATS/USDT
2025-08-29 14:01:27,313 | WARNING | ASI/USDT: fetch_ohlcv failed: binance does not have market symbol ASI/USDT
2025-08-29 14:01:32,521 | WARNING | AIOZ/USDT: fetch_ohlcv failed: binance does not have market symbol AIOZ/USDT
2025-08-29 14:01:33,100 | WARNING | BLAST/USDT: fetch_ohlcv failed: binance does not have market symbol BLAST/USDT
2025-08-29 14:01:47,803 | INFO | Cycle 2025-08-29T11:01:47.803502+00:00 | timeframe=1h | lookback=500 | symbols=95 | pairs=3916
2025-08-29 14:03:08,806 | WARNING | RON/USDT: fetch_ohlcv failed: binance does not have market symbol RON/USDT
2025-08-29 14:03:10,270 | WARNING | SATS/USDT: fetch_ohlcv failed: binance does not have market symbol SATS/USDT
2025-08-29 14:03:12,022 | WARNING | ASI/USDT: fetch_ohlcv failed: binance does not have market symbol ASI/USDT
2025-08-29 14:03:17,315 | WARNING | AIOZ/USDT: fetch_ohlcv failed: binance does not have market symbol AIOZ/USDT
2025-08-29 14:03:17,905 | WARNING | BLAST/USDT: fetch_ohlcv failed: binance does not have market symbol BLAST/USDT
2025-08-29 14:03:31,133 | INFO | Cycle 2025-08-29T11:03:31.133217+00:00 | timeframe=1h | lookback=500 | symbols=95 | pairs=3916
2025-08-29 14:41:45,110 | ERROR | Cycle failed: binance GET https://api.binance.com/api/v3/exchangeInfo
Traceback (most recent call last):
  File "C:\Users\User\AppData\Local\Programs\Python\Python312\Lib\site-packages\urllib3\connection.py", line 196, in _new_conn
    sock = connection.create_connection(
           ^^^^^^^^^^^^^^^^^^^^^^^^^^^^^
  File "C:\Users\User\AppData\Local\Programs\Python\Python312\Lib\site-packages\urllib3\util\connection.py", line 60, in create_connection
    for res in socket.getaddrinfo(host, port, family, socket.SOCK_STREAM):
               ^^^^^^^^^^^^^^^^^^^^^^^^^^^^^^^^^^^^^^^^^^^^^^^^^^^^^^^^^^
  File "C:\Users\User\AppData\Local\Programs\Python\Python312\Lib\socket.py", line 976, in getaddrinfo
    for res in _socket.getaddrinfo(host, port, family, type, proto, flags):
               ^^^^^^^^^^^^^^^^^^^^^^^^^^^^^^^^^^^^^^^^^^^^^^^^^^^^^^^^^^^
socket.gaierror: [Errno 11001] getaddrinfo failed

The above exception was the direct cause of the following exception:

Traceback (most recent call last):
  File "C:\Users\User\AppData\Local\Programs\Python\Python312\Lib\site-packages\urllib3\connectionpool.py", line 789, in urlopen
    response = self._make_request(
               ^^^^^^^^^^^^^^^^^^^
  File "C:\Users\User\AppData\Local\Programs\Python\Python312\Lib\site-packages\urllib3\connectionpool.py", line 490, in _make_request
    raise new_e
  File "C:\Users\User\AppData\Local\Programs\Python\Python312\Lib\site-packages\urllib3\connectionpool.py", line 466, in _make_request
    self._validate_conn(conn)
  File "C:\Users\User\AppData\Local\Programs\Python\Python312\Lib\site-packages\urllib3\connectionpool.py", line 1095, in _validate_conn
    conn.connect()
  File "C:\Users\User\AppData\Local\Programs\Python\Python312\Lib\site-packages\urllib3\connection.py", line 615, in connect
    self.sock = sock = self._new_conn()
                       ^^^^^^^^^^^^^^^^
  File "C:\Users\User\AppData\Local\Programs\Python\Python312\Lib\site-packages\urllib3\connection.py", line 203, in _new_conn
    raise NameResolutionError(self.host, self, e) from e
urllib3.exceptions.NameResolutionError: <urllib3.connection.HTTPSConnection object at 0x000001C29F5E14F0>: Failed to resolve 'api.binance.com' ([Errno 11001] getaddrinfo failed)

The above exception was the direct cause of the following exception:

Traceback (most recent call last):
  File "C:\Users\User\AppData\Local\Programs\Python\Python312\Lib\site-packages\requests\adapters.py", line 667, in send
    resp = conn.urlopen(
           ^^^^^^^^^^^^^
  File "C:\Users\User\AppData\Local\Programs\Python\Python312\Lib\site-packages\urllib3\connectionpool.py", line 843, in urlopen
    retries = retries.increment(
              ^^^^^^^^^^^^^^^^^^
  File "C:\Users\User\AppData\Local\Programs\Python\Python312\Lib\site-packages\urllib3\util\retry.py", line 519, in increment
    raise MaxRetryError(_pool, url, reason) from reason  # type: ignore[arg-type]
    ^^^^^^^^^^^^^^^^^^^^^^^^^^^^^^^^^^^^^^^^^^^^^^^^^^^
urllib3.exceptions.MaxRetryError: HTTPSConnectionPool(host='api.binance.com', port=443): Max retries exceeded with url: /api/v3/exchangeInfo (Caused by NameResolutionError("<urllib3.connection.HTTPSConnection object at 0x000001C29F5E14F0>: Failed to resolve 'api.binance.com' ([Errno 11001] getaddrinfo failed)"))

During handling of the above exception, another exception occurred:

Traceback (most recent call last):
  File "C:\Users\User\AppData\Local\Programs\Python\Python312\Lib\site-packages\ccxt\base\exchange.py", line 554, in fetch
    response = self.session.request(
               ^^^^^^^^^^^^^^^^^^^^^
  File "C:\Users\User\AppData\Local\Programs\Python\Python312\Lib\site-packages\requests\sessions.py", line 589, in request
    resp = self.send(prep, **send_kwargs)
           ^^^^^^^^^^^^^^^^^^^^^^^^^^^^^^
  File "C:\Users\User\AppData\Local\Programs\Python\Python312\Lib\site-packages\requests\sessions.py", line 703, in send
    r = adapter.send(request, **kwargs)
        ^^^^^^^^^^^^^^^^^^^^^^^^^^^^^^^
  File "C:\Users\User\AppData\Local\Programs\Python\Python312\Lib\site-packages\requests\adapters.py", line 700, in send
    raise ConnectionError(e, request=request)
requests.exceptions.ConnectionError: HTTPSConnectionPool(host='api.binance.com', port=443): Max retries exceeded with url: /api/v3/exchangeInfo (Caused by NameResolutionError("<urllib3.connection.HTTPSConnection object at 0x000001C29F5E14F0>: Failed to resolve 'api.binance.com' ([Errno 11001] getaddrinfo failed)"))

The above exception was the direct cause of the following exception:

Traceback (most recent call last):
  File "C:\Users\User\Projects\cbbot-corr-volatility\correlation_bot.py", line 208, in run_cycle
    exchange = get_exchange()
               ^^^^^^^^^^^^^^
  File "C:\Users\User\Projects\cbbot-corr-volatility\correlation_bot.py", line 117, in get_exchange
    ex.load_markets()
  File "C:\Users\User\AppData\Local\Programs\Python\Python312\Lib\site-packages\ccxt\base\exchange.py", line 1516, in load_markets
    markets = self.fetch_markets(params)
              ^^^^^^^^^^^^^^^^^^^^^^^^^^
  File "C:\Users\User\AppData\Local\Programs\Python\Python312\Lib\site-packages\ccxt\binance.py", line 3087, in fetch_markets
    promisesRaw.append(self.publicGetExchangeInfo(params))
                       ^^^^^^^^^^^^^^^^^^^^^^^^^^^^^^^^^^
  File "C:\Users\User\AppData\Local\Programs\Python\Python312\Lib\site-packages\ccxt\base\types.py", line 35, in unbound_method
    return _self.request(self.path, self.api, self.method, params, config=self.config)
           ^^^^^^^^^^^^^^^^^^^^^^^^^^^^^^^^^^^^^^^^^^^^^^^^^^^^^^^^^^^^^^^^^^^^^^^^^^^
  File "C:\Users\User\AppData\Local\Programs\Python\Python312\Lib\site-packages\ccxt\binance.py", line 11235, in request
    response = self.fetch2(path, api, method, params, headers, body, config)
               ^^^^^^^^^^^^^^^^^^^^^^^^^^^^^^^^^^^^^^^^^^^^^^^^^^^^^^^^^^^^^
  File "C:\Users\User\AppData\Local\Programs\Python\Python312\Lib\site-packages\ccxt\base\exchange.py", line 4240, in fetch2
    raise e
  File "C:\Users\User\AppData\Local\Programs\Python\Python312\Lib\site-packages\ccxt\base\exchange.py", line 4231, in fetch2
    return self.fetch(request['url'], request['method'], request['headers'], request['body'])
           ^^^^^^^^^^^^^^^^^^^^^^^^^^^^^^^^^^^^^^^^^^^^^^^^^^^^^^^^^^^^^^^^^^^^^^^^^^^^^^^^^^
  File "C:\Users\User\AppData\Local\Programs\Python\Python312\Lib\site-packages\ccxt\base\exchange.py", line 607, in fetch
    raise NetworkError(details) from e
ccxt.base.errors.NetworkError: binance GET https://api.binance.com/api/v3/exchangeInfo
2025-08-29 15:03:34,097 | ERROR | Cycle failed: binance GET https://api.binance.com/api/v3/exchangeInfo
Traceback (most recent call last):
  File "C:\Users\User\AppData\Local\Programs\Python\Python312\Lib\site-packages\urllib3\connection.py", line 196, in _new_conn
    sock = connection.create_connection(
           ^^^^^^^^^^^^^^^^^^^^^^^^^^^^^
  File "C:\Users\User\AppData\Local\Programs\Python\Python312\Lib\site-packages\urllib3\util\connection.py", line 60, in create_connection
    for res in socket.getaddrinfo(host, port, family, socket.SOCK_STREAM):
               ^^^^^^^^^^^^^^^^^^^^^^^^^^^^^^^^^^^^^^^^^^^^^^^^^^^^^^^^^^
  File "C:\Users\User\AppData\Local\Programs\Python\Python312\Lib\socket.py", line 976, in getaddrinfo
    for res in _socket.getaddrinfo(host, port, family, type, proto, flags):
               ^^^^^^^^^^^^^^^^^^^^^^^^^^^^^^^^^^^^^^^^^^^^^^^^^^^^^^^^^^^
socket.gaierror: [Errno 11001] getaddrinfo failed

The above exception was the direct cause of the following exception:

Traceback (most recent call last):
  File "C:\Users\User\AppData\Local\Programs\Python\Python312\Lib\site-packages\urllib3\connectionpool.py", line 789, in urlopen
    response = self._make_request(
               ^^^^^^^^^^^^^^^^^^^
  File "C:\Users\User\AppData\Local\Programs\Python\Python312\Lib\site-packages\urllib3\connectionpool.py", line 490, in _make_request
    raise new_e
  File "C:\Users\User\AppData\Local\Programs\Python\Python312\Lib\site-packages\urllib3\connectionpool.py", line 466, in _make_request
    self._validate_conn(conn)
  File "C:\Users\User\AppData\Local\Programs\Python\Python312\Lib\site-packages\urllib3\connectionpool.py", line 1095, in _validate_conn
    conn.connect()
  File "C:\Users\User\AppData\Local\Programs\Python\Python312\Lib\site-packages\urllib3\connection.py", line 615, in connect
    self.sock = sock = self._new_conn()
                       ^^^^^^^^^^^^^^^^
  File "C:\Users\User\AppData\Local\Programs\Python\Python312\Lib\site-packages\urllib3\connection.py", line 203, in _new_conn
    raise NameResolutionError(self.host, self, e) from e
urllib3.exceptions.NameResolutionError: <urllib3.connection.HTTPSConnection object at 0x000001C29F5E2F90>: Failed to resolve 'api.binance.com' ([Errno 11001] getaddrinfo failed)

The above exception was the direct cause of the following exception:

Traceback (most recent call last):
  File "C:\Users\User\AppData\Local\Programs\Python\Python312\Lib\site-packages\requests\adapters.py", line 667, in send
    resp = conn.urlopen(
           ^^^^^^^^^^^^^
  File "C:\Users\User\AppData\Local\Programs\Python\Python312\Lib\site-packages\urllib3\connectionpool.py", line 843, in urlopen
    retries = retries.increment(
              ^^^^^^^^^^^^^^^^^^
  File "C:\Users\User\AppData\Local\Programs\Python\Python312\Lib\site-packages\urllib3\util\retry.py", line 519, in increment
    raise MaxRetryError(_pool, url, reason) from reason  # type: ignore[arg-type]
    ^^^^^^^^^^^^^^^^^^^^^^^^^^^^^^^^^^^^^^^^^^^^^^^^^^^
urllib3.exceptions.MaxRetryError: HTTPSConnectionPool(host='api.binance.com', port=443): Max retries exceeded with url: /api/v3/exchangeInfo (Caused by NameResolutionError("<urllib3.connection.HTTPSConnection object at 0x000001C29F5E2F90>: Failed to resolve 'api.binance.com' ([Errno 11001] getaddrinfo failed)"))

During handling of the above exception, another exception occurred:

Traceback (most recent call last):
  File "C:\Users\User\AppData\Local\Programs\Python\Python312\Lib\site-packages\ccxt\base\exchange.py", line 554, in fetch
    response = self.session.request(
               ^^^^^^^^^^^^^^^^^^^^^
  File "C:\Users\User\AppData\Local\Programs\Python\Python312\Lib\site-packages\requests\sessions.py", line 589, in request
    resp = self.send(prep, **send_kwargs)
           ^^^^^^^^^^^^^^^^^^^^^^^^^^^^^^
  File "C:\Users\User\AppData\Local\Programs\Python\Python312\Lib\site-packages\requests\sessions.py", line 703, in send
    r = adapter.send(request, **kwargs)
        ^^^^^^^^^^^^^^^^^^^^^^^^^^^^^^^
  File "C:\Users\User\AppData\Local\Programs\Python\Python312\Lib\site-packages\requests\adapters.py", line 700, in send
    raise ConnectionError(e, request=request)
requests.exceptions.ConnectionError: HTTPSConnectionPool(host='api.binance.com', port=443): Max retries exceeded with url: /api/v3/exchangeInfo (Caused by NameResolutionError("<urllib3.connection.HTTPSConnection object at 0x000001C29F5E2F90>: Failed to resolve 'api.binance.com' ([Errno 11001] getaddrinfo failed)"))

The above exception was the direct cause of the following exception:

Traceback (most recent call last):
  File "C:\Users\User\Projects\cbbot-corr-volatility\correlation_bot.py", line 208, in run_cycle
    exchange = get_exchange()
               ^^^^^^^^^^^^^^
  File "C:\Users\User\Projects\cbbot-corr-volatility\correlation_bot.py", line 117, in get_exchange
    ex.load_markets()
  File "C:\Users\User\AppData\Local\Programs\Python\Python312\Lib\site-packages\ccxt\base\exchange.py", line 1516, in load_markets
    markets = self.fetch_markets(params)
              ^^^^^^^^^^^^^^^^^^^^^^^^^^
  File "C:\Users\User\AppData\Local\Programs\Python\Python312\Lib\site-packages\ccxt\binance.py", line 3087, in fetch_markets
    promisesRaw.append(self.publicGetExchangeInfo(params))
                       ^^^^^^^^^^^^^^^^^^^^^^^^^^^^^^^^^^
  File "C:\Users\User\AppData\Local\Programs\Python\Python312\Lib\site-packages\ccxt\base\types.py", line 35, in unbound_method
    return _self.request(self.path, self.api, self.method, params, config=self.config)
           ^^^^^^^^^^^^^^^^^^^^^^^^^^^^^^^^^^^^^^^^^^^^^^^^^^^^^^^^^^^^^^^^^^^^^^^^^^^
  File "C:\Users\User\AppData\Local\Programs\Python\Python312\Lib\site-packages\ccxt\binance.py", line 11235, in request
    response = self.fetch2(path, api, method, params, headers, body, config)
               ^^^^^^^^^^^^^^^^^^^^^^^^^^^^^^^^^^^^^^^^^^^^^^^^^^^^^^^^^^^^^
  File "C:\Users\User\AppData\Local\Programs\Python\Python312\Lib\site-packages\ccxt\base\exchange.py", line 4240, in fetch2
    raise e
  File "C:\Users\User\AppData\Local\Programs\Python\Python312\Lib\site-packages\ccxt\base\exchange.py", line 4231, in fetch2
    return self.fetch(request['url'], request['method'], request['headers'], request['body'])
           ^^^^^^^^^^^^^^^^^^^^^^^^^^^^^^^^^^^^^^^^^^^^^^^^^^^^^^^^^^^^^^^^^^^^^^^^^^^^^^^^^^
  File "C:\Users\User\AppData\Local\Programs\Python\Python312\Lib\site-packages\ccxt\base\exchange.py", line 607, in fetch
    raise NetworkError(details) from e
ccxt.base.errors.NetworkError: binance GET https://api.binance.com/api/v3/exchangeInfo
2025-08-29 17:30:17,075 | ERROR | Cycle failed: binance GET https://api.binance.com/api/v3/exchangeInfo
Traceback (most recent call last):
  File "C:\Users\User\AppData\Local\Programs\Python\Python312\Lib\site-packages\urllib3\connection.py", line 196, in _new_conn
    sock = connection.create_connection(
           ^^^^^^^^^^^^^^^^^^^^^^^^^^^^^
  File "C:\Users\User\AppData\Local\Programs\Python\Python312\Lib\site-packages\urllib3\util\connection.py", line 60, in create_connection
    for res in socket.getaddrinfo(host, port, family, socket.SOCK_STREAM):
               ^^^^^^^^^^^^^^^^^^^^^^^^^^^^^^^^^^^^^^^^^^^^^^^^^^^^^^^^^^
  File "C:\Users\User\AppData\Local\Programs\Python\Python312\Lib\socket.py", line 976, in getaddrinfo
    for res in _socket.getaddrinfo(host, port, family, type, proto, flags):
               ^^^^^^^^^^^^^^^^^^^^^^^^^^^^^^^^^^^^^^^^^^^^^^^^^^^^^^^^^^^
socket.gaierror: [Errno 11001] getaddrinfo failed

The above exception was the direct cause of the following exception:

Traceback (most recent call last):
  File "C:\Users\User\AppData\Local\Programs\Python\Python312\Lib\site-packages\urllib3\connectionpool.py", line 789, in urlopen
    response = self._make_request(
               ^^^^^^^^^^^^^^^^^^^
  File "C:\Users\User\AppData\Local\Programs\Python\Python312\Lib\site-packages\urllib3\connectionpool.py", line 490, in _make_request
    raise new_e
  File "C:\Users\User\AppData\Local\Programs\Python\Python312\Lib\site-packages\urllib3\connectionpool.py", line 466, in _make_request
    self._validate_conn(conn)
  File "C:\Users\User\AppData\Local\Programs\Python\Python312\Lib\site-packages\urllib3\connectionpool.py", line 1095, in _validate_conn
    conn.connect()
  File "C:\Users\User\AppData\Local\Programs\Python\Python312\Lib\site-packages\urllib3\connection.py", line 615, in connect
    self.sock = sock = self._new_conn()
                       ^^^^^^^^^^^^^^^^
  File "C:\Users\User\AppData\Local\Programs\Python\Python312\Lib\site-packages\urllib3\connection.py", line 203, in _new_conn
    raise NameResolutionError(self.host, self, e) from e
urllib3.exceptions.NameResolutionError: <urllib3.connection.HTTPSConnection object at 0x000001C29F5E1160>: Failed to resolve 'api.binance.com' ([Errno 11001] getaddrinfo failed)

The above exception was the direct cause of the following exception:

Traceback (most recent call last):
  File "C:\Users\User\AppData\Local\Programs\Python\Python312\Lib\site-packages\requests\adapters.py", line 667, in send
    resp = conn.urlopen(
           ^^^^^^^^^^^^^
  File "C:\Users\User\AppData\Local\Programs\Python\Python312\Lib\site-packages\urllib3\connectionpool.py", line 843, in urlopen
    retries = retries.increment(
              ^^^^^^^^^^^^^^^^^^
  File "C:\Users\User\AppData\Local\Programs\Python\Python312\Lib\site-packages\urllib3\util\retry.py", line 519, in increment
    raise MaxRetryError(_pool, url, reason) from reason  # type: ignore[arg-type]
    ^^^^^^^^^^^^^^^^^^^^^^^^^^^^^^^^^^^^^^^^^^^^^^^^^^^
urllib3.exceptions.MaxRetryError: HTTPSConnectionPool(host='api.binance.com', port=443): Max retries exceeded with url: /api/v3/exchangeInfo (Caused by NameResolutionError("<urllib3.connection.HTTPSConnection object at 0x000001C29F5E1160>: Failed to resolve 'api.binance.com' ([Errno 11001] getaddrinfo failed)"))

During handling of the above exception, another exception occurred:

Traceback (most recent call last):
  File "C:\Users\User\AppData\Local\Programs\Python\Python312\Lib\site-packages\ccxt\base\exchange.py", line 554, in fetch
    response = self.session.request(
               ^^^^^^^^^^^^^^^^^^^^^
  File "C:\Users\User\AppData\Local\Programs\Python\Python312\Lib\site-packages\requests\sessions.py", line 589, in request
    resp = self.send(prep, **send_kwargs)
           ^^^^^^^^^^^^^^^^^^^^^^^^^^^^^^
  File "C:\Users\User\AppData\Local\Programs\Python\Python312\Lib\site-packages\requests\sessions.py", line 703, in send
    r = adapter.send(request, **kwargs)
        ^^^^^^^^^^^^^^^^^^^^^^^^^^^^^^^
  File "C:\Users\User\AppData\Local\Programs\Python\Python312\Lib\site-packages\requests\adapters.py", line 700, in send
    raise ConnectionError(e, request=request)
requests.exceptions.ConnectionError: HTTPSConnectionPool(host='api.binance.com', port=443): Max retries exceeded with url: /api/v3/exchangeInfo (Caused by NameResolutionError("<urllib3.connection.HTTPSConnection object at 0x000001C29F5E1160>: Failed to resolve 'api.binance.com' ([Errno 11001] getaddrinfo failed)"))

The above exception was the direct cause of the following exception:

Traceback (most recent call last):
  File "C:\Users\User\Projects\cbbot-corr-volatility\correlation_bot.py", line 208, in run_cycle
    exchange = get_exchange()
               ^^^^^^^^^^^^^^
  File "C:\Users\User\Projects\cbbot-corr-volatility\correlation_bot.py", line 117, in get_exchange
    ex.load_markets()
  File "C:\Users\User\AppData\Local\Programs\Python\Python312\Lib\site-packages\ccxt\base\exchange.py", line 1516, in load_markets
    markets = self.fetch_markets(params)
              ^^^^^^^^^^^^^^^^^^^^^^^^^^
  File "C:\Users\User\AppData\Local\Programs\Python\Python312\Lib\site-packages\ccxt\binance.py", line 3087, in fetch_markets
    promisesRaw.append(self.publicGetExchangeInfo(params))
                       ^^^^^^^^^^^^^^^^^^^^^^^^^^^^^^^^^^
  File "C:\Users\User\AppData\Local\Programs\Python\Python312\Lib\site-packages\ccxt\base\types.py", line 35, in unbound_method
    return _self.request(self.path, self.api, self.method, params, config=self.config)
           ^^^^^^^^^^^^^^^^^^^^^^^^^^^^^^^^^^^^^^^^^^^^^^^^^^^^^^^^^^^^^^^^^^^^^^^^^^^
  File "C:\Users\User\AppData\Local\Programs\Python\Python312\Lib\site-packages\ccxt\binance.py", line 11235, in request
    response = self.fetch2(path, api, method, params, headers, body, config)
               ^^^^^^^^^^^^^^^^^^^^^^^^^^^^^^^^^^^^^^^^^^^^^^^^^^^^^^^^^^^^^
  File "C:\Users\User\AppData\Local\Programs\Python\Python312\Lib\site-packages\ccxt\base\exchange.py", line 4240, in fetch2
    raise e
  File "C:\Users\User\AppData\Local\Programs\Python\Python312\Lib\site-packages\ccxt\base\exchange.py", line 4231, in fetch2
    return self.fetch(request['url'], request['method'], request['headers'], request['body'])
           ^^^^^^^^^^^^^^^^^^^^^^^^^^^^^^^^^^^^^^^^^^^^^^^^^^^^^^^^^^^^^^^^^^^^^^^^^^^^^^^^^^
  File "C:\Users\User\AppData\Local\Programs\Python\Python312\Lib\site-packages\ccxt\base\exchange.py", line 607, in fetch
    raise NetworkError(details) from e
ccxt.base.errors.NetworkError: binance GET https://api.binance.com/api/v3/exchangeInfo
2025-08-29 17:31:44,639 | WARNING | RON/USDT: fetch_ohlcv failed: binance does not have market symbol RON/USDT
2025-08-29 17:31:46,096 | WARNING | SATS/USDT: fetch_ohlcv failed: binance does not have market symbol SATS/USDT
2025-08-29 17:31:47,849 | WARNING | ASI/USDT: fetch_ohlcv failed: binance does not have market symbol ASI/USDT
2025-08-29 17:31:53,306 | WARNING | AIOZ/USDT: fetch_ohlcv failed: binance does not have market symbol AIOZ/USDT
2025-08-29 17:31:53,891 | WARNING | BLAST/USDT: fetch_ohlcv failed: binance does not have market symbol BLAST/USDT
2025-08-29 17:32:04,371 | INFO | Cycle 2025-08-29T14:32:04.371585+00:00 | timeframe=1h | lookback=500 | symbols=95 | pairs=3916
2025-08-29 17:33:24,328 | WARNING | RON/USDT: fetch_ohlcv failed: binance does not have market symbol RON/USDT
2025-08-29 17:33:25,791 | WARNING | SATS/USDT: fetch_ohlcv failed: binance does not have market symbol SATS/USDT
2025-08-29 17:33:28,491 | WARNING | ASI/USDT: fetch_ohlcv failed: binance does not have market symbol ASI/USDT
2025-08-29 17:33:37,089 | WARNING | AIOZ/USDT: fetch_ohlcv failed: binance does not have market symbol AIOZ/USDT
2025-08-29 17:33:37,673 | WARNING | BLAST/USDT: fetch_ohlcv failed: binance does not have market symbol BLAST/USDT
2025-08-29 17:33:48,808 | INFO | Cycle 2025-08-29T14:33:48.808727+00:00 | timeframe=1h | lookback=500 | symbols=95 | pairs=3916
2025-08-29 17:35:09,541 | WARNING | RON/USDT: fetch_ohlcv failed: binance does not have market symbol RON/USDT
2025-08-29 17:35:10,991 | WARNING | SATS/USDT: fetch_ohlcv failed: binance does not have market symbol SATS/USDT
2025-08-29 17:35:12,740 | WARNING | ASI/USDT: fetch_ohlcv failed: binance does not have market symbol ASI/USDT
2025-08-29 17:35:17,971 | WARNING | AIOZ/USDT: fetch_ohlcv failed: binance does not have market symbol AIOZ/USDT
2025-08-29 17:35:18,559 | WARNING | BLAST/USDT: fetch_ohlcv failed: binance does not have market symbol BLAST/USDT
2025-08-29 17:35:29,206 | INFO | Cycle 2025-08-29T14:35:29.206001+00:00 | timeframe=1h | lookback=500 | symbols=95 | pairs=3916
2025-08-29 17:36:50,413 | WARNING | RON/USDT: fetch_ohlcv failed: binance does not have market symbol RON/USDT
2025-08-29 17:36:52,081 | WARNING | SATS/USDT: fetch_ohlcv failed: binance does not have market symbol SATS/USDT
2025-08-29 17:36:53,797 | WARNING | ASI/USDT: fetch_ohlcv failed: binance does not have market symbol ASI/USDT
2025-08-29 17:36:58,934 | WARNING | AIOZ/USDT: fetch_ohlcv failed: binance does not have market symbol AIOZ/USDT
2025-08-29 17:36:59,507 | WARNING | BLAST/USDT: fetch_ohlcv failed: binance does not have market symbol BLAST/USDT
2025-08-29 17:37:10,776 | INFO | Cycle 2025-08-29T14:37:10.776472+00:00 | timeframe=1h | lookback=500 | symbols=95 | pairs=3916
2025-08-29 17:38:29,967 | WARNING | RON/USDT: fetch_ohlcv failed: binance does not have market symbol RON/USDT
2025-08-29 17:38:31,409 | WARNING | SATS/USDT: fetch_ohlcv failed: binance does not have market symbol SATS/USDT
2025-08-29 17:38:33,132 | WARNING | ASI/USDT: fetch_ohlcv failed: binance does not have market symbol ASI/USDT
2025-08-29 17:38:39,271 | WARNING | AIOZ/USDT: fetch_ohlcv failed: binance does not have market symbol AIOZ/USDT
2025-08-29 17:38:39,844 | WARNING | BLAST/USDT: fetch_ohlcv failed: binance does not have market symbol BLAST/USDT
2025-08-29 17:38:50,064 | INFO | Cycle 2025-08-29T14:38:50.064879+00:00 | timeframe=1h | lookback=500 | symbols=95 | pairs=3916
2025-08-29 17:40:11,790 | WARNING | RON/USDT: fetch_ohlcv failed: binance does not have market symbol RON/USDT
2025-08-29 17:40:13,958 | WARNING | SATS/USDT: fetch_ohlcv failed: binance does not have market symbol SATS/USDT
2025-08-29 17:40:15,688 | WARNING | ASI/USDT: fetch_ohlcv failed: binance does not have market symbol ASI/USDT
2025-08-29 17:40:21,595 | WARNING | AIOZ/USDT: fetch_ohlcv failed: binance does not have market symbol AIOZ/USDT
2025-08-29 17:40:22,170 | WARNING | BLAST/USDT: fetch_ohlcv failed: binance does not have market symbol BLAST/USDT
2025-08-29 17:40:32,899 | INFO | Cycle 2025-08-29T14:40:32.899739+00:00 | timeframe=1h | lookback=500 | symbols=95 | pairs=3916
2025-08-29 17:41:52,654 | WARNING | RON/USDT: fetch_ohlcv failed: binance does not have market symbol RON/USDT
2025-08-29 17:41:54,113 | WARNING | SATS/USDT: fetch_ohlcv failed: binance does not have market symbol SATS/USDT
2025-08-29 17:41:55,855 | WARNING | ASI/USDT: fetch_ohlcv failed: binance does not have market symbol ASI/USDT
2025-08-29 17:42:01,111 | WARNING | AIOZ/USDT: fetch_ohlcv failed: binance does not have market symbol AIOZ/USDT
2025-08-29 17:42:01,691 | WARNING | BLAST/USDT: fetch_ohlcv failed: binance does not have market symbol BLAST/USDT
2025-08-29 17:42:13,041 | INFO | Cycle 2025-08-29T14:42:13.041525+00:00 | timeframe=1h | lookback=500 | symbols=95 | pairs=3916
2025-08-29 17:43:32,592 | WARNING | RON/USDT: fetch_ohlcv failed: binance does not have market symbol RON/USDT
2025-08-29 17:43:34,038 | WARNING | SATS/USDT: fetch_ohlcv failed: binance does not have market symbol SATS/USDT
2025-08-29 17:43:35,777 | WARNING | ASI/USDT: fetch_ohlcv failed: binance does not have market symbol ASI/USDT
2025-08-29 17:43:40,993 | WARNING | AIOZ/USDT: fetch_ohlcv failed: binance does not have market symbol AIOZ/USDT
2025-08-29 17:43:41,571 | WARNING | BLAST/USDT: fetch_ohlcv failed: binance does not have market symbol BLAST/USDT
2025-08-29 17:43:52,609 | INFO | Cycle 2025-08-29T14:43:52.609842+00:00 | timeframe=1h | lookback=500 | symbols=95 | pairs=3916
2025-08-29 17:45:19,392 | WARNING | RON/USDT: fetch_ohlcv failed: binance does not have market symbol RON/USDT
2025-08-29 17:45:21,313 | WARNING | SATS/USDT: fetch_ohlcv failed: binance does not have market symbol SATS/USDT
2025-08-29 17:45:24,252 | WARNING | ASI/USDT: fetch_ohlcv failed: binance does not have market symbol ASI/USDT
2025-08-29 17:45:30,139 | WARNING | AIOZ/USDT: fetch_ohlcv failed: binance does not have market symbol AIOZ/USDT
2025-08-29 17:45:30,715 | WARNING | BLAST/USDT: fetch_ohlcv failed: binance does not have market symbol BLAST/USDT
2025-08-29 17:45:41,674 | INFO | Cycle 2025-08-29T14:45:41.674757+00:00 | timeframe=1h | lookback=500 | symbols=95 | pairs=3916
2025-08-29 17:47:05,353 | WARNING | RON/USDT: fetch_ohlcv failed: binance does not have market symbol RON/USDT
2025-08-29 17:47:06,790 | WARNING | SATS/USDT: fetch_ohlcv failed: binance does not have market symbol SATS/USDT
2025-08-29 17:47:09,477 | WARNING | ASI/USDT: fetch_ohlcv failed: binance does not have market symbol ASI/USDT
2025-08-29 17:47:15,618 | WARNING | AIOZ/USDT: fetch_ohlcv failed: binance does not have market symbol AIOZ/USDT
2025-08-29 17:47:16,431 | WARNING | BLAST/USDT: fetch_ohlcv failed: binance does not have market symbol BLAST/USDT
2025-08-29 17:47:26,620 | INFO | Cycle 2025-08-29T14:47:26.620634+00:00 | timeframe=1h | lookback=500 | symbols=95 | pairs=3916
2025-08-29 17:48:46,059 | WARNING | RON/USDT: fetch_ohlcv failed: binance does not have market symbol RON/USDT
2025-08-29 17:48:47,504 | WARNING | SATS/USDT: fetch_ohlcv failed: binance does not have market symbol SATS/USDT
2025-08-29 17:48:49,967 | WARNING | ASI/USDT: fetch_ohlcv failed: binance does not have market symbol ASI/USDT
2025-08-29 17:48:55,879 | WARNING | AIOZ/USDT: fetch_ohlcv failed: binance does not have market symbol AIOZ/USDT
2025-08-29 17:48:56,454 | WARNING | BLAST/USDT: fetch_ohlcv failed: binance does not have market symbol BLAST/USDT
2025-08-29 17:49:07,549 | INFO | Cycle 2025-08-29T14:49:07.549354+00:00 | timeframe=1h | lookback=500 | symbols=95 | pairs=3916
2025-08-29 17:50:30,203 | WARNING | RON/USDT: fetch_ohlcv failed: binance does not have market symbol RON/USDT
2025-08-29 17:50:33,084 | WARNING | SATS/USDT: fetch_ohlcv failed: binance does not have market symbol SATS/USDT
2025-08-29 17:50:34,811 | WARNING | ASI/USDT: fetch_ohlcv failed: binance does not have market symbol ASI/USDT
2025-08-29 17:50:40,473 | WARNING | AIOZ/USDT: fetch_ohlcv failed: binance does not have market symbol AIOZ/USDT
2025-08-29 17:50:41,046 | WARNING | BLAST/USDT: fetch_ohlcv failed: binance does not have market symbol BLAST/USDT
2025-08-29 17:50:51,412 | INFO | Cycle 2025-08-29T14:50:51.412351+00:00 | timeframe=1h | lookback=500 | symbols=95 | pairs=3916
2025-08-29 18:00:21,827 | WARNING | RON/USDT: fetch_ohlcv failed: binance does not have market symbol RON/USDT
2025-08-29 18:00:23,270 | WARNING | SATS/USDT: fetch_ohlcv failed: binance does not have market symbol SATS/USDT
2025-08-29 18:00:26,449 | WARNING | ASI/USDT: fetch_ohlcv failed: binance does not have market symbol ASI/USDT
2025-08-29 18:00:33,069 | WARNING | AIOZ/USDT: fetch_ohlcv failed: binance does not have market symbol AIOZ/USDT
2025-08-29 18:00:33,642 | WARNING | BLAST/USDT: fetch_ohlcv failed: binance does not have market symbol BLAST/USDT
2025-08-29 18:00:43,985 | INFO | Cycle 2025-08-29T15:00:43.985725+00:00 | timeframe=1h | lookback=500 | symbols=95 | pairs=3916
2025-08-29 18:01:43,842 | INFO | Shutting down by user request.
2025-08-29 18:05:55,996 | INFO | Starting Correlation Scanner Bot
2025-08-29 18:06:21,775 | WARNING | RON/USDT: fetch_ohlcv failed: binance does not have market symbol RON/USDT
2025-08-29 18:06:23,945 | WARNING | SATS/USDT: fetch_ohlcv failed: binance does not have market symbol SATS/USDT
2025-08-29 18:06:26,414 | WARNING | ASI/USDT: fetch_ohlcv failed: binance does not have market symbol ASI/USDT
2025-08-29 18:06:33,558 | WARNING | AIOZ/USDT: fetch_ohlcv failed: binance does not have market symbol AIOZ/USDT
2025-08-29 18:06:34,136 | WARNING | BLAST/USDT: fetch_ohlcv failed: binance does not have market symbol BLAST/USDT
2025-08-29 18:06:44,639 | INFO | Cycle 2025-08-29T15:06:44.639933+00:00 | timeframe=1h | lookback=500 | symbols=95 | pairs=3916
2025-08-29 18:06:44,713 | INFO | Scheduled every 1 minute(s)
2025-08-29 18:08:06,040 | WARNING | RON/USDT: fetch_ohlcv failed: binance does not have market symbol RON/USDT
2025-08-29 18:08:09,916 | WARNING | SATS/USDT: fetch_ohlcv failed: binance does not have market symbol SATS/USDT
2025-08-29 18:08:11,903 | WARNING | ASI/USDT: fetch_ohlcv failed: binance does not have market symbol ASI/USDT
2025-08-29 18:08:18,348 | WARNING | AIOZ/USDT: fetch_ohlcv failed: binance does not have market symbol AIOZ/USDT
2025-08-29 18:08:18,928 | WARNING | BLAST/USDT: fetch_ohlcv failed: binance does not have market symbol BLAST/USDT
2025-08-29 18:08:29,634 | INFO | Cycle 2025-08-29T15:08:29.634631+00:00 | timeframe=1h | lookback=500 | symbols=95 | pairs=3916
2025-08-29 18:09:50,065 | WARNING | RON/USDT: fetch_ohlcv failed: binance does not have market symbol RON/USDT
2025-08-29 18:09:51,728 | WARNING | SATS/USDT: fetch_ohlcv failed: binance does not have market symbol SATS/USDT
2025-08-29 18:09:54,401 | WARNING | ASI/USDT: fetch_ohlcv failed: binance does not have market symbol ASI/USDT
2025-08-29 18:10:00,984 | WARNING | AIOZ/USDT: fetch_ohlcv failed: binance does not have market symbol AIOZ/USDT
2025-08-29 18:10:01,562 | WARNING | BLAST/USDT: fetch_ohlcv failed: binance does not have market symbol BLAST/USDT
2025-08-29 18:10:13,511 | INFO | Cycle 2025-08-29T15:10:13.511340+00:00 | timeframe=1h | lookback=500 | symbols=95 | pairs=3916
2025-08-29 18:11:36,790 | WARNING | RON/USDT: fetch_ohlcv failed: binance does not have market symbol RON/USDT
2025-08-29 18:11:38,213 | WARNING | SATS/USDT: fetch_ohlcv failed: binance does not have market symbol SATS/USDT
2025-08-29 18:11:40,409 | WARNING | ASI/USDT: fetch_ohlcv failed: binance does not have market symbol ASI/USDT
2025-08-29 18:11:46,233 | WARNING | AIOZ/USDT: fetch_ohlcv failed: binance does not have market symbol AIOZ/USDT
2025-08-29 18:11:46,802 | WARNING | BLAST/USDT: fetch_ohlcv failed: binance does not have market symbol BLAST/USDT
2025-08-29 18:11:57,853 | INFO | Cycle 2025-08-29T15:11:57.853863+00:00 | timeframe=1h | lookback=500 | symbols=95 | pairs=3916
2025-08-29 18:13:19,730 | WARNING | RON/USDT: fetch_ohlcv failed: binance does not have market symbol RON/USDT
2025-08-29 18:13:21,204 | WARNING | SATS/USDT: fetch_ohlcv failed: binance does not have market symbol SATS/USDT
2025-08-29 18:13:22,963 | WARNING | ASI/USDT: fetch_ohlcv failed: binance does not have market symbol ASI/USDT
2025-08-29 18:13:28,238 | WARNING | AIOZ/USDT: fetch_ohlcv failed: binance does not have market symbol AIOZ/USDT
2025-08-29 18:13:28,827 | WARNING | BLAST/USDT: fetch_ohlcv failed: binance does not have market symbol BLAST/USDT
2025-08-29 18:13:42,305 | INFO | Cycle 2025-08-29T15:13:42.305214+00:00 | timeframe=1h | lookback=500 | symbols=95 | pairs=3916
2025-08-29 18:15:03,284 | WARNING | RON/USDT: fetch_ohlcv failed: binance does not have market symbol RON/USDT
2025-08-29 18:15:04,882 | WARNING | SATS/USDT: fetch_ohlcv failed: binance does not have market symbol SATS/USDT
2025-08-29 18:15:06,669 | WARNING | ASI/USDT: fetch_ohlcv failed: binance does not have market symbol ASI/USDT
2025-08-29 18:15:11,969 | WARNING | AIOZ/USDT: fetch_ohlcv failed: binance does not have market symbol AIOZ/USDT
2025-08-29 18:15:12,557 | WARNING | BLAST/USDT: fetch_ohlcv failed: binance does not have market symbol BLAST/USDT
2025-08-29 18:15:26,378 | INFO | Cycle 2025-08-29T15:15:26.378635+00:00 | timeframe=1h | lookback=500 | symbols=95 | pairs=3916
2025-08-29 18:55:13,337 | WARNING | ADA/USDT: fetch_ohlcv failed: binance GET https://api.binance.com/api/v3/klines?interval=1h&limit=500&symbol=ADAUSDT
2025-08-29 18:55:13,359 | WARNING | DOGE/USDT: fetch_ohlcv failed: binance GET https://api.binance.com/api/v3/klines?interval=1h&limit=500&symbol=DOGEUSDT
2025-08-29 18:55:13,382 | WARNING | AVAX/USDT: fetch_ohlcv failed: binance GET https://api.binance.com/api/v3/klines?interval=1h&limit=500&symbol=AVAXUSDT
2025-08-29 18:55:13,403 | WARNING | LINK/USDT: fetch_ohlcv failed: binance GET https://api.binance.com/api/v3/klines?interval=1h&limit=500&symbol=LINKUSDT
2025-08-29 18:55:13,422 | WARNING | MATIC/USDT: fetch_ohlcv failed: binance GET https://api.binance.com/api/v3/klines?interval=1h&limit=500&symbol=MATICUSDT
2025-08-29 18:55:13,443 | WARNING | TRX/USDT: fetch_ohlcv failed: binance GET https://api.binance.com/api/v3/klines?interval=1h&limit=500&symbol=TRXUSDT
2025-08-29 18:55:13,465 | WARNING | TON/USDT: fetch_ohlcv failed: binance GET https://api.binance.com/api/v3/klines?interval=1h&limit=500&symbol=TONUSDT
2025-08-29 18:55:13,488 | WARNING | DOT/USDT: fetch_ohlcv failed: binance GET https://api.binance.com/api/v3/klines?interval=1h&limit=500&symbol=DOTUSDT
2025-08-29 18:55:13,532 | WARNING | LTC/USDT: fetch_ohlcv failed: binance GET https://api.binance.com/api/v3/klines?interval=1h&limit=500&symbol=LTCUSDT
2025-08-29 18:55:13,532 | WARNING | BCH/USDT: fetch_ohlcv failed: binance GET https://api.binance.com/api/v3/klines?interval=1h&limit=500&symbol=BCHUSDT
2025-08-29 18:55:13,557 | WARNING | ICP/USDT: fetch_ohlcv failed: binance GET https://api.binance.com/api/v3/klines?interval=1h&limit=500&symbol=ICPUSDT
2025-08-29 18:55:13,596 | WARNING | ATOM/USDT: fetch_ohlcv failed: binance GET https://api.binance.com/api/v3/klines?interval=1h&limit=500&symbol=ATOMUSDT
2025-08-29 18:55:13,599 | WARNING | NEAR/USDT: fetch_ohlcv failed: binance GET https://api.binance.com/api/v3/klines?interval=1h&limit=500&symbol=NEARUSDT
2025-08-29 18:55:13,639 | WARNING | APT/USDT: fetch_ohlcv failed: binance GET https://api.binance.com/api/v3/klines?interval=1h&limit=500&symbol=APTUSDT
2025-08-29 18:55:13,643 | WARNING | SUI/USDT: fetch_ohlcv failed: binance GET https://api.binance.com/api/v3/klines?interval=1h&limit=500&symbol=SUIUSDT
2025-08-29 18:55:13,684 | WARNING | ARB/USDT: fetch_ohlcv failed: binance GET https://api.binance.com/api/v3/klines?interval=1h&limit=500&symbol=ARBUSDT
2025-08-29 18:55:13,684 | WARNING | OP/USDT: fetch_ohlcv failed: binance GET https://api.binance.com/api/v3/klines?interval=1h&limit=500&symbol=OPUSDT
2025-08-29 18:55:13,937 | WARNING | KAS/USDT: fetch_ohlcv failed: binance GET https://fapi.binance.com/fapi/v1/klines?interval=1h&limit=500&symbol=KASUSDT
2025-08-29 18:55:13,970 | WARNING | STX/USDT: fetch_ohlcv failed: binance GET https://api.binance.com/api/v3/klines?interval=1h&limit=500&symbol=STXUSDT
2025-08-29 18:55:13,980 | WARNING | FIL/USDT: fetch_ohlcv failed: binance GET https://api.binance.com/api/v3/klines?interval=1h&limit=500&symbol=FILUSDT
2025-08-29 18:55:14,027 | WARNING | IMX/USDT: fetch_ohlcv failed: binance GET https://api.binance.com/api/v3/klines?interval=1h&limit=500&symbol=IMXUSDT
2025-08-29 18:55:14,027 | WARNING | INJ/USDT: fetch_ohlcv failed: binance GET https://api.binance.com/api/v3/klines?interval=1h&limit=500&symbol=INJUSDT
2025-08-29 18:55:14,068 | WARNING | RNDR/USDT: fetch_ohlcv failed: binance GET https://api.binance.com/api/v3/klines?interval=1h&limit=500&symbol=RNDRUSDT
2025-08-29 18:55:14,094 | WARNING | TIA/USDT: fetch_ohlcv failed: binance GET https://api.binance.com/api/v3/klines?interval=1h&limit=500&symbol=TIAUSDT
2025-08-29 18:55:14,107 | WARNING | RUNE/USDT: fetch_ohlcv failed: binance GET https://api.binance.com/api/v3/klines?interval=1h&limit=500&symbol=RUNEUSDT
2025-08-29 18:55:14,134 | WARNING | LDO/USDT: fetch_ohlcv failed: binance GET https://api.binance.com/api/v3/klines?interval=1h&limit=500&symbol=LDOUSDT
2025-08-29 18:55:14,151 | WARNING | AAVE/USDT: fetch_ohlcv failed: binance GET https://api.binance.com/api/v3/klines?interval=1h&limit=500&symbol=AAVEUSDT
2025-08-29 18:55:14,155 | WARNING | UNI/USDT: fetch_ohlcv failed: binance GET https://api.binance.com/api/v3/klines?interval=1h&limit=500&symbol=UNIUSDT
2025-08-29 18:55:14,195 | WARNING | MKR/USDT: fetch_ohlcv failed: binance GET https://api.binance.com/api/v3/klines?interval=1h&limit=500&symbol=MKRUSDT
2025-08-29 18:55:14,223 | WARNING | PENDLE/USDT: fetch_ohlcv failed: binance GET https://api.binance.com/api/v3/klines?interval=1h&limit=500&symbol=PENDLEUSDT
2025-08-29 18:55:14,224 | WARNING | DYDX/USDT: fetch_ohlcv failed: binance GET https://api.binance.com/api/v3/klines?interval=1h&limit=500&symbol=DYDXUSDT
2025-08-29 18:55:14,245 | WARNING | GMX/USDT: fetch_ohlcv failed: binance GET https://api.binance.com/api/v3/klines?interval=1h&limit=500&symbol=GMXUSDT
2025-08-29 18:55:14,268 | WARNING | CRV/USDT: fetch_ohlcv failed: binance GET https://api.binance.com/api/v3/klines?interval=1h&limit=500&symbol=CRVUSDT
2025-08-29 18:55:14,309 | WARNING | COMP/USDT: fetch_ohlcv failed: binance GET https://api.binance.com/api/v3/klines?interval=1h&limit=500&symbol=COMPUSDT
2025-08-29 18:55:14,321 | WARNING | CAKE/USDT: fetch_ohlcv failed: binance GET https://api.binance.com/api/v3/klines?interval=1h&limit=500&symbol=CAKEUSDT
2025-08-29 18:55:14,352 | WARNING | GRT/USDT: fetch_ohlcv failed: binance GET https://api.binance.com/api/v3/klines?interval=1h&limit=500&symbol=GRTUSDT
2025-08-29 18:55:14,366 | WARNING | HBAR/USDT: fetch_ohlcv failed: binance GET https://api.binance.com/api/v3/klines?interval=1h&limit=500&symbol=HBARUSDT
2025-08-29 18:55:14,375 | WARNING | QNT/USDT: fetch_ohlcv failed: binance GET https://api.binance.com/api/v3/klines?interval=1h&limit=500&symbol=QNTUSDT
2025-08-29 18:55:14,407 | WARNING | VET/USDT: fetch_ohlcv failed: binance GET https://api.binance.com/api/v3/klines?interval=1h&limit=500&symbol=VETUSDT
2025-08-29 18:55:14,439 | WARNING | ALGO/USDT: fetch_ohlcv failed: binance GET https://api.binance.com/api/v3/klines?interval=1h&limit=500&symbol=ALGOUSDT
2025-08-29 18:55:14,439 | WARNING | XLM/USDT: fetch_ohlcv failed: binance GET https://api.binance.com/api/v3/klines?interval=1h&limit=500&symbol=XLMUSDT
2025-08-29 18:55:14,488 | WARNING | XMR/USDT: fetch_ohlcv failed: binance GET https://api.binance.com/api/v3/klines?interval=1h&limit=500&symbol=XMRUSDT
2025-08-29 18:55:14,488 | WARNING | WLD/USDT: fetch_ohlcv failed: binance GET https://api.binance.com/api/v3/klines?interval=1h&limit=500&symbol=WLDUSDT
2025-08-29 18:55:14,532 | WARNING | ONDO/USDT: fetch_ohlcv failed: binance GET https://api.binance.com/api/v3/klines?interval=1h&limit=500&symbol=ONDOUSDT
2025-08-29 18:55:14,545 | WARNING | AR/USDT: fetch_ohlcv failed: binance GET https://api.binance.com/api/v3/klines?interval=1h&limit=500&symbol=ARUSDT
2025-08-29 18:55:14,577 | WARNING | EGLD/USDT: fetch_ohlcv failed: binance GET https://api.binance.com/api/v3/klines?interval=1h&limit=500&symbol=EGLDUSDT
2025-08-29 18:55:14,578 | WARNING | THETA/USDT: fetch_ohlcv failed: binance GET https://api.binance.com/api/v3/klines?interval=1h&limit=500&symbol=THETAUSDT
2025-08-29 18:55:14,600 | WARNING | KAVA/USDT: fetch_ohlcv failed: binance GET https://api.binance.com/api/v3/klines?interval=1h&limit=500&symbol=KAVAUSDT
2025-08-29 18:55:14,622 | WARNING | CHZ/USDT: fetch_ohlcv failed: binance GET https://api.binance.com/api/v3/klines?interval=1h&limit=500&symbol=CHZUSDT
2025-08-29 18:55:14,642 | WARNING | ENJ/USDT: fetch_ohlcv failed: binance GET https://api.binance.com/api/v3/klines?interval=1h&limit=500&symbol=ENJUSDT
2025-08-29 18:55:14,680 | WARNING | AXS/USDT: fetch_ohlcv failed: binance GET https://api.binance.com/api/v3/klines?interval=1h&limit=500&symbol=AXSUSDT
2025-08-29 18:55:14,707 | WARNING | SAND/USDT: fetch_ohlcv failed: binance GET https://api.binance.com/api/v3/klines?interval=1h&limit=500&symbol=SANDUSDT
2025-08-29 18:55:14,707 | WARNING | MANA/USDT: fetch_ohlcv failed: binance GET https://api.binance.com/api/v3/klines?interval=1h&limit=500&symbol=MANAUSDT
2025-08-29 18:55:14,707 | WARNING | RON/USDT: fetch_ohlcv failed: binance does not have market symbol RON/USDT
2025-08-29 18:55:14,751 | WARNING | GALA/USDT: fetch_ohlcv failed: binance GET https://api.binance.com/api/v3/klines?interval=1h&limit=500&symbol=GALAUSDT
2025-08-29 18:55:14,767 | WARNING | PYTH/USDT: fetch_ohlcv failed: binance GET https://api.binance.com/api/v3/klines?interval=1h&limit=500&symbol=PYTHUSDT
2025-08-29 18:55:14,772 | WARNING | STRK/USDT: fetch_ohlcv failed: binance GET https://api.binance.com/api/v3/klines?interval=1h&limit=500&symbol=STRKUSDT
2025-08-29 18:55:14,815 | WARNING | ZK/USDT: fetch_ohlcv failed: binance GET https://api.binance.com/api/v3/klines?interval=1h&limit=500&symbol=ZKUSDT
2025-08-29 18:55:14,832 | WARNING | ORDI/USDT: fetch_ohlcv failed: binance GET https://api.binance.com/api/v3/klines?interval=1h&limit=500&symbol=ORDIUSDT
2025-08-29 18:55:14,832 | WARNING | SATS/USDT: fetch_ohlcv failed: binance does not have market symbol SATS/USDT
2025-08-29 18:55:14,848 | WARNING | JUP/USDT: fetch_ohlcv failed: binance GET https://api.binance.com/api/v3/klines?interval=1h&limit=500&symbol=JUPUSDT
2025-08-29 18:55:14,881 | WARNING | BONK/USDT: fetch_ohlcv failed: binance GET https://api.binance.com/api/v3/klines?interval=1h&limit=500&symbol=BONKUSDT
2025-08-29 18:55:14,881 | WARNING | WIF/USDT: fetch_ohlcv failed: binance GET https://api.binance.com/api/v3/klines?interval=1h&limit=500&symbol=WIFUSDT
2025-08-29 18:55:14,925 | WARNING | PEPE/USDT: fetch_ohlcv failed: binance GET https://api.binance.com/api/v3/klines?interval=1h&limit=500&symbol=PEPEUSDT
2025-08-29 18:55:14,927 | WARNING | FLOKI/USDT: fetch_ohlcv failed: binance GET https://api.binance.com/api/v3/klines?interval=1h&limit=500&symbol=FLOKIUSDT
2025-08-29 18:55:14,958 | WARNING | TAO/USDT: fetch_ohlcv failed: binance GET https://api.binance.com/api/v3/klines?interval=1h&limit=500&symbol=TAOUSDT
2025-08-29 18:55:14,959 | WARNING | ASI/USDT: fetch_ohlcv failed: binance does not have market symbol ASI/USDT
2025-08-29 18:55:14,968 | WARNING | TWT/USDT: fetch_ohlcv failed: binance GET https://api.binance.com/api/v3/klines?interval=1h&limit=500&symbol=TWTUSDT
2025-08-29 18:55:15,006 | WARNING | 1INCH/USDT: fetch_ohlcv failed: binance GET https://api.binance.com/api/v3/klines?interval=1h&limit=500&symbol=1INCHUSDT
2025-08-29 18:55:15,022 | WARNING | RPL/USDT: fetch_ohlcv failed: binance GET https://api.binance.com/api/v3/klines?interval=1h&limit=500&symbol=RPLUSDT
2025-08-29 18:55:15,047 | WARNING | HNT/USDT: fetch_ohlcv failed: binance GET https://api.binance.com/api/v3/klines?interval=1h&limit=500&symbol=HNTUSDT
2025-08-29 18:55:15,055 | WARNING | IOTX/USDT: fetch_ohlcv failed: binance GET https://api.binance.com/api/v3/klines?interval=1h&limit=500&symbol=IOTXUSDT
2025-08-29 18:55:15,084 | WARNING | MINA/USDT: fetch_ohlcv failed: binance GET https://api.binance.com/api/v3/klines?interval=1h&limit=500&symbol=MINAUSDT
2025-08-29 18:55:15,109 | WARNING | SC/USDT: fetch_ohlcv failed: binance GET https://api.binance.com/api/v3/klines?interval=1h&limit=500&symbol=SCUSDT
2025-08-29 18:55:15,125 | WARNING | FTM/USDT: fetch_ohlcv failed: binance GET https://api.binance.com/api/v3/klines?interval=1h&limit=500&symbol=FTMUSDT
2025-08-29 18:55:15,150 | WARNING | ROSE/USDT: fetch_ohlcv failed: binance GET https://api.binance.com/api/v3/klines?interval=1h&limit=500&symbol=ROSEUSDT
2025-08-29 18:55:15,175 | WARNING | KLAY/USDT: fetch_ohlcv failed: binance GET https://api.binance.com/api/v3/klines?interval=1h&limit=500&symbol=KLAYUSDT
2025-08-29 18:55:15,199 | WARNING | CFX/USDT: fetch_ohlcv failed: binance GET https://api.binance.com/api/v3/klines?interval=1h&limit=500&symbol=CFXUSDT
2025-08-29 18:55:15,211 | WARNING | NEO/USDT: fetch_ohlcv failed: binance GET https://api.binance.com/api/v3/klines?interval=1h&limit=500&symbol=NEOUSDT
2025-08-29 18:55:15,236 | WARNING | XTZ/USDT: fetch_ohlcv failed: binance GET https://api.binance.com/api/v3/klines?interval=1h&limit=500&symbol=XTZUSDT
2025-08-29 18:55:15,262 | WARNING | DYM/USDT: fetch_ohlcv failed: binance GET https://api.binance.com/api/v3/klines?interval=1h&limit=500&symbol=DYMUSDT
2025-08-29 18:55:15,275 | WARNING | JTO/USDT: fetch_ohlcv failed: binance GET https://api.binance.com/api/v3/klines?interval=1h&limit=500&symbol=JTOUSDT
2025-08-29 18:55:15,301 | WARNING | TNSR/USDT: fetch_ohlcv failed: binance GET https://api.binance.com/api/v3/klines?interval=1h&limit=500&symbol=TNSRUSDT
2025-08-29 18:55:15,327 | WARNING | RAY/USDT: fetch_ohlcv failed: binance GET https://api.binance.com/api/v3/klines?interval=1h&limit=500&symbol=RAYUSDT
2025-08-29 18:55:15,340 | WARNING | SEI/USDT: fetch_ohlcv failed: binance GET https://api.binance.com/api/v3/klines?interval=1h&limit=500&symbol=SEIUSDT
2025-08-29 18:55:15,340 | WARNING | AIOZ/USDT: fetch_ohlcv failed: binance does not have market symbol AIOZ/USDT
2025-08-29 18:55:15,351 | WARNING | OSMO/USDT: fetch_ohlcv failed: binance GET https://api.binance.com/api/v3/klines?interval=1h&limit=500&symbol=OSMOUSDT
2025-08-29 18:55:15,381 | WARNING | POLYX/USDT: fetch_ohlcv failed: binance GET https://api.binance.com/api/v3/klines?interval=1h&limit=500&symbol=POLYXUSDT
2025-08-29 18:55:15,381 | WARNING | BLAST/USDT: fetch_ohlcv failed: binance does not have market symbol BLAST/USDT
2025-08-29 18:55:15,411 | WARNING | ZRO/USDT: fetch_ohlcv failed: binance GET https://api.binance.com/api/v3/klines?interval=1h&limit=500&symbol=ZROUSDT
2025-08-29 18:55:15,428 | WARNING | AEVO/USDT: fetch_ohlcv failed: binance GET https://api.binance.com/api/v3/klines?interval=1h&limit=500&symbol=AEVOUSDT
2025-08-29 18:55:15,462 | WARNING | ALT/USDT: fetch_ohlcv failed: binance GET https://api.binance.com/api/v3/klines?interval=1h&limit=500&symbol=ALTUSDT
2025-08-29 18:55:15,700 | WARNING | BRETT/USDT: fetch_ohlcv failed: binance GET https://fapi.binance.com/fapi/v1/klines?interval=1h&limit=500&symbol=BRETTUSDT
2025-08-30 11:53:51,500 | WARNING | W/USDT: fetch_ohlcv failed: binance GET https://api.binance.com/api/v3/klines?interval=1h&limit=500&symbol=WUSDT
2025-08-30 11:53:51,506 | WARNING | ENS/USDT: fetch_ohlcv failed: binance GET https://api.binance.com/api/v3/klines?interval=1h&limit=500&symbol=ENSUSDT
2025-08-30 11:53:51,534 | INFO | Cycle 2025-08-30T08:53:51.534122+00:00 | timeframe=1h | lookback=500 | symbols=5 | pairs=10
2025-08-30 11:54:15,493 | INFO | Shutting down by user request.
2025-08-30 12:26:47,539 | INFO | Starting Correlation Scanner Bot
2025-08-30 12:27:11,135 | WARNING | RON/USDT: fetch_ohlcv failed: binance does not have market symbol RON/USDT
2025-08-30 12:27:13,554 | WARNING | SATS/USDT: fetch_ohlcv failed: binance does not have market symbol SATS/USDT
2025-08-30 12:27:15,297 | WARNING | ASI/USDT: fetch_ohlcv failed: binance does not have market symbol ASI/USDT
2025-08-30 12:27:22,655 | WARNING | AIOZ/USDT: fetch_ohlcv failed: binance does not have market symbol AIOZ/USDT
2025-08-30 12:27:23,231 | WARNING | BLAST/USDT: fetch_ohlcv failed: binance does not have market symbol BLAST/USDT
2025-08-30 12:27:33,589 | INFO | Cycle 2025-08-30T09:27:33.589239+00:00 | timeframe=1h | lookback=500 | symbols=95 | pairs=3916
2025-08-30 12:27:33,670 | INFO | Scheduled every 1 minute(s)
2025-08-30 12:28:53,898 | WARNING | RON/USDT: fetch_ohlcv failed: binance does not have market symbol RON/USDT
2025-08-30 12:28:56,098 | WARNING | SATS/USDT: fetch_ohlcv failed: binance does not have market symbol SATS/USDT
2025-08-30 12:28:57,827 | WARNING | ASI/USDT: fetch_ohlcv failed: binance does not have market symbol ASI/USDT
2025-08-30 12:29:03,251 | WARNING | AIOZ/USDT: fetch_ohlcv failed: binance does not have market symbol AIOZ/USDT
2025-08-30 12:29:03,831 | WARNING | BLAST/USDT: fetch_ohlcv failed: binance does not have market symbol BLAST/USDT
2025-08-30 12:29:15,226 | INFO | Cycle 2025-08-30T09:29:15.226633+00:00 | timeframe=1h | lookback=500 | symbols=95 | pairs=3916
2025-08-30 12:30:34,575 | WARNING | RON/USDT: fetch_ohlcv failed: binance does not have market symbol RON/USDT
2025-08-30 12:30:36,016 | WARNING | SATS/USDT: fetch_ohlcv failed: binance does not have market symbol SATS/USDT
2025-08-30 12:30:37,747 | WARNING | ASI/USDT: fetch_ohlcv failed: binance does not have market symbol ASI/USDT
2025-08-30 12:30:42,940 | WARNING | AIOZ/USDT: fetch_ohlcv failed: binance does not have market symbol AIOZ/USDT
2025-08-30 12:30:43,516 | WARNING | BLAST/USDT: fetch_ohlcv failed: binance does not have market symbol BLAST/USDT
2025-08-30 12:30:54,527 | INFO | Cycle 2025-08-30T09:30:54.527375+00:00 | timeframe=1h | lookback=500 | symbols=95 | pairs=3916
2025-08-30 12:32:17,595 | WARNING | RON/USDT: fetch_ohlcv failed: binance does not have market symbol RON/USDT
2025-08-30 12:32:19,989 | WARNING | SATS/USDT: fetch_ohlcv failed: binance does not have market symbol SATS/USDT
2025-08-30 12:32:23,207 | WARNING | ASI/USDT: fetch_ohlcv failed: binance does not have market symbol ASI/USDT
2025-08-30 12:32:28,360 | WARNING | AIOZ/USDT: fetch_ohlcv failed: binance does not have market symbol AIOZ/USDT
2025-08-30 12:32:28,932 | WARNING | BLAST/USDT: fetch_ohlcv failed: binance does not have market symbol BLAST/USDT
2025-08-30 12:32:39,213 | INFO | Cycle 2025-08-30T09:32:39.213091+00:00 | timeframe=1h | lookback=500 | symbols=95 | pairs=3916
2025-08-30 12:34:00,850 | WARNING | RON/USDT: fetch_ohlcv failed: binance does not have market symbol RON/USDT
2025-08-30 12:34:02,289 | WARNING | SATS/USDT: fetch_ohlcv failed: binance does not have market symbol SATS/USDT
2025-08-30 12:34:04,250 | WARNING | ASI/USDT: fetch_ohlcv failed: binance does not have market symbol ASI/USDT
2025-08-30 12:34:09,628 | WARNING | AIOZ/USDT: fetch_ohlcv failed: binance does not have market symbol AIOZ/USDT
2025-08-30 12:34:10,436 | WARNING | BLAST/USDT: fetch_ohlcv failed: binance does not have market symbol BLAST/USDT
2025-08-30 12:34:20,878 | INFO | Cycle 2025-08-30T09:34:20.878220+00:00 | timeframe=1h | lookback=500 | symbols=95 | pairs=3916
2025-08-30 12:35:41,011 | WARNING | RON/USDT: fetch_ohlcv failed: binance does not have market symbol RON/USDT
2025-08-30 12:35:42,465 | WARNING | SATS/USDT: fetch_ohlcv failed: binance does not have market symbol SATS/USDT
2025-08-30 12:35:44,205 | WARNING | ASI/USDT: fetch_ohlcv failed: binance does not have market symbol ASI/USDT
2025-08-30 12:35:50,846 | WARNING | AIOZ/USDT: fetch_ohlcv failed: binance does not have market symbol AIOZ/USDT
2025-08-30 12:35:51,425 | WARNING | BLAST/USDT: fetch_ohlcv failed: binance does not have market symbol BLAST/USDT
2025-08-30 12:36:02,548 | INFO | Cycle 2025-08-30T09:36:02.548845+00:00 | timeframe=1h | lookback=500 | symbols=95 | pairs=3916
2025-08-30 12:36:27,600 | INFO | Shutting down by user request.
2025-08-30 12:36:32,570 | INFO | Starting Correlation Scanner Bot
2025-08-30 12:36:51,922 | WARNING | RON/USDT: fetch_ohlcv failed: binance does not have market symbol RON/USDT
2025-08-30 12:36:53,374 | WARNING | SATS/USDT: fetch_ohlcv failed: binance does not have market symbol SATS/USDT
2025-08-30 12:36:55,109 | WARNING | ASI/USDT: fetch_ohlcv failed: binance does not have market symbol ASI/USDT
2025-08-30 12:37:00,327 | WARNING | AIOZ/USDT: fetch_ohlcv failed: binance does not have market symbol AIOZ/USDT
2025-08-30 12:37:00,905 | WARNING | BLAST/USDT: fetch_ohlcv failed: binance does not have market symbol BLAST/USDT
2025-08-30 12:37:11,417 | INFO | Cycle 2025-08-30T09:37:11.417178+00:00 | timeframe=1h | lookback=500 | symbols=95 | pairs=3916
2025-08-30 12:37:11,493 | INFO | Scheduled every 1 minute(s)
2025-08-30 12:38:34,898 | WARNING | RON/USDT: fetch_ohlcv failed: binance does not have market symbol RON/USDT
2025-08-30 12:38:37,052 | WARNING | SATS/USDT: fetch_ohlcv failed: binance does not have market symbol SATS/USDT
2025-08-30 12:38:39,735 | WARNING | ASI/USDT: fetch_ohlcv failed: binance does not have market symbol ASI/USDT
2025-08-30 12:38:46,348 | WARNING | AIOZ/USDT: fetch_ohlcv failed: binance does not have market symbol AIOZ/USDT
2025-08-30 12:38:47,166 | WARNING | BLAST/USDT: fetch_ohlcv failed: binance does not have market symbol BLAST/USDT
2025-08-30 12:38:57,492 | INFO | Cycle 2025-08-30T09:38:57.492715+00:00 | timeframe=1h | lookback=500 | symbols=95 | pairs=3916
2025-08-30 12:40:17,964 | WARNING | RON/USDT: fetch_ohlcv failed: binance does not have market symbol RON/USDT
2025-08-30 12:40:19,381 | WARNING | SATS/USDT: fetch_ohlcv failed: binance does not have market symbol SATS/USDT
2025-08-30 12:40:21,087 | WARNING | ASI/USDT: fetch_ohlcv failed: binance does not have market symbol ASI/USDT
2025-08-30 12:40:26,930 | WARNING | AIOZ/USDT: fetch_ohlcv failed: binance does not have market symbol AIOZ/USDT
2025-08-30 12:40:27,496 | WARNING | BLAST/USDT: fetch_ohlcv failed: binance does not have market symbol BLAST/USDT
2025-08-30 12:40:38,156 | INFO | Cycle 2025-08-30T09:40:38.156623+00:00 | timeframe=1h | lookback=500 | symbols=95 | pairs=3916
2025-08-30 12:42:01,015 | WARNING | RON/USDT: fetch_ohlcv failed: binance does not have market symbol RON/USDT
2025-08-30 12:42:02,438 | WARNING | SATS/USDT: fetch_ohlcv failed: binance does not have market symbol SATS/USDT
2025-08-30 12:42:04,140 | WARNING | ASI/USDT: fetch_ohlcv failed: binance does not have market symbol ASI/USDT
2025-08-30 12:42:10,457 | WARNING | AIOZ/USDT: fetch_ohlcv failed: binance does not have market symbol AIOZ/USDT
2025-08-30 12:42:11,266 | WARNING | BLAST/USDT: fetch_ohlcv failed: binance does not have market symbol BLAST/USDT
2025-08-30 12:42:21,994 | INFO | Cycle 2025-08-30T09:42:21.994812+00:00 | timeframe=1h | lookback=500 | symbols=95 | pairs=3916
2025-08-30 12:43:41,159 | WARNING | RON/USDT: fetch_ohlcv failed: binance does not have market symbol RON/USDT
2025-08-30 12:43:42,579 | WARNING | SATS/USDT: fetch_ohlcv failed: binance does not have market symbol SATS/USDT
2025-08-30 12:43:44,288 | WARNING | ASI/USDT: fetch_ohlcv failed: binance does not have market symbol ASI/USDT
2025-08-30 12:43:49,403 | WARNING | AIOZ/USDT: fetch_ohlcv failed: binance does not have market symbol AIOZ/USDT
2025-08-30 12:43:49,971 | WARNING | BLAST/USDT: fetch_ohlcv failed: binance does not have market symbol BLAST/USDT
2025-08-30 12:44:00,459 | INFO | Cycle 2025-08-30T09:44:00.459167+00:00 | timeframe=1h | lookback=500 | symbols=95 | pairs=3916
2025-08-30 12:45:19,909 | WARNING | RON/USDT: fetch_ohlcv failed: binance does not have market symbol RON/USDT
2025-08-30 12:45:21,356 | WARNING | SATS/USDT: fetch_ohlcv failed: binance does not have market symbol SATS/USDT
2025-08-30 12:45:23,101 | WARNING | ASI/USDT: fetch_ohlcv failed: binance does not have market symbol ASI/USDT
2025-08-30 12:45:28,317 | WARNING | AIOZ/USDT: fetch_ohlcv failed: binance does not have market symbol AIOZ/USDT
2025-08-30 12:45:28,895 | WARNING | BLAST/USDT: fetch_ohlcv failed: binance does not have market symbol BLAST/USDT
2025-08-30 12:45:39,515 | INFO | Cycle 2025-08-30T09:45:39.515581+00:00 | timeframe=1h | lookback=500 | symbols=95 | pairs=3916
2025-08-30 13:26:10,255 | WARNING | QNT/USDT: fetch_ohlcv failed: binance GET https://api.binance.com/api/v3/klines?interval=1h&limit=500&symbol=QNTUSDT
2025-08-30 13:26:16,874 | WARNING | RON/USDT: fetch_ohlcv failed: binance does not have market symbol RON/USDT
2025-08-30 13:26:18,357 | WARNING | SATS/USDT: fetch_ohlcv failed: binance does not have market symbol SATS/USDT
2025-08-30 13:26:21,562 | WARNING | ASI/USDT: fetch_ohlcv failed: binance does not have market symbol ASI/USDT
2025-08-30 13:26:27,231 | WARNING | AIOZ/USDT: fetch_ohlcv failed: binance does not have market symbol AIOZ/USDT
2025-08-30 13:26:27,807 | WARNING | BLAST/USDT: fetch_ohlcv failed: binance does not have market symbol BLAST/USDT
2025-08-30 13:26:37,999 | INFO | Cycle 2025-08-30T10:26:37.999012+00:00 | timeframe=1h | lookback=500 | symbols=94 | pairs=3828
2025-08-30 13:27:57,409 | WARNING | RON/USDT: fetch_ohlcv failed: binance does not have market symbol RON/USDT
2025-08-30 13:27:58,849 | WARNING | SATS/USDT: fetch_ohlcv failed: binance does not have market symbol SATS/USDT
2025-08-30 13:28:00,573 | WARNING | ASI/USDT: fetch_ohlcv failed: binance does not have market symbol ASI/USDT
2025-08-30 13:28:05,743 | WARNING | AIOZ/USDT: fetch_ohlcv failed: binance does not have market symbol AIOZ/USDT
2025-08-30 13:28:07,051 | WARNING | BLAST/USDT: fetch_ohlcv failed: binance does not have market symbol BLAST/USDT
2025-08-30 13:28:17,356 | INFO | Cycle 2025-08-30T10:28:17.356047+00:00 | timeframe=1h | lookback=500 | symbols=95 | pairs=3916
2025-08-30 13:29:39,864 | WARNING | RON/USDT: fetch_ohlcv failed: binance does not have market symbol RON/USDT
2025-08-30 13:29:41,279 | WARNING | SATS/USDT: fetch_ohlcv failed: binance does not have market symbol SATS/USDT
2025-08-30 13:29:42,976 | WARNING | ASI/USDT: fetch_ohlcv failed: binance does not have market symbol ASI/USDT
2025-08-30 13:29:49,288 | WARNING | AIOZ/USDT: fetch_ohlcv failed: binance does not have market symbol AIOZ/USDT
2025-08-30 13:29:50,579 | WARNING | BLAST/USDT: fetch_ohlcv failed: binance does not have market symbol BLAST/USDT
2025-08-30 13:30:00,754 | INFO | Cycle 2025-08-30T10:30:00.754546+00:00 | timeframe=1h | lookback=500 | symbols=95 | pairs=3916
2025-08-30 13:31:20,250 | WARNING | RON/USDT: fetch_ohlcv failed: binance does not have market symbol RON/USDT
2025-08-30 13:31:21,678 | WARNING | SATS/USDT: fetch_ohlcv failed: binance does not have market symbol SATS/USDT
2025-08-30 13:31:23,406 | WARNING | ASI/USDT: fetch_ohlcv failed: binance does not have market symbol ASI/USDT
2025-08-30 13:31:28,581 | WARNING | AIOZ/USDT: fetch_ohlcv failed: binance does not have market symbol AIOZ/USDT
2025-08-30 13:31:29,152 | WARNING | BLAST/USDT: fetch_ohlcv failed: binance does not have market symbol BLAST/USDT
2025-08-30 13:31:39,669 | INFO | Cycle 2025-08-30T10:31:39.669794+00:00 | timeframe=1h | lookback=500 | symbols=95 | pairs=3916
2025-08-30 13:33:00,324 | WARNING | RON/USDT: fetch_ohlcv failed: binance does not have market symbol RON/USDT
2025-08-30 13:33:01,750 | WARNING | SATS/USDT: fetch_ohlcv failed: binance does not have market symbol SATS/USDT
2025-08-30 13:33:04,180 | WARNING | ASI/USDT: fetch_ohlcv failed: binance does not have market symbol ASI/USDT
2025-08-30 13:33:10,784 | WARNING | AIOZ/USDT: fetch_ohlcv failed: binance does not have market symbol AIOZ/USDT
2025-08-30 13:33:11,355 | WARNING | BLAST/USDT: fetch_ohlcv failed: binance does not have market symbol BLAST/USDT
2025-08-30 13:33:21,913 | INFO | Cycle 2025-08-30T10:33:21.913289+00:00 | timeframe=1h | lookback=500 | symbols=95 | pairs=3916
2025-08-30 13:34:44,191 | WARNING | RON/USDT: fetch_ohlcv failed: binance does not have market symbol RON/USDT
2025-08-30 13:34:46,587 | WARNING | SATS/USDT: fetch_ohlcv failed: binance does not have market symbol SATS/USDT
2025-08-30 13:34:48,537 | WARNING | ASI/USDT: fetch_ohlcv failed: binance does not have market symbol ASI/USDT
2025-08-30 13:34:55,347 | WARNING | AIOZ/USDT: fetch_ohlcv failed: binance does not have market symbol AIOZ/USDT
2025-08-30 13:34:55,915 | WARNING | BLAST/USDT: fetch_ohlcv failed: binance does not have market symbol BLAST/USDT
2025-08-30 13:35:06,952 | INFO | Cycle 2025-08-30T10:35:06.952628+00:00 | timeframe=1h | lookback=500 | symbols=95 | pairs=3916
2025-08-30 13:36:26,553 | WARNING | RON/USDT: fetch_ohlcv failed: binance does not have market symbol RON/USDT
2025-08-30 13:36:27,987 | WARNING | SATS/USDT: fetch_ohlcv failed: binance does not have market symbol SATS/USDT
2025-08-30 13:36:29,963 | WARNING | ASI/USDT: fetch_ohlcv failed: binance does not have market symbol ASI/USDT
2025-08-30 13:36:35,144 | WARNING | AIOZ/USDT: fetch_ohlcv failed: binance does not have market symbol AIOZ/USDT
2025-08-30 13:36:35,719 | WARNING | BLAST/USDT: fetch_ohlcv failed: binance does not have market symbol BLAST/USDT
2025-08-30 13:50:52,548 | INFO | Cycle 2025-08-30T10:50:52.547835+00:00 | timeframe=1h | lookback=500 | symbols=95 | pairs=3916
2025-08-30 13:52:11,940 | WARNING | RON/USDT: fetch_ohlcv failed: binance does not have market symbol RON/USDT
2025-08-30 13:52:13,360 | WARNING | SATS/USDT: fetch_ohlcv failed: binance does not have market symbol SATS/USDT
2025-08-30 13:52:15,077 | WARNING | ASI/USDT: fetch_ohlcv failed: binance does not have market symbol ASI/USDT
2025-08-30 13:52:20,188 | WARNING | AIOZ/USDT: fetch_ohlcv failed: binance does not have market symbol AIOZ/USDT
2025-08-30 13:52:20,757 | WARNING | BLAST/USDT: fetch_ohlcv failed: binance does not have market symbol BLAST/USDT
2025-08-30 13:52:30,788 | INFO | Cycle 2025-08-30T10:52:30.788920+00:00 | timeframe=1h | lookback=500 | symbols=95 | pairs=3916
2025-08-30 13:53:50,716 | WARNING | RON/USDT: fetch_ohlcv failed: binance does not have market symbol RON/USDT
2025-08-30 13:53:53,603 | WARNING | SATS/USDT: fetch_ohlcv failed: binance does not have market symbol SATS/USDT
2025-08-30 13:53:55,327 | WARNING | ASI/USDT: fetch_ohlcv failed: binance does not have market symbol ASI/USDT
2025-08-30 13:53:55,770 | WARNING | 1INCH/USDT: fetch_ohlcv failed: binance GET https://api.binance.com/api/v3/klines?interval=1h&limit=500&symbol=1INCHUSDT
2025-08-30 13:53:55,803 | WARNING | RPL/USDT: fetch_ohlcv failed: binance GET https://api.binance.com/api/v3/klines?interval=1h&limit=500&symbol=RPLUSDT
2025-08-30 13:53:55,816 | WARNING | HNT/USDT: fetch_ohlcv failed: binance GET https://api.binance.com/api/v3/klines?interval=1h&limit=500&symbol=HNTUSDT
2025-08-30 13:53:55,832 | WARNING | IOTX/USDT: fetch_ohlcv failed: binance GET https://api.binance.com/api/v3/klines?interval=1h&limit=500&symbol=IOTXUSDT
2025-08-30 13:53:55,847 | WARNING | MINA/USDT: fetch_ohlcv failed: binance GET https://api.binance.com/api/v3/klines?interval=1h&limit=500&symbol=MINAUSDT
2025-08-30 13:53:55,867 | WARNING | SC/USDT: fetch_ohlcv failed: binance GET https://api.binance.com/api/v3/klines?interval=1h&limit=500&symbol=SCUSDT
2025-08-30 13:53:55,887 | WARNING | FTM/USDT: fetch_ohlcv failed: binance GET https://api.binance.com/api/v3/klines?interval=1h&limit=500&symbol=FTMUSDT
2025-08-30 13:53:55,907 | WARNING | ROSE/USDT: fetch_ohlcv failed: binance GET https://api.binance.com/api/v3/klines?interval=1h&limit=500&symbol=ROSEUSDT
2025-08-30 13:53:55,929 | WARNING | KLAY/USDT: fetch_ohlcv failed: binance GET https://api.binance.com/api/v3/klines?interval=1h&limit=500&symbol=KLAYUSDT
2025-08-30 13:53:55,949 | WARNING | CFX/USDT: fetch_ohlcv failed: binance GET https://api.binance.com/api/v3/klines?interval=1h&limit=500&symbol=CFXUSDT
2025-08-30 13:53:55,970 | WARNING | NEO/USDT: fetch_ohlcv failed: binance GET https://api.binance.com/api/v3/klines?interval=1h&limit=500&symbol=NEOUSDT
2025-08-30 13:53:55,991 | WARNING | XTZ/USDT: fetch_ohlcv failed: binance GET https://api.binance.com/api/v3/klines?interval=1h&limit=500&symbol=XTZUSDT
2025-08-30 13:53:56,012 | WARNING | DYM/USDT: fetch_ohlcv failed: binance GET https://api.binance.com/api/v3/klines?interval=1h&limit=500&symbol=DYMUSDT
2025-08-30 13:53:56,033 | WARNING | JTO/USDT: fetch_ohlcv failed: binance GET https://api.binance.com/api/v3/klines?interval=1h&limit=500&symbol=JTOUSDT
2025-08-30 13:53:56,054 | WARNING | TNSR/USDT: fetch_ohlcv failed: binance GET https://api.binance.com/api/v3/klines?interval=1h&limit=500&symbol=TNSRUSDT
2025-08-30 13:53:56,074 | WARNING | RAY/USDT: fetch_ohlcv failed: binance GET https://api.binance.com/api/v3/klines?interval=1h&limit=500&symbol=RAYUSDT
2025-08-30 13:53:56,095 | WARNING | SEI/USDT: fetch_ohlcv failed: binance GET https://api.binance.com/api/v3/klines?interval=1h&limit=500&symbol=SEIUSDT
2025-08-30 13:53:56,095 | WARNING | AIOZ/USDT: fetch_ohlcv failed: binance does not have market symbol AIOZ/USDT
2025-08-30 13:53:56,115 | WARNING | OSMO/USDT: fetch_ohlcv failed: binance GET https://api.binance.com/api/v3/klines?interval=1h&limit=500&symbol=OSMOUSDT
2025-08-30 13:53:56,138 | WARNING | POLYX/USDT: fetch_ohlcv failed: binance GET https://api.binance.com/api/v3/klines?interval=1h&limit=500&symbol=POLYXUSDT
2025-08-30 13:53:56,138 | WARNING | BLAST/USDT: fetch_ohlcv failed: binance does not have market symbol BLAST/USDT
2025-08-30 13:53:56,158 | WARNING | ZRO/USDT: fetch_ohlcv failed: binance GET https://api.binance.com/api/v3/klines?interval=1h&limit=500&symbol=ZROUSDT
2025-08-30 13:53:56,180 | WARNING | AEVO/USDT: fetch_ohlcv failed: binance GET https://api.binance.com/api/v3/klines?interval=1h&limit=500&symbol=AEVOUSDT
2025-08-30 13:53:56,201 | WARNING | ALT/USDT: fetch_ohlcv failed: binance GET https://api.binance.com/api/v3/klines?interval=1h&limit=500&symbol=ALTUSDT
2025-08-30 13:53:56,451 | WARNING | BRETT/USDT: fetch_ohlcv failed: binance GET https://fapi.binance.com/fapi/v1/klines?interval=1h&limit=500&symbol=BRETTUSDT
2025-08-30 13:53:56,473 | WARNING | W/USDT: fetch_ohlcv failed: binance GET https://api.binance.com/api/v3/klines?interval=1h&limit=500&symbol=WUSDT
2025-08-30 13:53:56,492 | WARNING | ENS/USDT: fetch_ohlcv failed: binance GET https://api.binance.com/api/v3/klines?interval=1h&limit=500&symbol=ENSUSDT
2025-08-30 13:54:01,375 | INFO | Cycle 2025-08-30T10:54:01.375940+00:00 | timeframe=1h | lookback=500 | symbols=70 | pairs=2211
2025-08-30 13:55:20,714 | WARNING | RON/USDT: fetch_ohlcv failed: binance does not have market symbol RON/USDT
2025-08-30 13:55:22,152 | WARNING | SATS/USDT: fetch_ohlcv failed: binance does not have market symbol SATS/USDT
2025-08-30 13:55:23,881 | WARNING | ASI/USDT: fetch_ohlcv failed: binance does not have market symbol ASI/USDT
2025-08-30 13:55:29,070 | WARNING | AIOZ/USDT: fetch_ohlcv failed: binance does not have market symbol AIOZ/USDT
2025-08-30 13:55:29,646 | WARNING | BLAST/USDT: fetch_ohlcv failed: binance does not have market symbol BLAST/USDT
2025-08-30 13:55:39,715 | INFO | Cycle 2025-08-30T10:55:39.715521+00:00 | timeframe=1h | lookback=500 | symbols=95 | pairs=3916
2025-08-30 13:56:59,705 | WARNING | RON/USDT: fetch_ohlcv failed: binance does not have market symbol RON/USDT
2025-08-30 13:57:01,143 | WARNING | SATS/USDT: fetch_ohlcv failed: binance does not have market symbol SATS/USDT
2025-08-30 13:57:02,876 | WARNING | ASI/USDT: fetch_ohlcv failed: binance does not have market symbol ASI/USDT
2025-08-30 13:57:09,011 | WARNING | AIOZ/USDT: fetch_ohlcv failed: binance does not have market symbol AIOZ/USDT
2025-08-30 13:57:09,589 | WARNING | BLAST/USDT: fetch_ohlcv failed: binance does not have market symbol BLAST/USDT
2025-08-30 13:57:19,882 | INFO | Cycle 2025-08-30T10:57:19.882203+00:00 | timeframe=1h | lookback=500 | symbols=95 | pairs=3916
2025-08-30 13:58:39,282 | WARNING | RON/USDT: fetch_ohlcv failed: binance does not have market symbol RON/USDT
2025-08-30 13:58:40,715 | WARNING | SATS/USDT: fetch_ohlcv failed: binance does not have market symbol SATS/USDT
2025-08-30 13:58:42,439 | WARNING | ASI/USDT: fetch_ohlcv failed: binance does not have market symbol ASI/USDT
2025-08-30 13:58:47,606 | WARNING | AIOZ/USDT: fetch_ohlcv failed: binance does not have market symbol AIOZ/USDT
2025-08-30 13:58:48,180 | WARNING | BLAST/USDT: fetch_ohlcv failed: binance does not have market symbol BLAST/USDT
2025-08-30 13:58:58,321 | INFO | Cycle 2025-08-30T10:58:58.321061+00:00 | timeframe=1h | lookback=500 | symbols=95 | pairs=3916
2025-08-30 14:00:21,123 | WARNING | RON/USDT: fetch_ohlcv failed: binance does not have market symbol RON/USDT
2025-08-30 14:00:22,802 | WARNING | SATS/USDT: fetch_ohlcv failed: binance does not have market symbol SATS/USDT
2025-08-30 14:00:25,260 | WARNING | ASI/USDT: fetch_ohlcv failed: binance does not have market symbol ASI/USDT
2025-08-30 14:00:30,890 | WARNING | AIOZ/USDT: fetch_ohlcv failed: binance does not have market symbol AIOZ/USDT
2025-08-30 14:00:31,463 | WARNING | BLAST/USDT: fetch_ohlcv failed: binance does not have market symbol BLAST/USDT
2025-08-30 14:00:42,391 | INFO | Cycle 2025-08-30T11:00:42.391297+00:00 | timeframe=1h | lookback=500 | symbols=95 | pairs=3916
2025-08-30 16:28:19,619 | INFO | Starting Correlation Scanner Bot
2025-08-30 16:28:40,088 | WARNING | RON/USDT: fetch_ohlcv failed: binance does not have market symbol RON/USDT
2025-08-30 16:28:41,531 | WARNING | SATS/USDT: fetch_ohlcv failed: binance does not have market symbol SATS/USDT
2025-08-30 16:28:43,247 | WARNING | ASI/USDT: fetch_ohlcv failed: binance does not have market symbol ASI/USDT
2025-08-30 16:28:48,416 | WARNING | AIOZ/USDT: fetch_ohlcv failed: binance does not have market symbol AIOZ/USDT
2025-08-30 16:28:48,990 | WARNING | BLAST/USDT: fetch_ohlcv failed: binance does not have market symbol BLAST/USDT
2025-08-30 16:29:00,834 | INFO | Cycle 2025-08-30T13:29:00.834787+00:00 | timeframe=1h | lookback=500 | symbols=95 | pairs=3916
2025-08-30 16:29:00,908 | INFO | Scheduled every 1 minute(s)
2025-08-30 16:30:23,704 | WARNING | RON/USDT: fetch_ohlcv failed: binance does not have market symbol RON/USDT
2025-08-30 16:30:25,373 | WARNING | SATS/USDT: fetch_ohlcv failed: binance does not have market symbol SATS/USDT
2025-08-30 16:30:27,087 | WARNING | ASI/USDT: fetch_ohlcv failed: binance does not have market symbol ASI/USDT
2025-08-30 16:30:32,500 | WARNING | AIOZ/USDT: fetch_ohlcv failed: binance does not have market symbol AIOZ/USDT
2025-08-30 16:30:33,069 | WARNING | BLAST/USDT: fetch_ohlcv failed: binance does not have market symbol BLAST/USDT
2025-08-30 16:30:43,676 | INFO | Cycle 2025-08-30T13:30:43.676320+00:00 | timeframe=1h | lookback=500 | symbols=95 | pairs=3916
2025-08-30 16:32:03,182 | WARNING | RON/USDT: fetch_ohlcv failed: binance does not have market symbol RON/USDT
2025-08-30 16:32:05,346 | WARNING | SATS/USDT: fetch_ohlcv failed: binance does not have market symbol SATS/USDT
2025-08-30 16:32:07,805 | WARNING | ASI/USDT: fetch_ohlcv failed: binance does not have market symbol ASI/USDT
2025-08-30 16:32:14,453 | WARNING | AIOZ/USDT: fetch_ohlcv failed: binance does not have market symbol AIOZ/USDT
2025-08-30 16:32:15,759 | WARNING | BLAST/USDT: fetch_ohlcv failed: binance does not have market symbol BLAST/USDT
2025-08-30 16:32:26,152 | INFO | Cycle 2025-08-30T13:32:26.152248+00:00 | timeframe=1h | lookback=500 | symbols=95 | pairs=3916
2025-08-30 16:33:47,314 | WARNING | RON/USDT: fetch_ohlcv failed: binance does not have market symbol RON/USDT
2025-08-30 16:33:49,464 | WARNING | SATS/USDT: fetch_ohlcv failed: binance does not have market symbol SATS/USDT
2025-08-30 16:33:51,197 | WARNING | ASI/USDT: fetch_ohlcv failed: binance does not have market symbol ASI/USDT
2025-08-30 16:33:56,355 | WARNING | AIOZ/USDT: fetch_ohlcv failed: binance does not have market symbol AIOZ/USDT
2025-08-30 16:33:57,651 | WARNING | BLAST/USDT: fetch_ohlcv failed: binance does not have market symbol BLAST/USDT
2025-08-30 16:34:08,089 | INFO | Cycle 2025-08-30T13:34:08.089146+00:00 | timeframe=1h | lookback=500 | symbols=95 | pairs=3916
2025-08-30 16:35:28,607 | WARNING | RON/USDT: fetch_ohlcv failed: binance does not have market symbol RON/USDT
2025-08-30 16:35:30,046 | WARNING | SATS/USDT: fetch_ohlcv failed: binance does not have market symbol SATS/USDT
2025-08-30 16:35:32,494 | WARNING | ASI/USDT: fetch_ohlcv failed: binance does not have market symbol ASI/USDT
2025-08-30 16:35:40,306 | WARNING | AIOZ/USDT: fetch_ohlcv failed: binance does not have market symbol AIOZ/USDT
2025-08-30 16:35:40,882 | WARNING | BLAST/USDT: fetch_ohlcv failed: binance does not have market symbol BLAST/USDT
2025-08-30 16:35:51,695 | INFO | Cycle 2025-08-30T13:35:51.695787+00:00 | timeframe=1h | lookback=500 | symbols=95 | pairs=3916
2025-08-30 16:37:11,535 | WARNING | RON/USDT: fetch_ohlcv failed: binance does not have market symbol RON/USDT
2025-08-30 16:37:12,972 | WARNING | SATS/USDT: fetch_ohlcv failed: binance does not have market symbol SATS/USDT
2025-08-30 16:37:14,697 | WARNING | ASI/USDT: fetch_ohlcv failed: binance does not have market symbol ASI/USDT
2025-08-30 16:37:20,593 | WARNING | AIOZ/USDT: fetch_ohlcv failed: binance does not have market symbol AIOZ/USDT
2025-08-30 16:37:21,167 | WARNING | BLAST/USDT: fetch_ohlcv failed: binance does not have market symbol BLAST/USDT
2025-08-30 16:37:31,352 | INFO | Cycle 2025-08-30T13:37:31.352629+00:00 | timeframe=1h | lookback=500 | symbols=95 | pairs=3916
2025-08-30 16:38:52,120 | WARNING | RON/USDT: fetch_ohlcv failed: binance does not have market symbol RON/USDT
2025-08-30 16:38:53,790 | WARNING | SATS/USDT: fetch_ohlcv failed: binance does not have market symbol SATS/USDT
2025-08-30 16:38:55,506 | WARNING | ASI/USDT: fetch_ohlcv failed: binance does not have market symbol ASI/USDT
2025-08-30 16:39:03,070 | WARNING | AIOZ/USDT: fetch_ohlcv failed: binance does not have market symbol AIOZ/USDT
2025-08-30 16:39:03,647 | WARNING | BLAST/USDT: fetch_ohlcv failed: binance does not have market symbol BLAST/USDT
2025-08-30 16:39:14,433 | INFO | Cycle 2025-08-30T13:39:14.433931+00:00 | timeframe=1h | lookback=500 | symbols=95 | pairs=3916
2025-08-30 16:40:40,350 | WARNING | RON/USDT: fetch_ohlcv failed: binance does not have market symbol RON/USDT
2025-08-30 16:40:42,029 | WARNING | SATS/USDT: fetch_ohlcv failed: binance does not have market symbol SATS/USDT
2025-08-30 16:40:43,755 | WARNING | ASI/USDT: fetch_ohlcv failed: binance does not have market symbol ASI/USDT
2025-08-30 16:40:48,916 | WARNING | AIOZ/USDT: fetch_ohlcv failed: binance does not have market symbol AIOZ/USDT
2025-08-30 16:40:49,490 | WARNING | BLAST/USDT: fetch_ohlcv failed: binance does not have market symbol BLAST/USDT
2025-08-30 16:41:00,024 | INFO | Cycle 2025-08-30T13:41:00.024256+00:00 | timeframe=1h | lookback=500 | symbols=95 | pairs=3916
2025-08-30 16:42:20,429 | WARNING | RON/USDT: fetch_ohlcv failed: binance does not have market symbol RON/USDT
2025-08-30 16:42:21,868 | WARNING | SATS/USDT: fetch_ohlcv failed: binance does not have market symbol SATS/USDT
2025-08-30 16:42:23,593 | WARNING | ASI/USDT: fetch_ohlcv failed: binance does not have market symbol ASI/USDT
2025-08-30 16:42:29,496 | WARNING | AIOZ/USDT: fetch_ohlcv failed: binance does not have market symbol AIOZ/USDT
2025-08-30 16:42:30,074 | WARNING | BLAST/USDT: fetch_ohlcv failed: binance does not have market symbol BLAST/USDT
2025-08-30 16:42:40,967 | INFO | Cycle 2025-08-30T13:42:40.967789+00:00 | timeframe=1h | lookback=500 | symbols=95 | pairs=3916
2025-08-30 16:44:00,497 | WARNING | RON/USDT: fetch_ohlcv failed: binance does not have market symbol RON/USDT
2025-08-30 16:44:01,924 | WARNING | SATS/USDT: fetch_ohlcv failed: binance does not have market symbol SATS/USDT
2025-08-30 16:44:03,635 | WARNING | ASI/USDT: fetch_ohlcv failed: binance does not have market symbol ASI/USDT
2025-08-30 16:44:08,780 | WARNING | AIOZ/USDT: fetch_ohlcv failed: binance does not have market symbol AIOZ/USDT
2025-08-30 16:44:09,354 | WARNING | BLAST/USDT: fetch_ohlcv failed: binance does not have market symbol BLAST/USDT
2025-08-30 16:44:19,518 | INFO | Cycle 2025-08-30T13:44:19.518246+00:00 | timeframe=1h | lookback=500 | symbols=95 | pairs=3916
2025-08-30 16:45:40,897 | WARNING | RON/USDT: fetch_ohlcv failed: binance does not have market symbol RON/USDT
2025-08-30 16:45:42,330 | WARNING | SATS/USDT: fetch_ohlcv failed: binance does not have market symbol SATS/USDT
2025-08-30 16:45:44,062 | WARNING | ASI/USDT: fetch_ohlcv failed: binance does not have market symbol ASI/USDT
2025-08-30 16:45:49,950 | WARNING | AIOZ/USDT: fetch_ohlcv failed: binance does not have market symbol AIOZ/USDT
2025-08-30 16:45:51,243 | WARNING | BLAST/USDT: fetch_ohlcv failed: binance does not have market symbol BLAST/USDT
2025-08-30 16:46:03,238 | INFO | Cycle 2025-08-30T13:46:03.238460+00:00 | timeframe=1h | lookback=500 | symbols=95 | pairs=3916
2025-08-30 16:47:23,820 | WARNING | RON/USDT: fetch_ohlcv failed: binance does not have market symbol RON/USDT
2025-08-30 16:47:25,248 | WARNING | SATS/USDT: fetch_ohlcv failed: binance does not have market symbol SATS/USDT
2025-08-30 16:47:26,975 | WARNING | ASI/USDT: fetch_ohlcv failed: binance does not have market symbol ASI/USDT
2025-08-30 16:47:32,832 | WARNING | AIOZ/USDT: fetch_ohlcv failed: binance does not have market symbol AIOZ/USDT
2025-08-30 16:47:33,402 | WARNING | BLAST/USDT: fetch_ohlcv failed: binance does not have market symbol BLAST/USDT
2025-08-30 16:47:43,653 | INFO | Cycle 2025-08-30T13:47:43.653523+00:00 | timeframe=1h | lookback=500 | symbols=95 | pairs=3916
2025-08-30 16:49:04,926 | WARNING | RON/USDT: fetch_ohlcv failed: binance does not have market symbol RON/USDT
2025-08-30 16:49:07,327 | WARNING | SATS/USDT: fetch_ohlcv failed: binance does not have market symbol SATS/USDT
2025-08-30 16:49:09,781 | WARNING | ASI/USDT: fetch_ohlcv failed: binance does not have market symbol ASI/USDT
2025-08-30 16:49:15,661 | WARNING | AIOZ/USDT: fetch_ohlcv failed: binance does not have market symbol AIOZ/USDT
2025-08-30 16:49:16,233 | WARNING | BLAST/USDT: fetch_ohlcv failed: binance does not have market symbol BLAST/USDT
2025-08-30 16:49:26,760 | INFO | Cycle 2025-08-30T13:49:26.760450+00:00 | timeframe=1h | lookback=500 | symbols=95 | pairs=3916
2025-08-30 16:50:49,283 | WARNING | RON/USDT: fetch_ohlcv failed: binance does not have market symbol RON/USDT
2025-08-30 16:50:51,444 | WARNING | SATS/USDT: fetch_ohlcv failed: binance does not have market symbol SATS/USDT
2025-08-30 16:50:53,183 | WARNING | ASI/USDT: fetch_ohlcv failed: binance does not have market symbol ASI/USDT
2025-08-30 16:50:58,365 | WARNING | AIOZ/USDT: fetch_ohlcv failed: binance does not have market symbol AIOZ/USDT
2025-08-30 16:50:58,945 | WARNING | BLAST/USDT: fetch_ohlcv failed: binance does not have market symbol BLAST/USDT
2025-08-30 16:51:09,212 | INFO | Cycle 2025-08-30T13:51:09.212091+00:00 | timeframe=1h | lookback=500 | symbols=95 | pairs=3916
2025-08-30 16:52:28,541 | WARNING | RON/USDT: fetch_ohlcv failed: binance does not have market symbol RON/USDT
2025-08-30 16:52:30,714 | WARNING | SATS/USDT: fetch_ohlcv failed: binance does not have market symbol SATS/USDT
2025-08-30 16:52:32,451 | WARNING | ASI/USDT: fetch_ohlcv failed: binance does not have market symbol ASI/USDT
2025-08-30 16:52:37,655 | WARNING | AIOZ/USDT: fetch_ohlcv failed: binance does not have market symbol AIOZ/USDT
2025-08-30 16:52:38,239 | WARNING | BLAST/USDT: fetch_ohlcv failed: binance does not have market symbol BLAST/USDT
2025-08-30 16:52:48,690 | INFO | Cycle 2025-08-30T13:52:48.690936+00:00 | timeframe=1h | lookback=500 | symbols=95 | pairs=3916
2025-08-30 16:54:10,561 | WARNING | RON/USDT: fetch_ohlcv failed: binance does not have market symbol RON/USDT
2025-08-30 16:54:12,227 | WARNING | SATS/USDT: fetch_ohlcv failed: binance does not have market symbol SATS/USDT
2025-08-30 16:54:15,391 | WARNING | ASI/USDT: fetch_ohlcv failed: binance does not have market symbol ASI/USDT
2025-08-30 16:54:21,248 | WARNING | AIOZ/USDT: fetch_ohlcv failed: binance does not have market symbol AIOZ/USDT
2025-08-30 16:54:22,553 | WARNING | BLAST/USDT: fetch_ohlcv failed: binance does not have market symbol BLAST/USDT
2025-08-30 16:54:32,895 | INFO | Cycle 2025-08-30T13:54:32.894976+00:00 | timeframe=1h | lookback=500 | symbols=95 | pairs=3916
2025-08-30 16:55:53,595 | WARNING | RON/USDT: fetch_ohlcv failed: binance does not have market symbol RON/USDT
2025-08-30 16:55:55,029 | WARNING | SATS/USDT: fetch_ohlcv failed: binance does not have market symbol SATS/USDT
2025-08-30 16:55:56,748 | WARNING | ASI/USDT: fetch_ohlcv failed: binance does not have market symbol ASI/USDT
2025-08-30 16:56:01,912 | WARNING | AIOZ/USDT: fetch_ohlcv failed: binance does not have market symbol AIOZ/USDT
2025-08-30 16:56:02,489 | WARNING | BLAST/USDT: fetch_ohlcv failed: binance does not have market symbol BLAST/USDT
2025-08-30 16:56:13,251 | INFO | Cycle 2025-08-30T13:56:13.251436+00:00 | timeframe=1h | lookback=500 | symbols=95 | pairs=3916
2025-08-30 16:57:35,395 | WARNING | RON/USDT: fetch_ohlcv failed: binance does not have market symbol RON/USDT
2025-08-30 16:57:36,833 | WARNING | SATS/USDT: fetch_ohlcv failed: binance does not have market symbol SATS/USDT
2025-08-30 16:57:38,554 | WARNING | ASI/USDT: fetch_ohlcv failed: binance does not have market symbol ASI/USDT
2025-08-30 16:57:43,766 | WARNING | AIOZ/USDT: fetch_ohlcv failed: binance does not have market symbol AIOZ/USDT
2025-08-30 16:57:44,343 | WARNING | BLAST/USDT: fetch_ohlcv failed: binance does not have market symbol BLAST/USDT
2025-08-30 16:57:54,748 | INFO | Cycle 2025-08-30T13:57:54.748017+00:00 | timeframe=1h | lookback=500 | symbols=95 | pairs=3916
2025-08-30 16:59:13,909 | WARNING | RON/USDT: fetch_ohlcv failed: binance does not have market symbol RON/USDT
2025-08-30 16:59:15,331 | WARNING | SATS/USDT: fetch_ohlcv failed: binance does not have market symbol SATS/USDT
2025-08-30 16:59:17,042 | WARNING | ASI/USDT: fetch_ohlcv failed: binance does not have market symbol ASI/USDT
2025-08-30 16:59:22,173 | WARNING | AIOZ/USDT: fetch_ohlcv failed: binance does not have market symbol AIOZ/USDT
2025-08-30 16:59:22,745 | WARNING | BLAST/USDT: fetch_ohlcv failed: binance does not have market symbol BLAST/USDT
2025-08-30 16:59:33,208 | INFO | Cycle 2025-08-30T13:59:33.208301+00:00 | timeframe=1h | lookback=500 | symbols=95 | pairs=3916
2025-08-30 17:00:54,709 | WARNING | RON/USDT: fetch_ohlcv failed: binance does not have market symbol RON/USDT
2025-08-30 17:00:56,860 | WARNING | SATS/USDT: fetch_ohlcv failed: binance does not have market symbol SATS/USDT
2025-08-30 17:00:58,575 | WARNING | ASI/USDT: fetch_ohlcv failed: binance does not have market symbol ASI/USDT
2025-08-30 17:01:04,434 | WARNING | AIOZ/USDT: fetch_ohlcv failed: binance does not have market symbol AIOZ/USDT
2025-08-30 17:01:05,007 | WARNING | BLAST/USDT: fetch_ohlcv failed: binance does not have market symbol BLAST/USDT
2025-08-30 17:01:16,350 | INFO | Cycle 2025-08-30T14:01:16.350183+00:00 | timeframe=1h | lookback=500 | symbols=95 | pairs=3916
2025-08-30 17:02:37,386 | WARNING | RON/USDT: fetch_ohlcv failed: binance does not have market symbol RON/USDT
2025-08-30 17:02:38,831 | WARNING | SATS/USDT: fetch_ohlcv failed: binance does not have market symbol SATS/USDT
2025-08-30 17:02:41,289 | WARNING | ASI/USDT: fetch_ohlcv failed: binance does not have market symbol ASI/USDT
2025-08-30 17:02:47,932 | WARNING | AIOZ/USDT: fetch_ohlcv failed: binance does not have market symbol AIOZ/USDT
2025-08-30 17:02:48,510 | WARNING | BLAST/USDT: fetch_ohlcv failed: binance does not have market symbol BLAST/USDT
2025-08-30 17:02:58,746 | INFO | Cycle 2025-08-30T14:02:58.746465+00:00 | timeframe=1h | lookback=500 | symbols=95 | pairs=3916
2025-08-30 17:04:19,723 | WARNING | RON/USDT: fetch_ohlcv failed: binance does not have market symbol RON/USDT
2025-08-30 17:04:21,151 | WARNING | SATS/USDT: fetch_ohlcv failed: binance does not have market symbol SATS/USDT
2025-08-30 17:04:22,871 | WARNING | ASI/USDT: fetch_ohlcv failed: binance does not have market symbol ASI/USDT
2025-08-30 17:04:28,765 | WARNING | AIOZ/USDT: fetch_ohlcv failed: binance does not have market symbol AIOZ/USDT
2025-08-30 17:04:29,338 | WARNING | BLAST/USDT: fetch_ohlcv failed: binance does not have market symbol BLAST/USDT
2025-08-30 17:04:39,700 | INFO | Cycle 2025-08-30T14:04:39.700184+00:00 | timeframe=1h | lookback=500 | symbols=95 | pairs=3916
2025-08-30 17:06:01,601 | WARNING | RON/USDT: fetch_ohlcv failed: binance does not have market symbol RON/USDT
2025-08-30 17:06:03,786 | WARNING | SATS/USDT: fetch_ohlcv failed: binance does not have market symbol SATS/USDT
2025-08-30 17:06:05,523 | WARNING | ASI/USDT: fetch_ohlcv failed: binance does not have market symbol ASI/USDT
2025-08-30 17:06:11,448 | WARNING | AIOZ/USDT: fetch_ohlcv failed: binance does not have market symbol AIOZ/USDT
2025-08-30 17:06:12,026 | WARNING | BLAST/USDT: fetch_ohlcv failed: binance does not have market symbol BLAST/USDT
2025-08-30 17:06:22,621 | INFO | Cycle 2025-08-30T14:06:22.621416+00:00 | timeframe=1h | lookback=500 | symbols=95 | pairs=3916
2025-08-30 17:07:42,681 | WARNING | RON/USDT: fetch_ohlcv failed: binance does not have market symbol RON/USDT
2025-08-30 17:07:44,104 | WARNING | SATS/USDT: fetch_ohlcv failed: binance does not have market symbol SATS/USDT
2025-08-30 17:07:46,048 | WARNING | ASI/USDT: fetch_ohlcv failed: binance does not have market symbol ASI/USDT
2025-08-30 17:07:52,636 | WARNING | AIOZ/USDT: fetch_ohlcv failed: binance does not have market symbol AIOZ/USDT
2025-08-30 17:07:53,209 | WARNING | BLAST/USDT: fetch_ohlcv failed: binance does not have market symbol BLAST/USDT
2025-08-30 17:08:03,221 | INFO | Cycle 2025-08-30T14:08:03.221346+00:00 | timeframe=1h | lookback=500 | symbols=95 | pairs=3916
2025-08-30 17:09:24,401 | WARNING | RON/USDT: fetch_ohlcv failed: binance does not have market symbol RON/USDT
2025-08-30 17:09:25,852 | WARNING | SATS/USDT: fetch_ohlcv failed: binance does not have market symbol SATS/USDT
2025-08-30 17:09:27,592 | WARNING | ASI/USDT: fetch_ohlcv failed: binance does not have market symbol ASI/USDT
2025-08-30 17:09:32,807 | WARNING | AIOZ/USDT: fetch_ohlcv failed: binance does not have market symbol AIOZ/USDT
2025-08-30 17:09:33,385 | WARNING | BLAST/USDT: fetch_ohlcv failed: binance does not have market symbol BLAST/USDT
2025-08-30 17:09:44,373 | INFO | Cycle 2025-08-30T14:09:44.373309+00:00 | timeframe=1h | lookback=500 | symbols=95 | pairs=3916
2025-08-30 17:11:03,695 | WARNING | RON/USDT: fetch_ohlcv failed: binance does not have market symbol RON/USDT
2025-08-30 17:11:05,132 | WARNING | SATS/USDT: fetch_ohlcv failed: binance does not have market symbol SATS/USDT
2025-08-30 17:11:07,100 | WARNING | ASI/USDT: fetch_ohlcv failed: binance does not have market symbol ASI/USDT
2025-08-30 17:11:14,683 | WARNING | AIOZ/USDT: fetch_ohlcv failed: binance does not have market symbol AIOZ/USDT
2025-08-30 17:11:15,259 | WARNING | BLAST/USDT: fetch_ohlcv failed: binance does not have market symbol BLAST/USDT
2025-08-30 17:11:26,426 | INFO | Cycle 2025-08-30T14:11:26.426704+00:00 | timeframe=1h | lookback=500 | symbols=95 | pairs=3916
2025-08-30 17:12:45,998 | WARNING | RON/USDT: fetch_ohlcv failed: binance does not have market symbol RON/USDT
2025-08-30 17:12:47,440 | WARNING | SATS/USDT: fetch_ohlcv failed: binance does not have market symbol SATS/USDT
2025-08-30 17:12:49,159 | WARNING | ASI/USDT: fetch_ohlcv failed: binance does not have market symbol ASI/USDT
2025-08-30 17:12:54,313 | WARNING | AIOZ/USDT: fetch_ohlcv failed: binance does not have market symbol AIOZ/USDT
2025-08-30 17:12:55,617 | WARNING | BLAST/USDT: fetch_ohlcv failed: binance does not have market symbol BLAST/USDT
2025-08-30 17:13:06,309 | INFO | Cycle 2025-08-30T14:13:06.309166+00:00 | timeframe=1h | lookback=500 | symbols=95 | pairs=3916
2025-08-30 17:14:31,075 | WARNING | RON/USDT: fetch_ohlcv failed: binance does not have market symbol RON/USDT
2025-08-30 17:14:33,243 | WARNING | SATS/USDT: fetch_ohlcv failed: binance does not have market symbol SATS/USDT
2025-08-30 17:14:34,958 | WARNING | ASI/USDT: fetch_ohlcv failed: binance does not have market symbol ASI/USDT
2025-08-30 17:14:40,356 | WARNING | AIOZ/USDT: fetch_ohlcv failed: binance does not have market symbol AIOZ/USDT
2025-08-30 17:14:40,927 | WARNING | BLAST/USDT: fetch_ohlcv failed: binance does not have market symbol BLAST/USDT
2025-08-30 17:14:53,119 | INFO | Cycle 2025-08-30T14:14:53.119457+00:00 | timeframe=1h | lookback=500 | symbols=95 | pairs=3916
2025-08-30 17:16:13,003 | WARNING | RON/USDT: fetch_ohlcv failed: binance does not have market symbol RON/USDT
2025-08-30 17:16:14,441 | WARNING | SATS/USDT: fetch_ohlcv failed: binance does not have market symbol SATS/USDT
2025-08-30 17:16:16,152 | WARNING | ASI/USDT: fetch_ohlcv failed: binance does not have market symbol ASI/USDT
2025-08-30 17:16:21,296 | WARNING | AIOZ/USDT: fetch_ohlcv failed: binance does not have market symbol AIOZ/USDT
2025-08-30 17:16:21,867 | WARNING | BLAST/USDT: fetch_ohlcv failed: binance does not have market symbol BLAST/USDT
2025-08-30 17:16:32,134 | INFO | Cycle 2025-08-30T14:16:32.134112+00:00 | timeframe=1h | lookback=500 | symbols=95 | pairs=3916
2025-08-30 17:17:52,224 | WARNING | RON/USDT: fetch_ohlcv failed: binance does not have market symbol RON/USDT
2025-08-30 17:17:53,654 | WARNING | SATS/USDT: fetch_ohlcv failed: binance does not have market symbol SATS/USDT
2025-08-30 17:17:55,370 | WARNING | ASI/USDT: fetch_ohlcv failed: binance does not have market symbol ASI/USDT
2025-08-30 17:18:00,537 | WARNING | AIOZ/USDT: fetch_ohlcv failed: binance does not have market symbol AIOZ/USDT
2025-08-30 17:18:01,117 | WARNING | BLAST/USDT: fetch_ohlcv failed: binance does not have market symbol BLAST/USDT
2025-08-30 17:18:11,342 | INFO | Cycle 2025-08-30T14:18:11.342812+00:00 | timeframe=1h | lookback=500 | symbols=95 | pairs=3916
2025-08-30 17:19:31,479 | WARNING | RON/USDT: fetch_ohlcv failed: binance does not have market symbol RON/USDT
2025-08-30 17:19:33,892 | WARNING | SATS/USDT: fetch_ohlcv failed: binance does not have market symbol SATS/USDT
2025-08-30 17:19:36,352 | WARNING | ASI/USDT: fetch_ohlcv failed: binance does not have market symbol ASI/USDT
2025-08-30 17:19:42,268 | WARNING | AIOZ/USDT: fetch_ohlcv failed: binance does not have market symbol AIOZ/USDT
2025-08-30 17:19:42,846 | WARNING | BLAST/USDT: fetch_ohlcv failed: binance does not have market symbol BLAST/USDT
2025-08-30 17:19:55,275 | INFO | Cycle 2025-08-30T14:19:55.275011+00:00 | timeframe=1h | lookback=500 | symbols=95 | pairs=3916
2025-08-30 17:21:14,822 | WARNING | RON/USDT: fetch_ohlcv failed: binance does not have market symbol RON/USDT
2025-08-30 17:21:16,274 | WARNING | SATS/USDT: fetch_ohlcv failed: binance does not have market symbol SATS/USDT
2025-08-30 17:21:18,018 | WARNING | ASI/USDT: fetch_ohlcv failed: binance does not have market symbol ASI/USDT
2025-08-30 17:21:23,729 | WARNING | AIOZ/USDT: fetch_ohlcv failed: binance does not have market symbol AIOZ/USDT
2025-08-30 17:21:24,310 | WARNING | BLAST/USDT: fetch_ohlcv failed: binance does not have market symbol BLAST/USDT
2025-08-30 17:21:35,265 | INFO | Cycle 2025-08-30T14:21:35.265954+00:00 | timeframe=1h | lookback=500 | symbols=95 | pairs=3916
2025-08-30 17:22:55,224 | WARNING | RON/USDT: fetch_ohlcv failed: binance does not have market symbol RON/USDT
2025-08-30 17:22:56,662 | WARNING | SATS/USDT: fetch_ohlcv failed: binance does not have market symbol SATS/USDT
2025-08-30 17:22:58,413 | WARNING | ASI/USDT: fetch_ohlcv failed: binance does not have market symbol ASI/USDT
2025-08-30 17:23:03,586 | WARNING | AIOZ/USDT: fetch_ohlcv failed: binance does not have market symbol AIOZ/USDT
2025-08-30 17:23:04,158 | WARNING | BLAST/USDT: fetch_ohlcv failed: binance does not have market symbol BLAST/USDT
2025-08-30 17:23:14,194 | INFO | Cycle 2025-08-30T14:23:14.194786+00:00 | timeframe=1h | lookback=500 | symbols=95 | pairs=3916
2025-08-30 17:24:33,651 | WARNING | RON/USDT: fetch_ohlcv failed: binance does not have market symbol RON/USDT
2025-08-30 17:24:35,089 | WARNING | SATS/USDT: fetch_ohlcv failed: binance does not have market symbol SATS/USDT
2025-08-30 17:24:36,817 | WARNING | ASI/USDT: fetch_ohlcv failed: binance does not have market symbol ASI/USDT
2025-08-30 17:24:41,987 | WARNING | AIOZ/USDT: fetch_ohlcv failed: binance does not have market symbol AIOZ/USDT
2025-08-30 17:24:42,569 | WARNING | BLAST/USDT: fetch_ohlcv failed: binance does not have market symbol BLAST/USDT
2025-08-30 17:24:52,885 | INFO | Cycle 2025-08-30T14:24:52.885153+00:00 | timeframe=1h | lookback=500 | symbols=95 | pairs=3916
2025-08-30 17:26:18,677 | WARNING | RON/USDT: fetch_ohlcv failed: binance does not have market symbol RON/USDT
2025-08-30 17:26:20,109 | WARNING | SATS/USDT: fetch_ohlcv failed: binance does not have market symbol SATS/USDT
2025-08-30 17:26:21,836 | WARNING | ASI/USDT: fetch_ohlcv failed: binance does not have market symbol ASI/USDT
2025-08-30 17:26:26,985 | WARNING | AIOZ/USDT: fetch_ohlcv failed: binance does not have market symbol AIOZ/USDT
2025-08-30 17:26:27,561 | WARNING | BLAST/USDT: fetch_ohlcv failed: binance does not have market symbol BLAST/USDT
2025-08-30 17:26:38,770 | INFO | Cycle 2025-08-30T14:26:38.770872+00:00 | timeframe=1h | lookback=500 | symbols=95 | pairs=3916
2025-08-30 17:27:58,145 | WARNING | RON/USDT: fetch_ohlcv failed: binance does not have market symbol RON/USDT
2025-08-30 17:27:59,586 | WARNING | SATS/USDT: fetch_ohlcv failed: binance does not have market symbol SATS/USDT
2025-08-30 17:28:02,047 | WARNING | ASI/USDT: fetch_ohlcv failed: binance does not have market symbol ASI/USDT
2025-08-30 17:28:07,222 | WARNING | AIOZ/USDT: fetch_ohlcv failed: binance does not have market symbol AIOZ/USDT
2025-08-30 17:28:07,797 | WARNING | BLAST/USDT: fetch_ohlcv failed: binance does not have market symbol BLAST/USDT
2025-08-30 17:28:19,102 | INFO | Cycle 2025-08-30T14:28:19.102972+00:00 | timeframe=1h | lookback=500 | symbols=95 | pairs=3916
2025-08-30 17:29:40,738 | WARNING | RON/USDT: fetch_ohlcv failed: binance does not have market symbol RON/USDT
2025-08-30 17:29:43,373 | WARNING | SATS/USDT: fetch_ohlcv failed: binance does not have market symbol SATS/USDT
2025-08-30 17:29:46,292 | WARNING | ASI/USDT: fetch_ohlcv failed: binance does not have market symbol ASI/USDT
2025-08-30 17:29:52,857 | WARNING | AIOZ/USDT: fetch_ohlcv failed: binance does not have market symbol AIOZ/USDT
2025-08-30 17:29:53,666 | WARNING | BLAST/USDT: fetch_ohlcv failed: binance does not have market symbol BLAST/USDT
2025-08-30 17:30:04,848 | INFO | Cycle 2025-08-30T14:30:04.848135+00:00 | timeframe=1h | lookback=500 | symbols=95 | pairs=3916
2025-08-30 17:31:24,093 | WARNING | RON/USDT: fetch_ohlcv failed: binance does not have market symbol RON/USDT
2025-08-30 17:31:25,532 | WARNING | SATS/USDT: fetch_ohlcv failed: binance does not have market symbol SATS/USDT
2025-08-30 17:31:27,256 | WARNING | ASI/USDT: fetch_ohlcv failed: binance does not have market symbol ASI/USDT
2025-08-30 17:31:32,435 | WARNING | AIOZ/USDT: fetch_ohlcv failed: binance does not have market symbol AIOZ/USDT
2025-08-30 17:31:33,006 | WARNING | BLAST/USDT: fetch_ohlcv failed: binance does not have market symbol BLAST/USDT
2025-08-30 17:31:43,536 | INFO | Cycle 2025-08-30T14:31:43.536798+00:00 | timeframe=1h | lookback=500 | symbols=95 | pairs=3916
2025-08-30 17:33:04,538 | WARNING | RON/USDT: fetch_ohlcv failed: binance does not have market symbol RON/USDT
2025-08-30 17:33:05,975 | WARNING | SATS/USDT: fetch_ohlcv failed: binance does not have market symbol SATS/USDT
2025-08-30 17:33:08,441 | WARNING | ASI/USDT: fetch_ohlcv failed: binance does not have market symbol ASI/USDT
2025-08-30 17:33:15,055 | WARNING | AIOZ/USDT: fetch_ohlcv failed: binance does not have market symbol AIOZ/USDT
2025-08-30 17:33:15,629 | WARNING | BLAST/USDT: fetch_ohlcv failed: binance does not have market symbol BLAST/USDT
2025-08-30 17:33:25,975 | INFO | Cycle 2025-08-30T14:33:25.975692+00:00 | timeframe=1h | lookback=500 | symbols=95 | pairs=3916
2025-08-30 17:34:49,648 | WARNING | RON/USDT: fetch_ohlcv failed: binance does not have market symbol RON/USDT
2025-08-30 17:34:51,082 | WARNING | SATS/USDT: fetch_ohlcv failed: binance does not have market symbol SATS/USDT
2025-08-30 17:34:53,039 | WARNING | ASI/USDT: fetch_ohlcv failed: binance does not have market symbol ASI/USDT
2025-08-30 17:34:58,421 | WARNING | AIOZ/USDT: fetch_ohlcv failed: binance does not have market symbol AIOZ/USDT
2025-08-30 17:34:59,721 | WARNING | BLAST/USDT: fetch_ohlcv failed: binance does not have market symbol BLAST/USDT
2025-08-30 17:35:11,339 | INFO | Cycle 2025-08-30T14:35:11.339597+00:00 | timeframe=1h | lookback=500 | symbols=95 | pairs=3916
2025-08-30 17:36:31,363 | WARNING | RON/USDT: fetch_ohlcv failed: binance does not have market symbol RON/USDT
2025-08-30 17:36:32,801 | WARNING | SATS/USDT: fetch_ohlcv failed: binance does not have market symbol SATS/USDT
2025-08-30 17:36:35,263 | WARNING | ASI/USDT: fetch_ohlcv failed: binance does not have market symbol ASI/USDT
2025-08-30 17:36:41,903 | WARNING | AIOZ/USDT: fetch_ohlcv failed: binance does not have market symbol AIOZ/USDT
2025-08-30 17:36:42,479 | WARNING | BLAST/USDT: fetch_ohlcv failed: binance does not have market symbol BLAST/USDT
2025-08-30 17:36:53,456 | INFO | Cycle 2025-08-30T14:36:53.456473+00:00 | timeframe=1h | lookback=500 | symbols=95 | pairs=3916
2025-08-30 17:38:13,377 | WARNING | RON/USDT: fetch_ohlcv failed: binance does not have market symbol RON/USDT
2025-08-30 17:38:14,803 | WARNING | SATS/USDT: fetch_ohlcv failed: binance does not have market symbol SATS/USDT
2025-08-30 17:38:17,241 | WARNING | ASI/USDT: fetch_ohlcv failed: binance does not have market symbol ASI/USDT
2025-08-30 17:38:22,364 | WARNING | AIOZ/USDT: fetch_ohlcv failed: binance does not have market symbol AIOZ/USDT
2025-08-30 17:38:22,932 | WARNING | BLAST/USDT: fetch_ohlcv failed: binance does not have market symbol BLAST/USDT
2025-08-30 17:38:33,317 | INFO | Cycle 2025-08-30T14:38:33.317742+00:00 | timeframe=1h | lookback=500 | symbols=95 | pairs=3916
2025-08-30 17:39:55,747 | WARNING | RON/USDT: fetch_ohlcv failed: binance does not have market symbol RON/USDT
2025-08-30 17:39:57,173 | WARNING | SATS/USDT: fetch_ohlcv failed: binance does not have market symbol SATS/USDT
2025-08-30 17:39:58,882 | WARNING | ASI/USDT: fetch_ohlcv failed: binance does not have market symbol ASI/USDT
2025-08-30 17:40:04,964 | WARNING | AIOZ/USDT: fetch_ohlcv failed: binance does not have market symbol AIOZ/USDT
2025-08-30 17:40:05,534 | WARNING | BLAST/USDT: fetch_ohlcv failed: binance does not have market symbol BLAST/USDT
2025-08-30 17:40:16,008 | INFO | Cycle 2025-08-30T14:40:16.008797+00:00 | timeframe=1h | lookback=500 | symbols=95 | pairs=3916
2025-08-30 17:41:34,955 | WARNING | RON/USDT: fetch_ohlcv failed: binance does not have market symbol RON/USDT
2025-08-30 17:41:36,378 | WARNING | SATS/USDT: fetch_ohlcv failed: binance does not have market symbol SATS/USDT
2025-08-30 17:41:38,080 | WARNING | ASI/USDT: fetch_ohlcv failed: binance does not have market symbol ASI/USDT
2025-08-30 17:41:43,195 | WARNING | AIOZ/USDT: fetch_ohlcv failed: binance does not have market symbol AIOZ/USDT
2025-08-30 17:41:43,762 | WARNING | BLAST/USDT: fetch_ohlcv failed: binance does not have market symbol BLAST/USDT
2025-08-30 17:41:54,938 | INFO | Cycle 2025-08-30T14:41:54.938755+00:00 | timeframe=1h | lookback=500 | symbols=95 | pairs=3916
2025-08-30 17:43:20,251 | WARNING | RON/USDT: fetch_ohlcv failed: binance does not have market symbol RON/USDT
2025-08-30 17:43:21,683 | WARNING | SATS/USDT: fetch_ohlcv failed: binance does not have market symbol SATS/USDT
2025-08-30 17:43:24,136 | WARNING | ASI/USDT: fetch_ohlcv failed: binance does not have market symbol ASI/USDT
2025-08-30 17:43:29,337 | WARNING | AIOZ/USDT: fetch_ohlcv failed: binance does not have market symbol AIOZ/USDT
2025-08-30 17:43:29,908 | WARNING | BLAST/USDT: fetch_ohlcv failed: binance does not have market symbol BLAST/USDT
2025-08-30 17:43:40,456 | INFO | Cycle 2025-08-30T14:43:40.456273+00:00 | timeframe=1h | lookback=500 | symbols=95 | pairs=3916
2025-08-30 17:45:00,064 | WARNING | RON/USDT: fetch_ohlcv failed: binance does not have market symbol RON/USDT
2025-08-30 17:45:02,240 | WARNING | SATS/USDT: fetch_ohlcv failed: binance does not have market symbol SATS/USDT
2025-08-30 17:45:03,965 | WARNING | ASI/USDT: fetch_ohlcv failed: binance does not have market symbol ASI/USDT
2025-08-30 17:45:10,581 | WARNING | AIOZ/USDT: fetch_ohlcv failed: binance does not have market symbol AIOZ/USDT
2025-08-30 17:45:11,158 | WARNING | BLAST/USDT: fetch_ohlcv failed: binance does not have market symbol BLAST/USDT
2025-08-30 17:45:21,584 | INFO | Cycle 2025-08-30T14:45:21.584559+00:00 | timeframe=1h | lookback=500 | symbols=95 | pairs=3916
2025-08-30 17:46:40,732 | WARNING | RON/USDT: fetch_ohlcv failed: binance does not have market symbol RON/USDT
2025-08-30 17:46:42,163 | WARNING | SATS/USDT: fetch_ohlcv failed: binance does not have market symbol SATS/USDT
2025-08-30 17:46:44,594 | WARNING | ASI/USDT: fetch_ohlcv failed: binance does not have market symbol ASI/USDT
2025-08-30 17:46:50,698 | WARNING | AIOZ/USDT: fetch_ohlcv failed: binance does not have market symbol AIOZ/USDT
2025-08-30 17:46:51,267 | WARNING | BLAST/USDT: fetch_ohlcv failed: binance does not have market symbol BLAST/USDT
2025-08-30 17:47:01,909 | INFO | Cycle 2025-08-30T14:47:01.909374+00:00 | timeframe=1h | lookback=500 | symbols=95 | pairs=3916
2025-08-30 17:48:21,281 | WARNING | RON/USDT: fetch_ohlcv failed: binance does not have market symbol RON/USDT
2025-08-30 17:48:22,715 | WARNING | SATS/USDT: fetch_ohlcv failed: binance does not have market symbol SATS/USDT
2025-08-30 17:48:24,437 | WARNING | ASI/USDT: fetch_ohlcv failed: binance does not have market symbol ASI/USDT
2025-08-30 17:48:29,611 | WARNING | AIOZ/USDT: fetch_ohlcv failed: binance does not have market symbol AIOZ/USDT
2025-08-30 17:48:30,186 | WARNING | BLAST/USDT: fetch_ohlcv failed: binance does not have market symbol BLAST/USDT
2025-08-30 17:48:40,478 | INFO | Cycle 2025-08-30T14:48:40.478353+00:00 | timeframe=1h | lookback=500 | symbols=95 | pairs=3916
2025-08-30 17:49:59,705 | WARNING | RON/USDT: fetch_ohlcv failed: binance does not have market symbol RON/USDT
2025-08-30 17:50:01,489 | WARNING | SATS/USDT: fetch_ohlcv failed: binance does not have market symbol SATS/USDT
2025-08-30 17:50:04,685 | WARNING | ASI/USDT: fetch_ohlcv failed: binance does not have market symbol ASI/USDT
2025-08-30 17:50:09,868 | WARNING | AIOZ/USDT: fetch_ohlcv failed: binance does not have market symbol AIOZ/USDT
2025-08-30 17:50:10,442 | WARNING | BLAST/USDT: fetch_ohlcv failed: binance does not have market symbol BLAST/USDT
2025-08-30 17:50:20,874 | INFO | Cycle 2025-08-30T14:50:20.874941+00:00 | timeframe=1h | lookback=500 | symbols=95 | pairs=3916
2025-08-30 17:51:40,581 | WARNING | RON/USDT: fetch_ohlcv failed: binance does not have market symbol RON/USDT
2025-08-30 17:51:42,012 | WARNING | SATS/USDT: fetch_ohlcv failed: binance does not have market symbol SATS/USDT
2025-08-30 17:51:43,734 | WARNING | ASI/USDT: fetch_ohlcv failed: binance does not have market symbol ASI/USDT
2025-08-30 17:51:49,612 | WARNING | AIOZ/USDT: fetch_ohlcv failed: binance does not have market symbol AIOZ/USDT
2025-08-30 17:51:50,183 | WARNING | BLAST/USDT: fetch_ohlcv failed: binance does not have market symbol BLAST/USDT
2025-08-30 17:52:00,702 | INFO | Cycle 2025-08-30T14:52:00.702325+00:00 | timeframe=1h | lookback=500 | symbols=95 | pairs=3916
2025-08-30 17:53:22,573 | WARNING | RON/USDT: fetch_ohlcv failed: binance does not have market symbol RON/USDT
2025-08-30 17:53:24,744 | WARNING | SATS/USDT: fetch_ohlcv failed: binance does not have market symbol SATS/USDT
2025-08-30 17:53:27,442 | WARNING | ASI/USDT: fetch_ohlcv failed: binance does not have market symbol ASI/USDT
2025-08-30 17:53:33,120 | WARNING | AIOZ/USDT: fetch_ohlcv failed: binance does not have market symbol AIOZ/USDT
2025-08-30 17:53:33,695 | WARNING | BLAST/USDT: fetch_ohlcv failed: binance does not have market symbol BLAST/USDT
2025-08-30 17:53:44,077 | INFO | Cycle 2025-08-30T14:53:44.077920+00:00 | timeframe=1h | lookback=500 | symbols=95 | pairs=3916
2025-08-30 17:55:03,989 | WARNING | RON/USDT: fetch_ohlcv failed: binance does not have market symbol RON/USDT
2025-08-30 17:55:05,683 | WARNING | SATS/USDT: fetch_ohlcv failed: binance does not have market symbol SATS/USDT
2025-08-30 17:55:07,417 | WARNING | ASI/USDT: fetch_ohlcv failed: binance does not have market symbol ASI/USDT
2025-08-30 17:55:12,620 | WARNING | AIOZ/USDT: fetch_ohlcv failed: binance does not have market symbol AIOZ/USDT
2025-08-30 17:55:13,199 | WARNING | BLAST/USDT: fetch_ohlcv failed: binance does not have market symbol BLAST/USDT
2025-08-30 17:55:24,094 | INFO | Cycle 2025-08-30T14:55:24.094534+00:00 | timeframe=1h | lookback=500 | symbols=95 | pairs=3916
2025-08-30 17:56:47,853 | WARNING | RON/USDT: fetch_ohlcv failed: binance does not have market symbol RON/USDT
2025-08-30 17:56:49,298 | WARNING | SATS/USDT: fetch_ohlcv failed: binance does not have market symbol SATS/USDT
2025-08-30 17:56:51,014 | WARNING | ASI/USDT: fetch_ohlcv failed: binance does not have market symbol ASI/USDT
2025-08-30 17:56:56,881 | WARNING | AIOZ/USDT: fetch_ohlcv failed: binance does not have market symbol AIOZ/USDT
2025-08-30 17:56:57,455 | WARNING | BLAST/USDT: fetch_ohlcv failed: binance does not have market symbol BLAST/USDT
2025-08-30 17:57:07,734 | INFO | Cycle 2025-08-30T14:57:07.734392+00:00 | timeframe=1h | lookback=500 | symbols=95 | pairs=3916
2025-08-30 17:58:27,001 | WARNING | RON/USDT: fetch_ohlcv failed: binance does not have market symbol RON/USDT
2025-08-30 17:58:28,453 | WARNING | SATS/USDT: fetch_ohlcv failed: binance does not have market symbol SATS/USDT
2025-08-30 17:58:30,187 | WARNING | ASI/USDT: fetch_ohlcv failed: binance does not have market symbol ASI/USDT
2025-08-30 17:58:36,102 | WARNING | AIOZ/USDT: fetch_ohlcv failed: binance does not have market symbol AIOZ/USDT
2025-08-30 17:58:36,677 | WARNING | BLAST/USDT: fetch_ohlcv failed: binance does not have market symbol BLAST/USDT
2025-08-30 17:58:47,653 | INFO | Cycle 2025-08-30T14:58:47.653550+00:00 | timeframe=1h | lookback=500 | symbols=95 | pairs=3916
2025-08-30 18:00:12,151 | WARNING | RON/USDT: fetch_ohlcv failed: binance does not have market symbol RON/USDT
2025-08-30 18:00:13,578 | WARNING | SATS/USDT: fetch_ohlcv failed: binance does not have market symbol SATS/USDT
2025-08-30 18:00:15,310 | WARNING | ASI/USDT: fetch_ohlcv failed: binance does not have market symbol ASI/USDT
2025-08-30 18:00:20,688 | WARNING | AIOZ/USDT: fetch_ohlcv failed: binance does not have market symbol AIOZ/USDT
2025-08-30 18:00:21,269 | WARNING | BLAST/USDT: fetch_ohlcv failed: binance does not have market symbol BLAST/USDT
2025-08-30 18:00:22,117 | INFO | Shutting down by user request.
2025-08-30 18:00:38,944 | INFO | Starting Correlation Scanner Bot (ENV mode)
2025-08-30 18:00:59,780 | WARNING | RON/USDT: fetch_ohlcv failed: binance does not have market symbol RON/USDT
2025-08-30 18:01:01,934 | WARNING | SATS/USDT: fetch_ohlcv failed: binance does not have market symbol SATS/USDT
2025-08-30 18:01:03,655 | WARNING | ASI/USDT: fetch_ohlcv failed: binance does not have market symbol ASI/USDT
2025-08-30 18:01:10,265 | WARNING | AIOZ/USDT: fetch_ohlcv failed: binance does not have market symbol AIOZ/USDT
2025-08-30 18:01:10,837 | WARNING | BLAST/USDT: fetch_ohlcv failed: binance does not have market symbol BLAST/USDT
2025-08-30 18:01:21,751 | INFO | Cycle 2025-08-30T15:01:21.751301+00:00 | timeframe=1h | lookback=500 | symbols=95 | pairs=3916
2025-08-30 18:01:21,823 | INFO | Scheduled main cycle hourly at :01
2025-08-30 18:01:21,824 | INFO | Telegram report scheduled hourly at :05 (max_rows=30)
2025-08-30 18:19:59,142 | INFO | Shutting down by user request.
2025-08-30 18:20:55,519 | INFO | Starting Correlation Scanner Bot (ENV mode)
2025-08-30 18:21:20,211 | WARNING | RON/USDT: fetch_ohlcv failed: binance does not have market symbol RON/USDT
2025-08-30 18:21:21,647 | WARNING | SATS/USDT: fetch_ohlcv failed: binance does not have market symbol SATS/USDT
2025-08-30 18:21:23,850 | WARNING | ASI/USDT: fetch_ohlcv failed: binance does not have market symbol ASI/USDT
2025-08-30 18:21:29,265 | WARNING | AIOZ/USDT: fetch_ohlcv failed: binance does not have market symbol AIOZ/USDT
2025-08-30 18:21:29,837 | WARNING | BLAST/USDT: fetch_ohlcv failed: binance does not have market symbol BLAST/USDT
2025-08-30 18:21:40,185 | INFO | Cycle 2025-08-30T15:21:40.185984+00:00 | timeframe=1h | lookback=500 | symbols=95 | pairs=3916
2025-08-30 18:21:40,261 | INFO | Scheduled main cycle hourly at :01
2025-08-30 18:21:40,262 | INFO | Telegram report scheduled hourly at :05 (max_rows=30)
2025-08-30 18:50:44,063 | INFO | Shutting down by user request.
2025-08-31 20:52:47,140 | INFO | Starting Correlation Scanner Bot (ENV mode)
2025-08-31 20:52:52,257 | WARNING | MATIC/USDT: fetch_ohlcv failed: binance does not have market symbol MATIC/USDT
2025-08-31 20:52:57,181 | WARNING | RNDR/USDT: fetch_ohlcv failed: binance does not have market symbol RNDR/USDT
2025-08-31 20:53:07,777 | WARNING | RON/USDT: fetch_ohlcv failed: binance does not have market symbol RON/USDT
2025-08-31 20:53:09,231 | WARNING | SATS/USDT: fetch_ohlcv failed: binance does not have market symbol SATS/USDT
2025-08-31 20:53:09,518 | WARNING | BONK/USDT: fetch_ohlcv failed: binance does not have market symbol BONK/USDT
2025-08-31 20:53:09,806 | WARNING | PEPE/USDT: fetch_ohlcv failed: binance does not have market symbol PEPE/USDT
2025-08-31 20:53:09,806 | WARNING | FLOKI/USDT: fetch_ohlcv failed: binance does not have market symbol FLOKI/USDT
2025-08-31 20:53:10,830 | WARNING | ASI/USDT: fetch_ohlcv failed: binance does not have market symbol ASI/USDT
2025-08-31 20:53:11,691 | WARNING | HNT/USDT: fetch_ohlcv failed: binance does not have market symbol HNT/USDT
2025-08-31 20:53:16,180 | WARNING | AIOZ/USDT: fetch_ohlcv failed: binance does not have market symbol AIOZ/USDT
2025-08-31 20:53:16,180 | WARNING | OSMO/USDT: fetch_ohlcv failed: binance does not have market symbol OSMO/USDT
2025-08-31 20:53:16,471 | WARNING | BLAST/USDT: fetch_ohlcv failed: binance does not have market symbol BLAST/USDT
2025-08-31 20:53:18,543 | INFO | Dropped 4 symbols (insufficient data or zero variance): FTM/USDT, KLAY/USDT, RAY/USDT, SC/USDT
2025-08-31 20:53:25,439 | INFO | Cycle 2025-08-31T17:53:25.439398+00:00 | timeframe=1h | lookback=500 | symbols=84 | pairs=3486
2025-08-31 20:53:46,810 | INFO | Scheduled main cycle hourly at :01
2025-08-31 20:53:46,811 | INFO | Telegram report scheduled hourly at :05 (max_rows=30)
2025-08-31 20:59:53,784 | INFO | Shutting down by user request.
2025-08-31 21:00:25,650 | INFO | Starting Correlation Scanner Bot (ENV mode)
2025-08-31 21:00:30,663 | WARNING | MATIC/USDT: fetch_ohlcv failed: binance does not have market symbol MATIC/USDT
2025-08-31 21:00:35,553 | WARNING | RNDR/USDT: fetch_ohlcv failed: binance does not have market symbol RNDR/USDT
2025-08-31 21:00:44,216 | WARNING | RON/USDT: fetch_ohlcv failed: binance does not have market symbol RON/USDT
2025-08-31 21:00:45,656 | WARNING | SATS/USDT: fetch_ohlcv failed: binance does not have market symbol SATS/USDT
2025-08-31 21:00:45,944 | WARNING | BONK/USDT: fetch_ohlcv failed: binance does not have market symbol BONK/USDT
2025-08-31 21:00:46,232 | WARNING | PEPE/USDT: fetch_ohlcv failed: binance does not have market symbol PEPE/USDT
2025-08-31 21:00:46,233 | WARNING | FLOKI/USDT: fetch_ohlcv failed: binance does not have market symbol FLOKI/USDT
2025-08-31 21:00:46,520 | WARNING | ASI/USDT: fetch_ohlcv failed: binance does not have market symbol ASI/USDT
2025-08-31 21:00:47,395 | WARNING | HNT/USDT: fetch_ohlcv failed: binance does not have market symbol HNT/USDT
2025-08-31 21:00:51,381 | WARNING | AIOZ/USDT: fetch_ohlcv failed: binance does not have market symbol AIOZ/USDT
2025-08-31 21:00:51,382 | WARNING | OSMO/USDT: fetch_ohlcv failed: binance does not have market symbol OSMO/USDT
2025-08-31 21:00:51,677 | WARNING | BLAST/USDT: fetch_ohlcv failed: binance does not have market symbol BLAST/USDT
2025-08-31 21:00:53,595 | INFO | Dropped 4 symbols (insufficient data or zero variance): FTM/USDT, KLAY/USDT, RAY/USDT, SC/USDT
2025-08-31 21:01:01,474 | INFO | Cycle 2025-08-31T18:01:01.474054+00:00 | timeframe=1h | lookback=500 | symbols=84 | pairs=3486
2025-08-31 21:01:22,801 | INFO | Scheduled main cycle hourly at :01
2025-08-31 21:01:22,801 | INFO | Telegram report scheduled hourly at :05 (max_rows=30)
2025-08-31 21:13:28,633 | INFO | Shutting down by user request.
2025-08-31 21:14:01,578 | INFO | Starting Correlation Scanner Bot (ENV mode)
2025-08-31 21:14:06,765 | WARNING | MATIC/USDT: fetch_ohlcv failed: binance does not have market symbol MATIC/USDT
2025-08-31 21:14:12,595 | WARNING | RNDR/USDT: fetch_ohlcv failed: binance does not have market symbol RNDR/USDT
2025-08-31 21:14:24,372 | WARNING | RON/USDT: fetch_ohlcv failed: binance does not have market symbol RON/USDT
2025-08-31 21:14:26,042 | WARNING | SATS/USDT: fetch_ohlcv failed: binance does not have market symbol SATS/USDT
2025-08-31 21:14:26,337 | WARNING | BONK/USDT: fetch_ohlcv failed: binance does not have market symbol BONK/USDT
2025-08-31 21:14:26,624 | WARNING | PEPE/USDT: fetch_ohlcv failed: binance does not have market symbol PEPE/USDT
2025-08-31 21:14:26,625 | WARNING | FLOKI/USDT: fetch_ohlcv failed: binance does not have market symbol FLOKI/USDT
2025-08-31 21:14:26,913 | WARNING | ASI/USDT: fetch_ohlcv failed: binance does not have market symbol ASI/USDT
2025-08-31 21:14:28,012 | WARNING | HNT/USDT: fetch_ohlcv failed: binance does not have market symbol HNT/USDT
2025-08-31 21:14:32,727 | WARNING | AIOZ/USDT: fetch_ohlcv failed: binance does not have market symbol AIOZ/USDT
2025-08-31 21:14:32,727 | WARNING | OSMO/USDT: fetch_ohlcv failed: binance does not have market symbol OSMO/USDT
2025-08-31 21:14:33,012 | WARNING | BLAST/USDT: fetch_ohlcv failed: binance does not have market symbol BLAST/USDT
2025-08-31 21:14:35,050 | INFO | Dropped 4 symbols (insufficient data or zero variance): FTM/USDT, KLAY/USDT, RAY/USDT, SC/USDT
2025-08-31 21:14:42,885 | INFO | Cycle 2025-08-31T18:14:42.885312+00:00 | timeframe=1h | lookback=500 | symbols=84 | pairs=3486
2025-08-31 21:15:04,972 | INFO | Scheduled main cycle hourly at :01
2025-08-31 21:15:04,972 | INFO | Telegram report scheduled hourly at :05 (max_rows=30)
2025-08-31 21:32:09,458 | INFO | Shutting down by user request.
2025-08-31 21:32:13,896 | INFO | Starting Correlation Scanner Bot (ENV mode)
2025-08-31 21:32:19,031 | WARNING | MATIC/USDT: fetch_ohlcv failed: binance does not have market symbol MATIC/USDT
2025-08-31 21:32:24,162 | WARNING | RNDR/USDT: fetch_ohlcv failed: binance does not have market symbol RNDR/USDT
2025-08-31 21:32:32,786 | WARNING | RON/USDT: fetch_ohlcv failed: binance does not have market symbol RON/USDT
2025-08-31 21:32:34,225 | WARNING | SATS/USDT: fetch_ohlcv failed: binance does not have market symbol SATS/USDT
2025-08-31 21:32:34,514 | WARNING | BONK/USDT: fetch_ohlcv failed: binance does not have market symbol BONK/USDT
2025-08-31 21:32:34,804 | WARNING | PEPE/USDT: fetch_ohlcv failed: binance does not have market symbol PEPE/USDT
2025-08-31 21:32:34,804 | WARNING | FLOKI/USDT: fetch_ohlcv failed: binance does not have market symbol FLOKI/USDT
2025-08-31 21:32:35,093 | WARNING | ASI/USDT: fetch_ohlcv failed: binance does not have market symbol ASI/USDT
2025-08-31 21:32:35,951 | WARNING | HNT/USDT: fetch_ohlcv failed: binance does not have market symbol HNT/USDT
2025-08-31 21:32:39,947 | WARNING | AIOZ/USDT: fetch_ohlcv failed: binance does not have market symbol AIOZ/USDT
2025-08-31 21:32:39,948 | WARNING | OSMO/USDT: fetch_ohlcv failed: binance does not have market symbol OSMO/USDT
2025-08-31 21:32:40,236 | WARNING | BLAST/USDT: fetch_ohlcv failed: binance does not have market symbol BLAST/USDT
2025-08-31 21:32:42,054 | INFO | Dropped 4 symbols (insufficient data or zero variance): FTM/USDT, KLAY/USDT, RAY/USDT, SC/USDT
2025-08-31 21:32:50,157 | INFO | Cycle 2025-08-31T18:32:50.157087+00:00 | timeframe=1h | lookback=500 | symbols=84 | pairs=3486
2025-08-31 21:33:11,450 | INFO | Scheduled main cycle hourly at :01
2025-08-31 21:33:11,451 | INFO | Telegram report scheduled hourly at :05 (max_rows=30)
2025-08-31 21:33:21,982 | INFO | Shutting down by user request.
2025-08-31 21:33:39,262 | INFO | Starting Correlation Scanner Bot (ENV mode)
2025-08-31 21:33:44,609 | WARNING | MATIC/USDT: fetch_ohlcv failed: binance does not have market symbol MATIC/USDT
2025-08-31 21:33:49,487 | WARNING | RNDR/USDT: fetch_ohlcv failed: binance does not have market symbol RNDR/USDT
2025-08-31 21:33:58,071 | WARNING | RON/USDT: fetch_ohlcv failed: binance does not have market symbol RON/USDT
2025-08-31 21:33:59,508 | WARNING | SATS/USDT: fetch_ohlcv failed: binance does not have market symbol SATS/USDT
2025-08-31 21:33:59,792 | WARNING | BONK/USDT: fetch_ohlcv failed: binance does not have market symbol BONK/USDT
2025-08-31 21:34:00,080 | WARNING | PEPE/USDT: fetch_ohlcv failed: binance does not have market symbol PEPE/USDT
2025-08-31 21:34:00,081 | WARNING | FLOKI/USDT: fetch_ohlcv failed: binance does not have market symbol FLOKI/USDT
2025-08-31 21:34:00,375 | WARNING | ASI/USDT: fetch_ohlcv failed: binance does not have market symbol ASI/USDT
2025-08-31 21:34:01,229 | WARNING | HNT/USDT: fetch_ohlcv failed: binance does not have market symbol HNT/USDT
2025-08-31 21:34:05,932 | WARNING | AIOZ/USDT: fetch_ohlcv failed: binance does not have market symbol AIOZ/USDT
2025-08-31 21:34:05,932 | WARNING | OSMO/USDT: fetch_ohlcv failed: binance does not have market symbol OSMO/USDT
2025-08-31 21:34:06,221 | WARNING | BLAST/USDT: fetch_ohlcv failed: binance does not have market symbol BLAST/USDT
2025-08-31 21:34:08,755 | INFO | Dropped 4 symbols (insufficient data or zero variance): FTM/USDT, KLAY/USDT, RAY/USDT, SC/USDT
2025-08-31 21:34:16,707 | INFO | Cycle 2025-08-31T18:34:16.707799+00:00 | timeframe=1h | lookback=500 | symbols=84 | pairs=3486
2025-08-31 21:34:40,177 | INFO | Scheduled main cycle hourly at :01
2025-08-31 21:34:40,178 | INFO | Telegram report scheduled hourly at :05 (max_rows=100)
2025-08-31 21:39:49,056 | INFO | Shutting down by user request.
2025-08-31 21:39:52,780 | INFO | Starting Correlation Scanner Bot (ENV mode)
2025-08-31 21:39:58,225 | WARNING | MATIC/USDT: fetch_ohlcv failed: binance does not have market symbol MATIC/USDT
2025-08-31 21:40:03,161 | WARNING | RNDR/USDT: fetch_ohlcv failed: binance does not have market symbol RNDR/USDT
2025-08-31 21:40:12,666 | WARNING | RON/USDT: fetch_ohlcv failed: binance does not have market symbol RON/USDT
2025-08-31 21:40:14,463 | WARNING | SATS/USDT: fetch_ohlcv failed: binance does not have market symbol SATS/USDT
2025-08-31 21:40:14,751 | WARNING | BONK/USDT: fetch_ohlcv failed: binance does not have market symbol BONK/USDT
2025-08-31 21:40:15,037 | WARNING | PEPE/USDT: fetch_ohlcv failed: binance does not have market symbol PEPE/USDT
2025-08-31 21:40:15,038 | WARNING | FLOKI/USDT: fetch_ohlcv failed: binance does not have market symbol FLOKI/USDT
2025-08-31 21:40:15,327 | WARNING | ASI/USDT: fetch_ohlcv failed: binance does not have market symbol ASI/USDT
2025-08-31 21:40:16,187 | WARNING | HNT/USDT: fetch_ohlcv failed: binance does not have market symbol HNT/USDT
2025-08-31 21:40:20,231 | WARNING | AIOZ/USDT: fetch_ohlcv failed: binance does not have market symbol AIOZ/USDT
2025-08-31 21:40:20,232 | WARNING | OSMO/USDT: fetch_ohlcv failed: binance does not have market symbol OSMO/USDT
2025-08-31 21:40:20,535 | WARNING | BLAST/USDT: fetch_ohlcv failed: binance does not have market symbol BLAST/USDT
2025-08-31 21:40:22,395 | INFO | Dropped 4 symbols (insufficient data or zero variance): FTM/USDT, KLAY/USDT, RAY/USDT, SC/USDT
2025-08-31 21:40:30,693 | INFO | Cycle 2025-08-31T18:40:30.693876+00:00 | timeframe=1h | lookback=500 | symbols=84 | pairs=3486
2025-08-31 21:40:51,960 | INFO | Scheduled main cycle hourly at :01
2025-08-31 21:40:51,961 | INFO | Telegram report scheduled hourly at :05 (max_rows=100)
2025-08-31 22:01:06,783 | WARNING | MATIC/USDT: fetch_ohlcv failed: binance does not have market symbol MATIC/USDT
2025-08-31 22:01:11,465 | WARNING | RNDR/USDT: fetch_ohlcv failed: binance does not have market symbol RNDR/USDT
2025-08-31 22:01:19,721 | WARNING | RON/USDT: fetch_ohlcv failed: binance does not have market symbol RON/USDT
2025-08-31 22:01:21,097 | WARNING | SATS/USDT: fetch_ohlcv failed: binance does not have market symbol SATS/USDT
2025-08-31 22:01:21,375 | WARNING | BONK/USDT: fetch_ohlcv failed: binance does not have market symbol BONK/USDT
2025-08-31 22:01:21,655 | WARNING | PEPE/USDT: fetch_ohlcv failed: binance does not have market symbol PEPE/USDT
2025-08-31 22:01:21,658 | WARNING | FLOKI/USDT: fetch_ohlcv failed: binance does not have market symbol FLOKI/USDT
2025-08-31 22:01:21,935 | WARNING | ASI/USDT: fetch_ohlcv failed: binance does not have market symbol ASI/USDT
2025-08-31 22:01:22,758 | WARNING | HNT/USDT: fetch_ohlcv failed: binance does not have market symbol HNT/USDT
2025-08-31 22:01:26,588 | WARNING | AIOZ/USDT: fetch_ohlcv failed: binance does not have market symbol AIOZ/USDT
2025-08-31 22:01:26,588 | WARNING | OSMO/USDT: fetch_ohlcv failed: binance does not have market symbol OSMO/USDT
2025-08-31 22:01:26,862 | WARNING | BLAST/USDT: fetch_ohlcv failed: binance does not have market symbol BLAST/USDT
2025-08-31 22:01:28,629 | INFO | Dropped 4 symbols (insufficient data or zero variance): FTM/USDT, KLAY/USDT, RAY/USDT, SC/USDT
2025-08-31 22:01:36,626 | INFO | Cycle 2025-08-31T19:01:36.625368+00:00 | timeframe=1h | lookback=500 | symbols=84 | pairs=3486
2025-08-31 22:03:59,322 | INFO | Shutting down by user request.
